{"op_code":0,"worker_id":"afa48734-d204-4f1f-8db4-92b30327deaa-21304","study_name":"expected_goals","directions":[1]}
{"op_code":4,"worker_id":"afa48734-d204-4f1f-8db4-92b30327deaa-21304","study_id":0,"datetime_start":"2026-01-30T16:39:57.898814"}
{"op_code":5,"worker_id":"afa48734-d204-4f1f-8db4-92b30327deaa-21304","trial_id":0,"param_name":"num_heads","param_value_internal":0,"distribution":"{\"name\": \"CategoricalDistribution\", \"attributes\": {\"choices\": [2]}}"}
{"op_code":5,"worker_id":"afa48734-d204-4f1f-8db4-92b30327deaa-21304","trial_id":0,"param_name":"ff_dim","param_value_internal":26.0,"distribution":"{\"name\": \"IntDistribution\", \"attributes\": {\"log\": false, \"step\": 1, \"low\": 18, \"high\": 28}}"}
{"op_code":5,"worker_id":"afa48734-d204-4f1f-8db4-92b30327deaa-21304","trial_id":0,"param_name":"key_dim","param_value_internal":20.0,"distribution":"{\"name\": \"IntDistribution\", \"attributes\": {\"log\": false, \"step\": 1, \"low\": 8, \"high\": 32}}"}
{"op_code":5,"worker_id":"afa48734-d204-4f1f-8db4-92b30327deaa-21304","trial_id":0,"param_name":"dropout1","param_value_internal":0.08977350019724067,"distribution":"{\"name\": \"FloatDistribution\", \"attributes\": {\"step\": null, \"low\": 0.05, \"high\": 0.15, \"log\": false}}"}
{"op_code":5,"worker_id":"afa48734-d204-4f1f-8db4-92b30327deaa-21304","trial_id":0,"param_name":"dense_units","param_value_internal":33.0,"distribution":"{\"name\": \"IntDistribution\", \"attributes\": {\"log\": false, \"step\": 1, \"low\": 22, \"high\": 34}}"}
{"op_code":5,"worker_id":"afa48734-d204-4f1f-8db4-92b30327deaa-21304","trial_id":0,"param_name":"activation","param_value_internal":0,"distribution":"{\"name\": \"CategoricalDistribution\", \"attributes\": {\"choices\": [\"tanh\"]}}"}
{"op_code":5,"worker_id":"afa48734-d204-4f1f-8db4-92b30327deaa-21304","trial_id":0,"param_name":"ff_activation","param_value_internal":0,"distribution":"{\"name\": \"CategoricalDistribution\", \"attributes\": {\"choices\": [\"relu\", \"gelu\", \"tanh\"]}}"}
{"op_code":5,"worker_id":"afa48734-d204-4f1f-8db4-92b30327deaa-21304","trial_id":0,"param_name":"pooling","param_value_internal":0,"distribution":"{\"name\": \"CategoricalDistribution\", \"attributes\": {\"choices\": [\"avg\", \"max\"]}}"}
{"op_code":5,"worker_id":"afa48734-d204-4f1f-8db4-92b30327deaa-21304","trial_id":0,"param_name":"xg_weight","param_value_internal":0.17042722955441567,"distribution":"{\"name\": \"FloatDistribution\", \"attributes\": {\"step\": null, \"low\": 0.1, \"high\": 0.6, \"log\": false}}"}
{"op_code":5,"worker_id":"afa48734-d204-4f1f-8db4-92b30327deaa-21304","trial_id":0,"param_name":"xg_activation","param_value_internal":0,"distribution":"{\"name\": \"CategoricalDistribution\", \"attributes\": {\"choices\": [\"sigmoid\", \"linear\"]}}"}
{"op_code":5,"worker_id":"afa48734-d204-4f1f-8db4-92b30327deaa-21304","trial_id":0,"param_name":"use_second_block","param_value_internal":0,"distribution":"{\"name\": \"CategoricalDistribution\", \"attributes\": {\"choices\": [true, false]}}"}
{"op_code":5,"worker_id":"afa48734-d204-4f1f-8db4-92b30327deaa-21304","trial_id":0,"param_name":"pos_dim","param_value_internal":64.0,"distribution":"{\"name\": \"IntDistribution\", \"attributes\": {\"log\": false, \"step\": 1, \"low\": 8, \"high\": 64}}"}
{"op_code":5,"worker_id":"afa48734-d204-4f1f-8db4-92b30327deaa-21304","trial_id":0,"param_name":"optimizer","param_value_internal":0,"distribution":"{\"name\": \"CategoricalDistribution\", \"attributes\": {\"choices\": [\"adam\"]}}"}
{"op_code":5,"worker_id":"afa48734-d204-4f1f-8db4-92b30327deaa-21304","trial_id":0,"param_name":"learning_rate","param_value_internal":0.00019881264914043848,"distribution":"{\"name\": \"FloatDistribution\", \"attributes\": {\"step\": null, \"low\": 0.00015, \"high\": 0.00035, \"log\": false}}"}
{"op_code":5,"worker_id":"afa48734-d204-4f1f-8db4-92b30327deaa-21304","trial_id":0,"param_name":"batch_size","param_value_internal":0,"distribution":"{\"name\": \"CategoricalDistribution\", \"attributes\": {\"choices\": [256, 512]}}"}
{"op_code":5,"worker_id":"afa48734-d204-4f1f-8db4-92b30327deaa-21304","trial_id":0,"param_name":"epochs","param_value_internal":13.0,"distribution":"{\"name\": \"IntDistribution\", \"attributes\": {\"log\": false, \"step\": 1, \"low\": 8, \"high\": 14}}"}
{"op_code":0,"worker_id":"1c97b38b-0c10-4b06-8646-6a30ca16267c-18220","study_name":"expected_goals","directions":[1]}
{"op_code":4,"worker_id":"1c97b38b-0c10-4b06-8646-6a30ca16267c-18220","study_id":0,"datetime_start":"2026-01-30T16:40:01.787514"}
{"op_code":5,"worker_id":"1c97b38b-0c10-4b06-8646-6a30ca16267c-18220","trial_id":1,"param_name":"num_heads","param_value_internal":0,"distribution":"{\"name\": \"CategoricalDistribution\", \"attributes\": {\"choices\": [2]}}"}
{"op_code":5,"worker_id":"1c97b38b-0c10-4b06-8646-6a30ca16267c-18220","trial_id":1,"param_name":"ff_dim","param_value_internal":19.0,"distribution":"{\"name\": \"IntDistribution\", \"attributes\": {\"log\": false, \"step\": 1, \"low\": 18, \"high\": 28}}"}
{"op_code":5,"worker_id":"1c97b38b-0c10-4b06-8646-6a30ca16267c-18220","trial_id":1,"param_name":"key_dim","param_value_internal":20.0,"distribution":"{\"name\": \"IntDistribution\", \"attributes\": {\"log\": false, \"step\": 1, \"low\": 8, \"high\": 32}}"}
{"op_code":5,"worker_id":"1c97b38b-0c10-4b06-8646-6a30ca16267c-18220","trial_id":1,"param_name":"dropout1","param_value_internal":0.14436141811696146,"distribution":"{\"name\": \"FloatDistribution\", \"attributes\": {\"step\": null, \"low\": 0.05, \"high\": 0.15, \"log\": false}}"}
{"op_code":5,"worker_id":"1c97b38b-0c10-4b06-8646-6a30ca16267c-18220","trial_id":1,"param_name":"dense_units","param_value_internal":25.0,"distribution":"{\"name\": \"IntDistribution\", \"attributes\": {\"log\": false, \"step\": 1, \"low\": 22, \"high\": 34}}"}
{"op_code":5,"worker_id":"1c97b38b-0c10-4b06-8646-6a30ca16267c-18220","trial_id":1,"param_name":"activation","param_value_internal":0,"distribution":"{\"name\": \"CategoricalDistribution\", \"attributes\": {\"choices\": [\"tanh\"]}}"}
{"op_code":5,"worker_id":"1c97b38b-0c10-4b06-8646-6a30ca16267c-18220","trial_id":1,"param_name":"ff_activation","param_value_internal":0,"distribution":"{\"name\": \"CategoricalDistribution\", \"attributes\": {\"choices\": [\"relu\", \"gelu\", \"tanh\"]}}"}
{"op_code":5,"worker_id":"1c97b38b-0c10-4b06-8646-6a30ca16267c-18220","trial_id":1,"param_name":"pooling","param_value_internal":0,"distribution":"{\"name\": \"CategoricalDistribution\", \"attributes\": {\"choices\": [\"avg\", \"max\"]}}"}
{"op_code":5,"worker_id":"1c97b38b-0c10-4b06-8646-6a30ca16267c-18220","trial_id":1,"param_name":"xg_weight","param_value_internal":0.12506111669820527,"distribution":"{\"name\": \"FloatDistribution\", \"attributes\": {\"step\": null, \"low\": 0.1, \"high\": 0.6, \"log\": false}}"}
{"op_code":5,"worker_id":"1c97b38b-0c10-4b06-8646-6a30ca16267c-18220","trial_id":1,"param_name":"xg_activation","param_value_internal":0,"distribution":"{\"name\": \"CategoricalDistribution\", \"attributes\": {\"choices\": [\"sigmoid\", \"linear\"]}}"}
{"op_code":5,"worker_id":"1c97b38b-0c10-4b06-8646-6a30ca16267c-18220","trial_id":1,"param_name":"use_second_block","param_value_internal":0,"distribution":"{\"name\": \"CategoricalDistribution\", \"attributes\": {\"choices\": [true, false]}}"}
{"op_code":5,"worker_id":"1c97b38b-0c10-4b06-8646-6a30ca16267c-18220","trial_id":1,"param_name":"pos_dim","param_value_internal":29.0,"distribution":"{\"name\": \"IntDistribution\", \"attributes\": {\"log\": false, \"step\": 1, \"low\": 8, \"high\": 64}}"}
{"op_code":5,"worker_id":"1c97b38b-0c10-4b06-8646-6a30ca16267c-18220","trial_id":1,"param_name":"optimizer","param_value_internal":0,"distribution":"{\"name\": \"CategoricalDistribution\", \"attributes\": {\"choices\": [\"adam\"]}}"}
{"op_code":5,"worker_id":"1c97b38b-0c10-4b06-8646-6a30ca16267c-18220","trial_id":1,"param_name":"learning_rate","param_value_internal":0.0002965676956714367,"distribution":"{\"name\": \"FloatDistribution\", \"attributes\": {\"step\": null, \"low\": 0.00015, \"high\": 0.00035, \"log\": false}}"}
{"op_code":5,"worker_id":"1c97b38b-0c10-4b06-8646-6a30ca16267c-18220","trial_id":1,"param_name":"batch_size","param_value_internal":1,"distribution":"{\"name\": \"CategoricalDistribution\", \"attributes\": {\"choices\": [256, 512]}}"}
{"op_code":5,"worker_id":"1c97b38b-0c10-4b06-8646-6a30ca16267c-18220","trial_id":1,"param_name":"epochs","param_value_internal":14.0,"distribution":"{\"name\": \"IntDistribution\", \"attributes\": {\"log\": false, \"step\": 1, \"low\": 8, \"high\": 14}}"}
{"op_code":0,"worker_id":"aca83fa7-467c-42ab-93f2-7c9bf56cba05-13364","study_name":"expected_goals","directions":[1]}
{"op_code":4,"worker_id":"aca83fa7-467c-42ab-93f2-7c9bf56cba05-13364","study_id":0,"datetime_start":"2026-01-30T16:40:05.826475"}
{"op_code":5,"worker_id":"aca83fa7-467c-42ab-93f2-7c9bf56cba05-13364","trial_id":2,"param_name":"num_heads","param_value_internal":0,"distribution":"{\"name\": \"CategoricalDistribution\", \"attributes\": {\"choices\": [2]}}"}
{"op_code":5,"worker_id":"aca83fa7-467c-42ab-93f2-7c9bf56cba05-13364","trial_id":2,"param_name":"ff_dim","param_value_internal":22.0,"distribution":"{\"name\": \"IntDistribution\", \"attributes\": {\"log\": false, \"step\": 1, \"low\": 18, \"high\": 28}}"}
{"op_code":5,"worker_id":"aca83fa7-467c-42ab-93f2-7c9bf56cba05-13364","trial_id":2,"param_name":"key_dim","param_value_internal":19.0,"distribution":"{\"name\": \"IntDistribution\", \"attributes\": {\"log\": false, \"step\": 1, \"low\": 8, \"high\": 32}}"}
{"op_code":5,"worker_id":"aca83fa7-467c-42ab-93f2-7c9bf56cba05-13364","trial_id":2,"param_name":"dropout1","param_value_internal":0.10548673129942564,"distribution":"{\"name\": \"FloatDistribution\", \"attributes\": {\"step\": null, \"low\": 0.05, \"high\": 0.15, \"log\": false}}"}
{"op_code":5,"worker_id":"aca83fa7-467c-42ab-93f2-7c9bf56cba05-13364","trial_id":2,"param_name":"dense_units","param_value_internal":32.0,"distribution":"{\"name\": \"IntDistribution\", \"attributes\": {\"log\": false, \"step\": 1, \"low\": 22, \"high\": 34}}"}
{"op_code":5,"worker_id":"aca83fa7-467c-42ab-93f2-7c9bf56cba05-13364","trial_id":2,"param_name":"activation","param_value_internal":0,"distribution":"{\"name\": \"CategoricalDistribution\", \"attributes\": {\"choices\": [\"tanh\"]}}"}
{"op_code":5,"worker_id":"aca83fa7-467c-42ab-93f2-7c9bf56cba05-13364","trial_id":2,"param_name":"ff_activation","param_value_internal":1,"distribution":"{\"name\": \"CategoricalDistribution\", \"attributes\": {\"choices\": [\"relu\", \"gelu\", \"tanh\"]}}"}
{"op_code":5,"worker_id":"aca83fa7-467c-42ab-93f2-7c9bf56cba05-13364","trial_id":2,"param_name":"pooling","param_value_internal":0,"distribution":"{\"name\": \"CategoricalDistribution\", \"attributes\": {\"choices\": [\"avg\", \"max\"]}}"}
{"op_code":5,"worker_id":"aca83fa7-467c-42ab-93f2-7c9bf56cba05-13364","trial_id":2,"param_name":"xg_weight","param_value_internal":0.2210885047058889,"distribution":"{\"name\": \"FloatDistribution\", \"attributes\": {\"step\": null, \"low\": 0.1, \"high\": 0.6, \"log\": false}}"}
{"op_code":5,"worker_id":"aca83fa7-467c-42ab-93f2-7c9bf56cba05-13364","trial_id":2,"param_name":"xg_activation","param_value_internal":0,"distribution":"{\"name\": \"CategoricalDistribution\", \"attributes\": {\"choices\": [\"sigmoid\", \"linear\"]}}"}
{"op_code":5,"worker_id":"aca83fa7-467c-42ab-93f2-7c9bf56cba05-13364","trial_id":2,"param_name":"use_second_block","param_value_internal":1,"distribution":"{\"name\": \"CategoricalDistribution\", \"attributes\": {\"choices\": [true, false]}}"}
{"op_code":5,"worker_id":"aca83fa7-467c-42ab-93f2-7c9bf56cba05-13364","trial_id":2,"param_name":"pos_dim","param_value_internal":24.0,"distribution":"{\"name\": \"IntDistribution\", \"attributes\": {\"log\": false, \"step\": 1, \"low\": 8, \"high\": 64}}"}
{"op_code":5,"worker_id":"aca83fa7-467c-42ab-93f2-7c9bf56cba05-13364","trial_id":2,"param_name":"optimizer","param_value_internal":0,"distribution":"{\"name\": \"CategoricalDistribution\", \"attributes\": {\"choices\": [\"adam\"]}}"}
{"op_code":5,"worker_id":"aca83fa7-467c-42ab-93f2-7c9bf56cba05-13364","trial_id":2,"param_name":"learning_rate","param_value_internal":0.0003429476749214043,"distribution":"{\"name\": \"FloatDistribution\", \"attributes\": {\"step\": null, \"low\": 0.00015, \"high\": 0.00035, \"log\": false}}"}
{"op_code":5,"worker_id":"aca83fa7-467c-42ab-93f2-7c9bf56cba05-13364","trial_id":2,"param_name":"batch_size","param_value_internal":1,"distribution":"{\"name\": \"CategoricalDistribution\", \"attributes\": {\"choices\": [256, 512]}}"}
{"op_code":5,"worker_id":"aca83fa7-467c-42ab-93f2-7c9bf56cba05-13364","trial_id":2,"param_name":"epochs","param_value_internal":8.0,"distribution":"{\"name\": \"IntDistribution\", \"attributes\": {\"log\": false, \"step\": 1, \"low\": 8, \"high\": 14}}"}
{"op_code":0,"worker_id":"9e1f8d46-8d14-4458-8252-ade9c62ed2fb-23284","study_name":"expected_goals","directions":[1]}
{"op_code":4,"worker_id":"9e1f8d46-8d14-4458-8252-ade9c62ed2fb-23284","study_id":0,"datetime_start":"2026-01-30T16:40:09.474835"}
{"op_code":5,"worker_id":"9e1f8d46-8d14-4458-8252-ade9c62ed2fb-23284","trial_id":3,"param_name":"num_heads","param_value_internal":0,"distribution":"{\"name\": \"CategoricalDistribution\", \"attributes\": {\"choices\": [2]}}"}
{"op_code":5,"worker_id":"9e1f8d46-8d14-4458-8252-ade9c62ed2fb-23284","trial_id":3,"param_name":"ff_dim","param_value_internal":22.0,"distribution":"{\"name\": \"IntDistribution\", \"attributes\": {\"log\": false, \"step\": 1, \"low\": 18, \"high\": 28}}"}
{"op_code":5,"worker_id":"9e1f8d46-8d14-4458-8252-ade9c62ed2fb-23284","trial_id":3,"param_name":"key_dim","param_value_internal":8.0,"distribution":"{\"name\": \"IntDistribution\", \"attributes\": {\"log\": false, \"step\": 1, \"low\": 8, \"high\": 32}}"}
{"op_code":5,"worker_id":"9e1f8d46-8d14-4458-8252-ade9c62ed2fb-23284","trial_id":3,"param_name":"dropout1","param_value_internal":0.07235349796740292,"distribution":"{\"name\": \"FloatDistribution\", \"attributes\": {\"step\": null, \"low\": 0.05, \"high\": 0.15, \"log\": false}}"}
{"op_code":5,"worker_id":"9e1f8d46-8d14-4458-8252-ade9c62ed2fb-23284","trial_id":3,"param_name":"dense_units","param_value_internal":30.0,"distribution":"{\"name\": \"IntDistribution\", \"attributes\": {\"log\": false, \"step\": 1, \"low\": 22, \"high\": 34}}"}
{"op_code":5,"worker_id":"9e1f8d46-8d14-4458-8252-ade9c62ed2fb-23284","trial_id":3,"param_name":"activation","param_value_internal":0,"distribution":"{\"name\": \"CategoricalDistribution\", \"attributes\": {\"choices\": [\"tanh\"]}}"}
{"op_code":5,"worker_id":"9e1f8d46-8d14-4458-8252-ade9c62ed2fb-23284","trial_id":3,"param_name":"ff_activation","param_value_internal":0,"distribution":"{\"name\": \"CategoricalDistribution\", \"attributes\": {\"choices\": [\"relu\", \"gelu\", \"tanh\"]}}"}
{"op_code":5,"worker_id":"9e1f8d46-8d14-4458-8252-ade9c62ed2fb-23284","trial_id":3,"param_name":"pooling","param_value_internal":0,"distribution":"{\"name\": \"CategoricalDistribution\", \"attributes\": {\"choices\": [\"avg\", \"max\"]}}"}
{"op_code":5,"worker_id":"9e1f8d46-8d14-4458-8252-ade9c62ed2fb-23284","trial_id":3,"param_name":"xg_weight","param_value_internal":0.14320118166513282,"distribution":"{\"name\": \"FloatDistribution\", \"attributes\": {\"step\": null, \"low\": 0.1, \"high\": 0.6, \"log\": false}}"}
{"op_code":5,"worker_id":"9e1f8d46-8d14-4458-8252-ade9c62ed2fb-23284","trial_id":3,"param_name":"xg_activation","param_value_internal":1,"distribution":"{\"name\": \"CategoricalDistribution\", \"attributes\": {\"choices\": [\"sigmoid\", \"linear\"]}}"}
{"op_code":5,"worker_id":"9e1f8d46-8d14-4458-8252-ade9c62ed2fb-23284","trial_id":3,"param_name":"use_second_block","param_value_internal":0,"distribution":"{\"name\": \"CategoricalDistribution\", \"attributes\": {\"choices\": [true, false]}}"}
{"op_code":5,"worker_id":"9e1f8d46-8d14-4458-8252-ade9c62ed2fb-23284","trial_id":3,"param_name":"pos_dim","param_value_internal":12.0,"distribution":"{\"name\": \"IntDistribution\", \"attributes\": {\"log\": false, \"step\": 1, \"low\": 8, \"high\": 64}}"}
{"op_code":5,"worker_id":"9e1f8d46-8d14-4458-8252-ade9c62ed2fb-23284","trial_id":3,"param_name":"optimizer","param_value_internal":0,"distribution":"{\"name\": \"CategoricalDistribution\", \"attributes\": {\"choices\": [\"adam\"]}}"}
{"op_code":5,"worker_id":"9e1f8d46-8d14-4458-8252-ade9c62ed2fb-23284","trial_id":3,"param_name":"learning_rate","param_value_internal":0.00015854395094120095,"distribution":"{\"name\": \"FloatDistribution\", \"attributes\": {\"step\": null, \"low\": 0.00015, \"high\": 0.00035, \"log\": false}}"}
{"op_code":5,"worker_id":"9e1f8d46-8d14-4458-8252-ade9c62ed2fb-23284","trial_id":3,"param_name":"batch_size","param_value_internal":0,"distribution":"{\"name\": \"CategoricalDistribution\", \"attributes\": {\"choices\": [256, 512]}}"}
{"op_code":5,"worker_id":"9e1f8d46-8d14-4458-8252-ade9c62ed2fb-23284","trial_id":3,"param_name":"epochs","param_value_internal":12.0,"distribution":"{\"name\": \"IntDistribution\", \"attributes\": {\"log\": false, \"step\": 1, \"low\": 8, \"high\": 14}}"}
{"op_code":0,"worker_id":"35ae8f71-d9ee-46cb-a549-81ed8d06e6c2-23804","study_name":"expected_goals","directions":[1]}
{"op_code":4,"worker_id":"35ae8f71-d9ee-46cb-a549-81ed8d06e6c2-23804","study_id":0,"datetime_start":"2026-01-30T16:40:16.215897"}
{"op_code":5,"worker_id":"35ae8f71-d9ee-46cb-a549-81ed8d06e6c2-23804","trial_id":4,"param_name":"num_heads","param_value_internal":0,"distribution":"{\"name\": \"CategoricalDistribution\", \"attributes\": {\"choices\": [2]}}"}
{"op_code":5,"worker_id":"35ae8f71-d9ee-46cb-a549-81ed8d06e6c2-23804","trial_id":4,"param_name":"ff_dim","param_value_internal":18.0,"distribution":"{\"name\": \"IntDistribution\", \"attributes\": {\"log\": false, \"step\": 1, \"low\": 18, \"high\": 28}}"}
{"op_code":5,"worker_id":"35ae8f71-d9ee-46cb-a549-81ed8d06e6c2-23804","trial_id":4,"param_name":"key_dim","param_value_internal":23.0,"distribution":"{\"name\": \"IntDistribution\", \"attributes\": {\"log\": false, \"step\": 1, \"low\": 8, \"high\": 32}}"}
{"op_code":5,"worker_id":"35ae8f71-d9ee-46cb-a549-81ed8d06e6c2-23804","trial_id":4,"param_name":"dropout1","param_value_internal":0.11118141704790013,"distribution":"{\"name\": \"FloatDistribution\", \"attributes\": {\"step\": null, \"low\": 0.05, \"high\": 0.15, \"log\": false}}"}
{"op_code":5,"worker_id":"35ae8f71-d9ee-46cb-a549-81ed8d06e6c2-23804","trial_id":4,"param_name":"dense_units","param_value_internal":34.0,"distribution":"{\"name\": \"IntDistribution\", \"attributes\": {\"log\": false, \"step\": 1, \"low\": 22, \"high\": 34}}"}
{"op_code":5,"worker_id":"35ae8f71-d9ee-46cb-a549-81ed8d06e6c2-23804","trial_id":4,"param_name":"activation","param_value_internal":0,"distribution":"{\"name\": \"CategoricalDistribution\", \"attributes\": {\"choices\": [\"tanh\"]}}"}
{"op_code":5,"worker_id":"35ae8f71-d9ee-46cb-a549-81ed8d06e6c2-23804","trial_id":4,"param_name":"ff_activation","param_value_internal":1,"distribution":"{\"name\": \"CategoricalDistribution\", \"attributes\": {\"choices\": [\"relu\", \"gelu\", \"tanh\"]}}"}
{"op_code":5,"worker_id":"35ae8f71-d9ee-46cb-a549-81ed8d06e6c2-23804","trial_id":4,"param_name":"pooling","param_value_internal":0,"distribution":"{\"name\": \"CategoricalDistribution\", \"attributes\": {\"choices\": [\"avg\", \"max\"]}}"}
{"op_code":5,"worker_id":"35ae8f71-d9ee-46cb-a549-81ed8d06e6c2-23804","trial_id":4,"param_name":"xg_weight","param_value_internal":0.2459533300265558,"distribution":"{\"name\": \"FloatDistribution\", \"attributes\": {\"step\": null, \"low\": 0.1, \"high\": 0.6, \"log\": false}}"}
{"op_code":5,"worker_id":"35ae8f71-d9ee-46cb-a549-81ed8d06e6c2-23804","trial_id":4,"param_name":"xg_activation","param_value_internal":0,"distribution":"{\"name\": \"CategoricalDistribution\", \"attributes\": {\"choices\": [\"sigmoid\", \"linear\"]}}"}
{"op_code":5,"worker_id":"35ae8f71-d9ee-46cb-a549-81ed8d06e6c2-23804","trial_id":4,"param_name":"use_second_block","param_value_internal":0,"distribution":"{\"name\": \"CategoricalDistribution\", \"attributes\": {\"choices\": [true, false]}}"}
{"op_code":5,"worker_id":"35ae8f71-d9ee-46cb-a549-81ed8d06e6c2-23804","trial_id":4,"param_name":"pos_dim","param_value_internal":55.0,"distribution":"{\"name\": \"IntDistribution\", \"attributes\": {\"log\": false, \"step\": 1, \"low\": 8, \"high\": 64}}"}
{"op_code":5,"worker_id":"35ae8f71-d9ee-46cb-a549-81ed8d06e6c2-23804","trial_id":4,"param_name":"optimizer","param_value_internal":0,"distribution":"{\"name\": \"CategoricalDistribution\", \"attributes\": {\"choices\": [\"adam\"]}}"}
{"op_code":5,"worker_id":"35ae8f71-d9ee-46cb-a549-81ed8d06e6c2-23804","trial_id":4,"param_name":"learning_rate","param_value_internal":0.00015966759923922806,"distribution":"{\"name\": \"FloatDistribution\", \"attributes\": {\"step\": null, \"low\": 0.00015, \"high\": 0.00035, \"log\": false}}"}
{"op_code":5,"worker_id":"35ae8f71-d9ee-46cb-a549-81ed8d06e6c2-23804","trial_id":4,"param_name":"batch_size","param_value_internal":0,"distribution":"{\"name\": \"CategoricalDistribution\", \"attributes\": {\"choices\": [256, 512]}}"}
{"op_code":5,"worker_id":"35ae8f71-d9ee-46cb-a549-81ed8d06e6c2-23804","trial_id":4,"param_name":"epochs","param_value_internal":10.0,"distribution":"{\"name\": \"IntDistribution\", \"attributes\": {\"log\": false, \"step\": 1, \"low\": 8, \"high\": 14}}"}
