{"op_code":0,"worker_id":"e8dfd21d-9780-405e-94d5-9c1b78c36b48-3892","study_name":"expected_goals","directions":[1]}
{"op_code":4,"worker_id":"e8dfd21d-9780-405e-94d5-9c1b78c36b48-3892","study_id":0,"datetime_start":"2026-01-30T09:42:41.617008"}
{"op_code":5,"worker_id":"e8dfd21d-9780-405e-94d5-9c1b78c36b48-3892","trial_id":0,"param_name":"model_type","param_value_internal":1,"distribution":"{\"name\": \"CategoricalDistribution\", \"attributes\": {\"choices\": [\"LSTM\", \"GRU\"]}}"}
{"op_code":5,"worker_id":"e8dfd21d-9780-405e-94d5-9c1b78c36b48-3892","trial_id":0,"param_name":"window_time","param_value_internal":17.0,"distribution":"{\"name\": \"IntDistribution\", \"attributes\": {\"log\": false, \"step\": 1, \"low\": 15, \"high\": 60}}"}
{"op_code":5,"worker_id":"e8dfd21d-9780-405e-94d5-9c1b78c36b48-3892","trial_id":0,"param_name":"horizon_time","param_value_internal":4.0,"distribution":"{\"name\": \"IntDistribution\", \"attributes\": {\"log\": false, \"step\": 1, \"low\": 3, \"high\": 8}}"}
{"op_code":5,"worker_id":"e8dfd21d-9780-405e-94d5-9c1b78c36b48-3892","trial_id":0,"param_name":"units1","param_value_internal":64.0,"distribution":"{\"name\": \"IntDistribution\", \"attributes\": {\"log\": false, \"step\": 1, \"low\": 50, \"high\": 100}}"}
{"op_code":5,"worker_id":"e8dfd21d-9780-405e-94d5-9c1b78c36b48-3892","trial_id":0,"param_name":"dropout1","param_value_internal":0.44457344576375035,"distribution":"{\"name\": \"FloatDistribution\", \"attributes\": {\"step\": null, \"low\": 0.2, \"high\": 0.5, \"log\": false}}"}
{"op_code":5,"worker_id":"e8dfd21d-9780-405e-94d5-9c1b78c36b48-3892","trial_id":0,"param_name":"rec_dropout1","param_value_internal":0.3877031771336653,"distribution":"{\"name\": \"FloatDistribution\", \"attributes\": {\"step\": null, \"low\": 0.0, \"high\": 0.5, \"log\": false}}"}
{"op_code":5,"worker_id":"e8dfd21d-9780-405e-94d5-9c1b78c36b48-3892","trial_id":0,"param_name":"units2","param_value_internal":38.0,"distribution":"{\"name\": \"IntDistribution\", \"attributes\": {\"log\": false, \"step\": 1, \"low\": 20, \"high\": 50}}"}
{"op_code":5,"worker_id":"e8dfd21d-9780-405e-94d5-9c1b78c36b48-3892","trial_id":0,"param_name":"dropout2","param_value_internal":0.3092821638064924,"distribution":"{\"name\": \"FloatDistribution\", \"attributes\": {\"step\": null, \"low\": 0.2, \"high\": 0.5, \"log\": false}}"}
{"op_code":5,"worker_id":"e8dfd21d-9780-405e-94d5-9c1b78c36b48-3892","trial_id":0,"param_name":"rec_dropout2","param_value_internal":0.14461202212037527,"distribution":"{\"name\": \"FloatDistribution\", \"attributes\": {\"step\": null, \"low\": 0.0, \"high\": 0.5, \"log\": false}}"}
{"op_code":5,"worker_id":"e8dfd21d-9780-405e-94d5-9c1b78c36b48-3892","trial_id":0,"param_name":"dense_units","param_value_internal":45.0,"distribution":"{\"name\": \"IntDistribution\", \"attributes\": {\"log\": false, \"step\": 1, \"low\": 16, \"high\": 48}}"}
{"op_code":5,"worker_id":"e8dfd21d-9780-405e-94d5-9c1b78c36b48-3892","trial_id":0,"param_name":"activation","param_value_internal":2,"distribution":"{\"name\": \"CategoricalDistribution\", \"attributes\": {\"choices\": [\"relu\", \"tanh\", \"elu\"]}}"}
{"op_code":5,"worker_id":"e8dfd21d-9780-405e-94d5-9c1b78c36b48-3892","trial_id":0,"param_name":"optimizer","param_value_internal":0,"distribution":"{\"name\": \"CategoricalDistribution\", \"attributes\": {\"choices\": [\"adam\", \"rmsprop\"]}}"}
{"op_code":5,"worker_id":"e8dfd21d-9780-405e-94d5-9c1b78c36b48-3892","trial_id":0,"param_name":"learning_rate","param_value_internal":0.00030000228338597637,"distribution":"{\"name\": \"FloatDistribution\", \"attributes\": {\"step\": null, \"low\": 0.0001, \"high\": 0.001, \"log\": false}}"}
{"op_code":5,"worker_id":"e8dfd21d-9780-405e-94d5-9c1b78c36b48-3892","trial_id":0,"param_name":"batch_size","param_value_internal":2,"distribution":"{\"name\": \"CategoricalDistribution\", \"attributes\": {\"choices\": [32, 64, 128]}}"}
{"op_code":5,"worker_id":"e8dfd21d-9780-405e-94d5-9c1b78c36b48-3892","trial_id":0,"param_name":"epochs","param_value_internal":43.0,"distribution":"{\"name\": \"IntDistribution\", \"attributes\": {\"log\": false, \"step\": 1, \"low\": 20, \"high\": 60}}"}
{"op_code":6,"worker_id":"e8dfd21d-9780-405e-94d5-9c1b78c36b48-3892","trial_id":0,"state":3,"values":null,"datetime_complete":"2026-01-30T09:42:42.211008"}
{"op_code":0,"worker_id":"a058a1ee-9d0a-4d50-b58e-dc040ffaac2b-2436","study_name":"expected_goals","directions":[1]}
{"op_code":4,"worker_id":"a058a1ee-9d0a-4d50-b58e-dc040ffaac2b-2436","study_id":0,"datetime_start":"2026-01-30T09:42:47.130007"}
{"op_code":5,"worker_id":"a058a1ee-9d0a-4d50-b58e-dc040ffaac2b-2436","trial_id":1,"param_name":"model_type","param_value_internal":0,"distribution":"{\"name\": \"CategoricalDistribution\", \"attributes\": {\"choices\": [\"LSTM\", \"GRU\"]}}"}
{"op_code":5,"worker_id":"a058a1ee-9d0a-4d50-b58e-dc040ffaac2b-2436","trial_id":1,"param_name":"window_time","param_value_internal":60.0,"distribution":"{\"name\": \"IntDistribution\", \"attributes\": {\"log\": false, \"step\": 1, \"low\": 15, \"high\": 60}}"}
{"op_code":5,"worker_id":"a058a1ee-9d0a-4d50-b58e-dc040ffaac2b-2436","trial_id":1,"param_name":"horizon_time","param_value_internal":3.0,"distribution":"{\"name\": \"IntDistribution\", \"attributes\": {\"log\": false, \"step\": 1, \"low\": 3, \"high\": 8}}"}
{"op_code":5,"worker_id":"a058a1ee-9d0a-4d50-b58e-dc040ffaac2b-2436","trial_id":1,"param_name":"units1","param_value_internal":53.0,"distribution":"{\"name\": \"IntDistribution\", \"attributes\": {\"log\": false, \"step\": 1, \"low\": 50, \"high\": 100}}"}
{"op_code":5,"worker_id":"a058a1ee-9d0a-4d50-b58e-dc040ffaac2b-2436","trial_id":1,"param_name":"dropout1","param_value_internal":0.26855028503800726,"distribution":"{\"name\": \"FloatDistribution\", \"attributes\": {\"step\": null, \"low\": 0.2, \"high\": 0.5, \"log\": false}}"}
{"op_code":5,"worker_id":"a058a1ee-9d0a-4d50-b58e-dc040ffaac2b-2436","trial_id":1,"param_name":"rec_dropout1","param_value_internal":0.1403428533390662,"distribution":"{\"name\": \"FloatDistribution\", \"attributes\": {\"step\": null, \"low\": 0.0, \"high\": 0.5, \"log\": false}}"}
{"op_code":5,"worker_id":"a058a1ee-9d0a-4d50-b58e-dc040ffaac2b-2436","trial_id":1,"param_name":"units2","param_value_internal":49.0,"distribution":"{\"name\": \"IntDistribution\", \"attributes\": {\"log\": false, \"step\": 1, \"low\": 20, \"high\": 50}}"}
{"op_code":5,"worker_id":"a058a1ee-9d0a-4d50-b58e-dc040ffaac2b-2436","trial_id":1,"param_name":"dropout2","param_value_internal":0.24127033504420084,"distribution":"{\"name\": \"FloatDistribution\", \"attributes\": {\"step\": null, \"low\": 0.2, \"high\": 0.5, \"log\": false}}"}
{"op_code":5,"worker_id":"a058a1ee-9d0a-4d50-b58e-dc040ffaac2b-2436","trial_id":1,"param_name":"rec_dropout2","param_value_internal":0.04895157005503825,"distribution":"{\"name\": \"FloatDistribution\", \"attributes\": {\"step\": null, \"low\": 0.0, \"high\": 0.5, \"log\": false}}"}
{"op_code":5,"worker_id":"a058a1ee-9d0a-4d50-b58e-dc040ffaac2b-2436","trial_id":1,"param_name":"dense_units","param_value_internal":43.0,"distribution":"{\"name\": \"IntDistribution\", \"attributes\": {\"log\": false, \"step\": 1, \"low\": 16, \"high\": 48}}"}
{"op_code":5,"worker_id":"a058a1ee-9d0a-4d50-b58e-dc040ffaac2b-2436","trial_id":1,"param_name":"activation","param_value_internal":0,"distribution":"{\"name\": \"CategoricalDistribution\", \"attributes\": {\"choices\": [\"relu\", \"tanh\", \"elu\"]}}"}
{"op_code":5,"worker_id":"a058a1ee-9d0a-4d50-b58e-dc040ffaac2b-2436","trial_id":1,"param_name":"optimizer","param_value_internal":1,"distribution":"{\"name\": \"CategoricalDistribution\", \"attributes\": {\"choices\": [\"adam\", \"rmsprop\"]}}"}
{"op_code":5,"worker_id":"a058a1ee-9d0a-4d50-b58e-dc040ffaac2b-2436","trial_id":1,"param_name":"learning_rate","param_value_internal":0.00011225466940343034,"distribution":"{\"name\": \"FloatDistribution\", \"attributes\": {\"step\": null, \"low\": 0.0001, \"high\": 0.001, \"log\": false}}"}
{"op_code":5,"worker_id":"a058a1ee-9d0a-4d50-b58e-dc040ffaac2b-2436","trial_id":1,"param_name":"batch_size","param_value_internal":2,"distribution":"{\"name\": \"CategoricalDistribution\", \"attributes\": {\"choices\": [32, 64, 128]}}"}
{"op_code":5,"worker_id":"a058a1ee-9d0a-4d50-b58e-dc040ffaac2b-2436","trial_id":1,"param_name":"epochs","param_value_internal":22.0,"distribution":"{\"name\": \"IntDistribution\", \"attributes\": {\"log\": false, \"step\": 1, \"low\": 20, \"high\": 60}}"}
{"op_code":6,"worker_id":"a058a1ee-9d0a-4d50-b58e-dc040ffaac2b-2436","trial_id":1,"state":3,"values":null,"datetime_complete":"2026-01-30T09:42:47.786008"}
{"op_code":0,"worker_id":"1c4b8523-facb-478d-a2f6-a188ae0ad1ea-3580","study_name":"expected_goals","directions":[1]}
{"op_code":4,"worker_id":"1c4b8523-facb-478d-a2f6-a188ae0ad1ea-3580","study_id":0,"datetime_start":"2026-01-30T09:42:53.362008"}
{"op_code":5,"worker_id":"1c4b8523-facb-478d-a2f6-a188ae0ad1ea-3580","trial_id":2,"param_name":"model_type","param_value_internal":0,"distribution":"{\"name\": \"CategoricalDistribution\", \"attributes\": {\"choices\": [\"LSTM\", \"GRU\"]}}"}
{"op_code":5,"worker_id":"1c4b8523-facb-478d-a2f6-a188ae0ad1ea-3580","trial_id":2,"param_name":"window_time","param_value_internal":40.0,"distribution":"{\"name\": \"IntDistribution\", \"attributes\": {\"log\": false, \"step\": 1, \"low\": 15, \"high\": 60}}"}
{"op_code":5,"worker_id":"1c4b8523-facb-478d-a2f6-a188ae0ad1ea-3580","trial_id":2,"param_name":"horizon_time","param_value_internal":7.0,"distribution":"{\"name\": \"IntDistribution\", \"attributes\": {\"log\": false, \"step\": 1, \"low\": 3, \"high\": 8}}"}
{"op_code":5,"worker_id":"1c4b8523-facb-478d-a2f6-a188ae0ad1ea-3580","trial_id":2,"param_name":"units1","param_value_internal":82.0,"distribution":"{\"name\": \"IntDistribution\", \"attributes\": {\"log\": false, \"step\": 1, \"low\": 50, \"high\": 100}}"}
{"op_code":5,"worker_id":"1c4b8523-facb-478d-a2f6-a188ae0ad1ea-3580","trial_id":2,"param_name":"dropout1","param_value_internal":0.3035181019932275,"distribution":"{\"name\": \"FloatDistribution\", \"attributes\": {\"step\": null, \"low\": 0.2, \"high\": 0.5, \"log\": false}}"}
{"op_code":5,"worker_id":"1c4b8523-facb-478d-a2f6-a188ae0ad1ea-3580","trial_id":2,"param_name":"rec_dropout1","param_value_internal":0.014638442250064554,"distribution":"{\"name\": \"FloatDistribution\", \"attributes\": {\"step\": null, \"low\": 0.0, \"high\": 0.5, \"log\": false}}"}
{"op_code":5,"worker_id":"1c4b8523-facb-478d-a2f6-a188ae0ad1ea-3580","trial_id":2,"param_name":"units2","param_value_internal":39.0,"distribution":"{\"name\": \"IntDistribution\", \"attributes\": {\"log\": false, \"step\": 1, \"low\": 20, \"high\": 50}}"}
{"op_code":5,"worker_id":"1c4b8523-facb-478d-a2f6-a188ae0ad1ea-3580","trial_id":2,"param_name":"dropout2","param_value_internal":0.22865336191481786,"distribution":"{\"name\": \"FloatDistribution\", \"attributes\": {\"step\": null, \"low\": 0.2, \"high\": 0.5, \"log\": false}}"}
{"op_code":5,"worker_id":"1c4b8523-facb-478d-a2f6-a188ae0ad1ea-3580","trial_id":2,"param_name":"rec_dropout2","param_value_internal":0.29597800441923505,"distribution":"{\"name\": \"FloatDistribution\", \"attributes\": {\"step\": null, \"low\": 0.0, \"high\": 0.5, \"log\": false}}"}
{"op_code":5,"worker_id":"1c4b8523-facb-478d-a2f6-a188ae0ad1ea-3580","trial_id":2,"param_name":"dense_units","param_value_internal":41.0,"distribution":"{\"name\": \"IntDistribution\", \"attributes\": {\"log\": false, \"step\": 1, \"low\": 16, \"high\": 48}}"}
{"op_code":5,"worker_id":"1c4b8523-facb-478d-a2f6-a188ae0ad1ea-3580","trial_id":2,"param_name":"activation","param_value_internal":2,"distribution":"{\"name\": \"CategoricalDistribution\", \"attributes\": {\"choices\": [\"relu\", \"tanh\", \"elu\"]}}"}
{"op_code":5,"worker_id":"1c4b8523-facb-478d-a2f6-a188ae0ad1ea-3580","trial_id":2,"param_name":"optimizer","param_value_internal":1,"distribution":"{\"name\": \"CategoricalDistribution\", \"attributes\": {\"choices\": [\"adam\", \"rmsprop\"]}}"}
{"op_code":5,"worker_id":"1c4b8523-facb-478d-a2f6-a188ae0ad1ea-3580","trial_id":2,"param_name":"learning_rate","param_value_internal":0.0003652554369942616,"distribution":"{\"name\": \"FloatDistribution\", \"attributes\": {\"step\": null, \"low\": 0.0001, \"high\": 0.001, \"log\": false}}"}
{"op_code":5,"worker_id":"1c4b8523-facb-478d-a2f6-a188ae0ad1ea-3580","trial_id":2,"param_name":"batch_size","param_value_internal":1,"distribution":"{\"name\": \"CategoricalDistribution\", \"attributes\": {\"choices\": [32, 64, 128]}}"}
{"op_code":5,"worker_id":"1c4b8523-facb-478d-a2f6-a188ae0ad1ea-3580","trial_id":2,"param_name":"epochs","param_value_internal":28.0,"distribution":"{\"name\": \"IntDistribution\", \"attributes\": {\"log\": false, \"step\": 1, \"low\": 20, \"high\": 60}}"}
{"op_code":6,"worker_id":"1c4b8523-facb-478d-a2f6-a188ae0ad1ea-3580","trial_id":2,"state":3,"values":null,"datetime_complete":"2026-01-30T09:42:54.022011"}
