{"op_code":0,"worker_id":"16353535-2aac-4da4-86c6-452e43a6d86a-6724","study_name":"expected_goals","directions":[1]}
{"op_code":4,"worker_id":"16353535-2aac-4da4-86c6-452e43a6d86a-6724","study_id":0,"datetime_start":"2026-01-30T09:46:37.969225"}
{"op_code":5,"worker_id":"16353535-2aac-4da4-86c6-452e43a6d86a-6724","trial_id":0,"param_name":"model_type","param_value_internal":1,"distribution":"{\"name\": \"CategoricalDistribution\", \"attributes\": {\"choices\": [\"LSTM\", \"GRU\"]}}"}
{"op_code":5,"worker_id":"16353535-2aac-4da4-86c6-452e43a6d86a-6724","trial_id":0,"param_name":"window_time","param_value_internal":31.0,"distribution":"{\"name\": \"IntDistribution\", \"attributes\": {\"log\": false, \"step\": 1, \"low\": 15, \"high\": 60}}"}
{"op_code":5,"worker_id":"16353535-2aac-4da4-86c6-452e43a6d86a-6724","trial_id":0,"param_name":"horizon_time","param_value_internal":6.0,"distribution":"{\"name\": \"IntDistribution\", \"attributes\": {\"log\": false, \"step\": 1, \"low\": 3, \"high\": 8}}"}
{"op_code":5,"worker_id":"16353535-2aac-4da4-86c6-452e43a6d86a-6724","trial_id":0,"param_name":"units1","param_value_internal":50.0,"distribution":"{\"name\": \"IntDistribution\", \"attributes\": {\"log\": false, \"step\": 1, \"low\": 50, \"high\": 100}}"}
{"op_code":5,"worker_id":"16353535-2aac-4da4-86c6-452e43a6d86a-6724","trial_id":0,"param_name":"dropout1","param_value_internal":0.3729947681715037,"distribution":"{\"name\": \"FloatDistribution\", \"attributes\": {\"step\": null, \"low\": 0.2, \"high\": 0.5, \"log\": false}}"}
{"op_code":5,"worker_id":"16353535-2aac-4da4-86c6-452e43a6d86a-6724","trial_id":0,"param_name":"rec_dropout1","param_value_internal":0.056450598271560404,"distribution":"{\"name\": \"FloatDistribution\", \"attributes\": {\"step\": null, \"low\": 0.0, \"high\": 0.5, \"log\": false}}"}
{"op_code":5,"worker_id":"16353535-2aac-4da4-86c6-452e43a6d86a-6724","trial_id":0,"param_name":"units2","param_value_internal":29.0,"distribution":"{\"name\": \"IntDistribution\", \"attributes\": {\"log\": false, \"step\": 1, \"low\": 20, \"high\": 50}}"}
{"op_code":5,"worker_id":"16353535-2aac-4da4-86c6-452e43a6d86a-6724","trial_id":0,"param_name":"dropout2","param_value_internal":0.42987222177286216,"distribution":"{\"name\": \"FloatDistribution\", \"attributes\": {\"step\": null, \"low\": 0.2, \"high\": 0.5, \"log\": false}}"}
{"op_code":5,"worker_id":"16353535-2aac-4da4-86c6-452e43a6d86a-6724","trial_id":0,"param_name":"rec_dropout2","param_value_internal":0.022166653905167755,"distribution":"{\"name\": \"FloatDistribution\", \"attributes\": {\"step\": null, \"low\": 0.0, \"high\": 0.5, \"log\": false}}"}
{"op_code":5,"worker_id":"16353535-2aac-4da4-86c6-452e43a6d86a-6724","trial_id":0,"param_name":"dense_units","param_value_internal":44.0,"distribution":"{\"name\": \"IntDistribution\", \"attributes\": {\"log\": false, \"step\": 1, \"low\": 16, \"high\": 48}}"}
{"op_code":5,"worker_id":"16353535-2aac-4da4-86c6-452e43a6d86a-6724","trial_id":0,"param_name":"activation","param_value_internal":1,"distribution":"{\"name\": \"CategoricalDistribution\", \"attributes\": {\"choices\": [\"relu\", \"tanh\", \"elu\"]}}"}
{"op_code":5,"worker_id":"16353535-2aac-4da4-86c6-452e43a6d86a-6724","trial_id":0,"param_name":"optimizer","param_value_internal":1,"distribution":"{\"name\": \"CategoricalDistribution\", \"attributes\": {\"choices\": [\"adam\", \"rmsprop\"]}}"}
{"op_code":5,"worker_id":"16353535-2aac-4da4-86c6-452e43a6d86a-6724","trial_id":0,"param_name":"learning_rate","param_value_internal":0.0009042616552559384,"distribution":"{\"name\": \"FloatDistribution\", \"attributes\": {\"step\": null, \"low\": 0.0001, \"high\": 0.001, \"log\": false}}"}
{"op_code":5,"worker_id":"16353535-2aac-4da4-86c6-452e43a6d86a-6724","trial_id":0,"param_name":"batch_size","param_value_internal":2,"distribution":"{\"name\": \"CategoricalDistribution\", \"attributes\": {\"choices\": [32, 64, 128]}}"}
{"op_code":5,"worker_id":"16353535-2aac-4da4-86c6-452e43a6d86a-6724","trial_id":0,"param_name":"epochs","param_value_internal":55.0,"distribution":"{\"name\": \"IntDistribution\", \"attributes\": {\"log\": false, \"step\": 1, \"low\": 20, \"high\": 60}}"}
{"op_code":0,"worker_id":"fed58794-3a77-4f9f-b884-dff6743f83cc-7136","study_name":"expected_goals","directions":[1]}
{"op_code":4,"worker_id":"fed58794-3a77-4f9f-b884-dff6743f83cc-7136","study_id":0,"datetime_start":"2026-01-30T09:46:44.122225"}
{"op_code":5,"worker_id":"fed58794-3a77-4f9f-b884-dff6743f83cc-7136","trial_id":1,"param_name":"model_type","param_value_internal":0,"distribution":"{\"name\": \"CategoricalDistribution\", \"attributes\": {\"choices\": [\"LSTM\", \"GRU\"]}}"}
{"op_code":5,"worker_id":"fed58794-3a77-4f9f-b884-dff6743f83cc-7136","trial_id":1,"param_name":"window_time","param_value_internal":19.0,"distribution":"{\"name\": \"IntDistribution\", \"attributes\": {\"log\": false, \"step\": 1, \"low\": 15, \"high\": 60}}"}
{"op_code":5,"worker_id":"fed58794-3a77-4f9f-b884-dff6743f83cc-7136","trial_id":1,"param_name":"horizon_time","param_value_internal":6.0,"distribution":"{\"name\": \"IntDistribution\", \"attributes\": {\"log\": false, \"step\": 1, \"low\": 3, \"high\": 8}}"}
{"op_code":5,"worker_id":"fed58794-3a77-4f9f-b884-dff6743f83cc-7136","trial_id":1,"param_name":"units1","param_value_internal":62.0,"distribution":"{\"name\": \"IntDistribution\", \"attributes\": {\"log\": false, \"step\": 1, \"low\": 50, \"high\": 100}}"}
{"op_code":5,"worker_id":"fed58794-3a77-4f9f-b884-dff6743f83cc-7136","trial_id":1,"param_name":"dropout1","param_value_internal":0.3290682385949839,"distribution":"{\"name\": \"FloatDistribution\", \"attributes\": {\"step\": null, \"low\": 0.2, \"high\": 0.5, \"log\": false}}"}
{"op_code":5,"worker_id":"fed58794-3a77-4f9f-b884-dff6743f83cc-7136","trial_id":1,"param_name":"rec_dropout1","param_value_internal":0.43089203967384265,"distribution":"{\"name\": \"FloatDistribution\", \"attributes\": {\"step\": null, \"low\": 0.0, \"high\": 0.5, \"log\": false}}"}
{"op_code":5,"worker_id":"fed58794-3a77-4f9f-b884-dff6743f83cc-7136","trial_id":1,"param_name":"units2","param_value_internal":31.0,"distribution":"{\"name\": \"IntDistribution\", \"attributes\": {\"log\": false, \"step\": 1, \"low\": 20, \"high\": 50}}"}
{"op_code":5,"worker_id":"fed58794-3a77-4f9f-b884-dff6743f83cc-7136","trial_id":1,"param_name":"dropout2","param_value_internal":0.23429430719724426,"distribution":"{\"name\": \"FloatDistribution\", \"attributes\": {\"step\": null, \"low\": 0.2, \"high\": 0.5, \"log\": false}}"}
{"op_code":5,"worker_id":"fed58794-3a77-4f9f-b884-dff6743f83cc-7136","trial_id":1,"param_name":"rec_dropout2","param_value_internal":0.23521591403658854,"distribution":"{\"name\": \"FloatDistribution\", \"attributes\": {\"step\": null, \"low\": 0.0, \"high\": 0.5, \"log\": false}}"}
{"op_code":5,"worker_id":"fed58794-3a77-4f9f-b884-dff6743f83cc-7136","trial_id":1,"param_name":"dense_units","param_value_internal":30.0,"distribution":"{\"name\": \"IntDistribution\", \"attributes\": {\"log\": false, \"step\": 1, \"low\": 16, \"high\": 48}}"}
{"op_code":5,"worker_id":"fed58794-3a77-4f9f-b884-dff6743f83cc-7136","trial_id":1,"param_name":"activation","param_value_internal":0,"distribution":"{\"name\": \"CategoricalDistribution\", \"attributes\": {\"choices\": [\"relu\", \"tanh\", \"elu\"]}}"}
{"op_code":5,"worker_id":"fed58794-3a77-4f9f-b884-dff6743f83cc-7136","trial_id":1,"param_name":"optimizer","param_value_internal":0,"distribution":"{\"name\": \"CategoricalDistribution\", \"attributes\": {\"choices\": [\"adam\", \"rmsprop\"]}}"}
{"op_code":5,"worker_id":"fed58794-3a77-4f9f-b884-dff6743f83cc-7136","trial_id":1,"param_name":"learning_rate","param_value_internal":0.0007999975026216418,"distribution":"{\"name\": \"FloatDistribution\", \"attributes\": {\"step\": null, \"low\": 0.0001, \"high\": 0.001, \"log\": false}}"}
{"op_code":5,"worker_id":"fed58794-3a77-4f9f-b884-dff6743f83cc-7136","trial_id":1,"param_name":"batch_size","param_value_internal":2,"distribution":"{\"name\": \"CategoricalDistribution\", \"attributes\": {\"choices\": [32, 64, 128]}}"}
{"op_code":5,"worker_id":"fed58794-3a77-4f9f-b884-dff6743f83cc-7136","trial_id":1,"param_name":"epochs","param_value_internal":58.0,"distribution":"{\"name\": \"IntDistribution\", \"attributes\": {\"log\": false, \"step\": 1, \"low\": 20, \"high\": 60}}"}
{"op_code":0,"worker_id":"05040029-c8b6-45b6-bc20-4fe85aee0687-6156","study_name":"expected_goals","directions":[1]}
{"op_code":4,"worker_id":"05040029-c8b6-45b6-bc20-4fe85aee0687-6156","study_id":0,"datetime_start":"2026-01-30T09:46:53.126224"}
{"op_code":5,"worker_id":"05040029-c8b6-45b6-bc20-4fe85aee0687-6156","trial_id":2,"param_name":"model_type","param_value_internal":0,"distribution":"{\"name\": \"CategoricalDistribution\", \"attributes\": {\"choices\": [\"LSTM\", \"GRU\"]}}"}
{"op_code":5,"worker_id":"05040029-c8b6-45b6-bc20-4fe85aee0687-6156","trial_id":2,"param_name":"window_time","param_value_internal":27.0,"distribution":"{\"name\": \"IntDistribution\", \"attributes\": {\"log\": false, \"step\": 1, \"low\": 15, \"high\": 60}}"}
{"op_code":5,"worker_id":"05040029-c8b6-45b6-bc20-4fe85aee0687-6156","trial_id":2,"param_name":"horizon_time","param_value_internal":6.0,"distribution":"{\"name\": \"IntDistribution\", \"attributes\": {\"log\": false, \"step\": 1, \"low\": 3, \"high\": 8}}"}
{"op_code":5,"worker_id":"05040029-c8b6-45b6-bc20-4fe85aee0687-6156","trial_id":2,"param_name":"units1","param_value_internal":95.0,"distribution":"{\"name\": \"IntDistribution\", \"attributes\": {\"log\": false, \"step\": 1, \"low\": 50, \"high\": 100}}"}
{"op_code":5,"worker_id":"05040029-c8b6-45b6-bc20-4fe85aee0687-6156","trial_id":2,"param_name":"dropout1","param_value_internal":0.33736521913530715,"distribution":"{\"name\": \"FloatDistribution\", \"attributes\": {\"step\": null, \"low\": 0.2, \"high\": 0.5, \"log\": false}}"}
{"op_code":5,"worker_id":"05040029-c8b6-45b6-bc20-4fe85aee0687-6156","trial_id":2,"param_name":"rec_dropout1","param_value_internal":0.41241705283608787,"distribution":"{\"name\": \"FloatDistribution\", \"attributes\": {\"step\": null, \"low\": 0.0, \"high\": 0.5, \"log\": false}}"}
{"op_code":5,"worker_id":"05040029-c8b6-45b6-bc20-4fe85aee0687-6156","trial_id":2,"param_name":"units2","param_value_internal":30.0,"distribution":"{\"name\": \"IntDistribution\", \"attributes\": {\"log\": false, \"step\": 1, \"low\": 20, \"high\": 50}}"}
{"op_code":5,"worker_id":"05040029-c8b6-45b6-bc20-4fe85aee0687-6156","trial_id":2,"param_name":"dropout2","param_value_internal":0.37114898194213763,"distribution":"{\"name\": \"FloatDistribution\", \"attributes\": {\"step\": null, \"low\": 0.2, \"high\": 0.5, \"log\": false}}"}
{"op_code":5,"worker_id":"05040029-c8b6-45b6-bc20-4fe85aee0687-6156","trial_id":2,"param_name":"rec_dropout2","param_value_internal":0.3600216545988835,"distribution":"{\"name\": \"FloatDistribution\", \"attributes\": {\"step\": null, \"low\": 0.0, \"high\": 0.5, \"log\": false}}"}
{"op_code":5,"worker_id":"05040029-c8b6-45b6-bc20-4fe85aee0687-6156","trial_id":2,"param_name":"dense_units","param_value_internal":39.0,"distribution":"{\"name\": \"IntDistribution\", \"attributes\": {\"log\": false, \"step\": 1, \"low\": 16, \"high\": 48}}"}
{"op_code":5,"worker_id":"05040029-c8b6-45b6-bc20-4fe85aee0687-6156","trial_id":2,"param_name":"activation","param_value_internal":0,"distribution":"{\"name\": \"CategoricalDistribution\", \"attributes\": {\"choices\": [\"relu\", \"tanh\", \"elu\"]}}"}
{"op_code":5,"worker_id":"05040029-c8b6-45b6-bc20-4fe85aee0687-6156","trial_id":2,"param_name":"optimizer","param_value_internal":1,"distribution":"{\"name\": \"CategoricalDistribution\", \"attributes\": {\"choices\": [\"adam\", \"rmsprop\"]}}"}
{"op_code":5,"worker_id":"05040029-c8b6-45b6-bc20-4fe85aee0687-6156","trial_id":2,"param_name":"learning_rate","param_value_internal":0.0004547257306126738,"distribution":"{\"name\": \"FloatDistribution\", \"attributes\": {\"step\": null, \"low\": 0.0001, \"high\": 0.001, \"log\": false}}"}
{"op_code":5,"worker_id":"05040029-c8b6-45b6-bc20-4fe85aee0687-6156","trial_id":2,"param_name":"batch_size","param_value_internal":2,"distribution":"{\"name\": \"CategoricalDistribution\", \"attributes\": {\"choices\": [32, 64, 128]}}"}
{"op_code":5,"worker_id":"05040029-c8b6-45b6-bc20-4fe85aee0687-6156","trial_id":2,"param_name":"epochs","param_value_internal":33.0,"distribution":"{\"name\": \"IntDistribution\", \"attributes\": {\"log\": false, \"step\": 1, \"low\": 20, \"high\": 60}}"}
{"op_code":0,"worker_id":"55d5966b-a763-4dbb-81a9-04ba1df3a1a5-18616","study_name":"expected_goals","directions":[1]}
{"op_code":4,"worker_id":"55d5966b-a763-4dbb-81a9-04ba1df3a1a5-18616","study_id":0,"datetime_start":"2026-01-30T09:47:04.198226"}
{"op_code":5,"worker_id":"55d5966b-a763-4dbb-81a9-04ba1df3a1a5-18616","trial_id":3,"param_name":"model_type","param_value_internal":0,"distribution":"{\"name\": \"CategoricalDistribution\", \"attributes\": {\"choices\": [\"LSTM\", \"GRU\"]}}"}
{"op_code":5,"worker_id":"55d5966b-a763-4dbb-81a9-04ba1df3a1a5-18616","trial_id":3,"param_name":"window_time","param_value_internal":47.0,"distribution":"{\"name\": \"IntDistribution\", \"attributes\": {\"log\": false, \"step\": 1, \"low\": 15, \"high\": 60}}"}
{"op_code":5,"worker_id":"55d5966b-a763-4dbb-81a9-04ba1df3a1a5-18616","trial_id":3,"param_name":"horizon_time","param_value_internal":4.0,"distribution":"{\"name\": \"IntDistribution\", \"attributes\": {\"log\": false, \"step\": 1, \"low\": 3, \"high\": 8}}"}
{"op_code":5,"worker_id":"55d5966b-a763-4dbb-81a9-04ba1df3a1a5-18616","trial_id":3,"param_name":"units1","param_value_internal":88.0,"distribution":"{\"name\": \"IntDistribution\", \"attributes\": {\"log\": false, \"step\": 1, \"low\": 50, \"high\": 100}}"}
{"op_code":5,"worker_id":"55d5966b-a763-4dbb-81a9-04ba1df3a1a5-18616","trial_id":3,"param_name":"dropout1","param_value_internal":0.21779156522172924,"distribution":"{\"name\": \"FloatDistribution\", \"attributes\": {\"step\": null, \"low\": 0.2, \"high\": 0.5, \"log\": false}}"}
{"op_code":5,"worker_id":"55d5966b-a763-4dbb-81a9-04ba1df3a1a5-18616","trial_id":3,"param_name":"rec_dropout1","param_value_internal":0.12323670830517314,"distribution":"{\"name\": \"FloatDistribution\", \"attributes\": {\"step\": null, \"low\": 0.0, \"high\": 0.5, \"log\": false}}"}
{"op_code":5,"worker_id":"55d5966b-a763-4dbb-81a9-04ba1df3a1a5-18616","trial_id":3,"param_name":"units2","param_value_internal":20.0,"distribution":"{\"name\": \"IntDistribution\", \"attributes\": {\"log\": false, \"step\": 1, \"low\": 20, \"high\": 50}}"}
{"op_code":5,"worker_id":"55d5966b-a763-4dbb-81a9-04ba1df3a1a5-18616","trial_id":3,"param_name":"dropout2","param_value_internal":0.4208553404230224,"distribution":"{\"name\": \"FloatDistribution\", \"attributes\": {\"step\": null, \"low\": 0.2, \"high\": 0.5, \"log\": false}}"}
{"op_code":5,"worker_id":"55d5966b-a763-4dbb-81a9-04ba1df3a1a5-18616","trial_id":3,"param_name":"rec_dropout2","param_value_internal":0.3384669480614681,"distribution":"{\"name\": \"FloatDistribution\", \"attributes\": {\"step\": null, \"low\": 0.0, \"high\": 0.5, \"log\": false}}"}
{"op_code":5,"worker_id":"55d5966b-a763-4dbb-81a9-04ba1df3a1a5-18616","trial_id":3,"param_name":"dense_units","param_value_internal":40.0,"distribution":"{\"name\": \"IntDistribution\", \"attributes\": {\"log\": false, \"step\": 1, \"low\": 16, \"high\": 48}}"}
{"op_code":5,"worker_id":"55d5966b-a763-4dbb-81a9-04ba1df3a1a5-18616","trial_id":3,"param_name":"activation","param_value_internal":0,"distribution":"{\"name\": \"CategoricalDistribution\", \"attributes\": {\"choices\": [\"relu\", \"tanh\", \"elu\"]}}"}
{"op_code":5,"worker_id":"55d5966b-a763-4dbb-81a9-04ba1df3a1a5-18616","trial_id":3,"param_name":"optimizer","param_value_internal":0,"distribution":"{\"name\": \"CategoricalDistribution\", \"attributes\": {\"choices\": [\"adam\", \"rmsprop\"]}}"}
{"op_code":5,"worker_id":"55d5966b-a763-4dbb-81a9-04ba1df3a1a5-18616","trial_id":3,"param_name":"learning_rate","param_value_internal":0.0006069519571726211,"distribution":"{\"name\": \"FloatDistribution\", \"attributes\": {\"step\": null, \"low\": 0.0001, \"high\": 0.001, \"log\": false}}"}
{"op_code":5,"worker_id":"55d5966b-a763-4dbb-81a9-04ba1df3a1a5-18616","trial_id":3,"param_name":"batch_size","param_value_internal":0,"distribution":"{\"name\": \"CategoricalDistribution\", \"attributes\": {\"choices\": [32, 64, 128]}}"}
{"op_code":5,"worker_id":"55d5966b-a763-4dbb-81a9-04ba1df3a1a5-18616","trial_id":3,"param_name":"epochs","param_value_internal":31.0,"distribution":"{\"name\": \"IntDistribution\", \"attributes\": {\"log\": false, \"step\": 1, \"low\": 20, \"high\": 60}}"}
{"op_code":0,"worker_id":"6d703748-ba02-46c8-82f8-10532d8694ab-8868","study_name":"expected_goals","directions":[1]}
{"op_code":4,"worker_id":"6d703748-ba02-46c8-82f8-10532d8694ab-8868","study_id":0,"datetime_start":"2026-01-30T09:47:15.855224"}
{"op_code":5,"worker_id":"6d703748-ba02-46c8-82f8-10532d8694ab-8868","trial_id":4,"param_name":"model_type","param_value_internal":0,"distribution":"{\"name\": \"CategoricalDistribution\", \"attributes\": {\"choices\": [\"LSTM\", \"GRU\"]}}"}
{"op_code":5,"worker_id":"6d703748-ba02-46c8-82f8-10532d8694ab-8868","trial_id":4,"param_name":"window_time","param_value_internal":35.0,"distribution":"{\"name\": \"IntDistribution\", \"attributes\": {\"log\": false, \"step\": 1, \"low\": 15, \"high\": 60}}"}
{"op_code":5,"worker_id":"6d703748-ba02-46c8-82f8-10532d8694ab-8868","trial_id":4,"param_name":"horizon_time","param_value_internal":4.0,"distribution":"{\"name\": \"IntDistribution\", \"attributes\": {\"log\": false, \"step\": 1, \"low\": 3, \"high\": 8}}"}
{"op_code":5,"worker_id":"6d703748-ba02-46c8-82f8-10532d8694ab-8868","trial_id":4,"param_name":"units1","param_value_internal":66.0,"distribution":"{\"name\": \"IntDistribution\", \"attributes\": {\"log\": false, \"step\": 1, \"low\": 50, \"high\": 100}}"}
{"op_code":5,"worker_id":"6d703748-ba02-46c8-82f8-10532d8694ab-8868","trial_id":4,"param_name":"dropout1","param_value_internal":0.49744693628020353,"distribution":"{\"name\": \"FloatDistribution\", \"attributes\": {\"step\": null, \"low\": 0.2, \"high\": 0.5, \"log\": false}}"}
{"op_code":5,"worker_id":"6d703748-ba02-46c8-82f8-10532d8694ab-8868","trial_id":4,"param_name":"rec_dropout1","param_value_internal":0.06495482746795855,"distribution":"{\"name\": \"FloatDistribution\", \"attributes\": {\"step\": null, \"low\": 0.0, \"high\": 0.5, \"log\": false}}"}
{"op_code":5,"worker_id":"6d703748-ba02-46c8-82f8-10532d8694ab-8868","trial_id":4,"param_name":"units2","param_value_internal":42.0,"distribution":"{\"name\": \"IntDistribution\", \"attributes\": {\"log\": false, \"step\": 1, \"low\": 20, \"high\": 50}}"}
{"op_code":5,"worker_id":"6d703748-ba02-46c8-82f8-10532d8694ab-8868","trial_id":4,"param_name":"dropout2","param_value_internal":0.35508254486931135,"distribution":"{\"name\": \"FloatDistribution\", \"attributes\": {\"step\": null, \"low\": 0.2, \"high\": 0.5, \"log\": false}}"}
{"op_code":5,"worker_id":"6d703748-ba02-46c8-82f8-10532d8694ab-8868","trial_id":4,"param_name":"rec_dropout2","param_value_internal":0.11048699087607106,"distribution":"{\"name\": \"FloatDistribution\", \"attributes\": {\"step\": null, \"low\": 0.0, \"high\": 0.5, \"log\": false}}"}
{"op_code":5,"worker_id":"6d703748-ba02-46c8-82f8-10532d8694ab-8868","trial_id":4,"param_name":"dense_units","param_value_internal":26.0,"distribution":"{\"name\": \"IntDistribution\", \"attributes\": {\"log\": false, \"step\": 1, \"low\": 16, \"high\": 48}}"}
{"op_code":5,"worker_id":"6d703748-ba02-46c8-82f8-10532d8694ab-8868","trial_id":4,"param_name":"activation","param_value_internal":1,"distribution":"{\"name\": \"CategoricalDistribution\", \"attributes\": {\"choices\": [\"relu\", \"tanh\", \"elu\"]}}"}
{"op_code":5,"worker_id":"6d703748-ba02-46c8-82f8-10532d8694ab-8868","trial_id":4,"param_name":"optimizer","param_value_internal":1,"distribution":"{\"name\": \"CategoricalDistribution\", \"attributes\": {\"choices\": [\"adam\", \"rmsprop\"]}}"}
{"op_code":5,"worker_id":"6d703748-ba02-46c8-82f8-10532d8694ab-8868","trial_id":4,"param_name":"learning_rate","param_value_internal":0.00034985836517714626,"distribution":"{\"name\": \"FloatDistribution\", \"attributes\": {\"step\": null, \"low\": 0.0001, \"high\": 0.001, \"log\": false}}"}
{"op_code":5,"worker_id":"6d703748-ba02-46c8-82f8-10532d8694ab-8868","trial_id":4,"param_name":"batch_size","param_value_internal":2,"distribution":"{\"name\": \"CategoricalDistribution\", \"attributes\": {\"choices\": [32, 64, 128]}}"}
{"op_code":5,"worker_id":"6d703748-ba02-46c8-82f8-10532d8694ab-8868","trial_id":4,"param_name":"epochs","param_value_internal":49.0,"distribution":"{\"name\": \"IntDistribution\", \"attributes\": {\"log\": false, \"step\": 1, \"low\": 20, \"high\": 60}}"}
{"op_code":0,"worker_id":"d000eb1c-3800-437b-9f0e-feecd064601f-4328","study_name":"expected_goals","directions":[1]}
{"op_code":4,"worker_id":"d000eb1c-3800-437b-9f0e-feecd064601f-4328","study_id":0,"datetime_start":"2026-01-30T09:47:35.527226"}
{"op_code":5,"worker_id":"d000eb1c-3800-437b-9f0e-feecd064601f-4328","trial_id":5,"param_name":"model_type","param_value_internal":1,"distribution":"{\"name\": \"CategoricalDistribution\", \"attributes\": {\"choices\": [\"LSTM\", \"GRU\"]}}"}
{"op_code":5,"worker_id":"d000eb1c-3800-437b-9f0e-feecd064601f-4328","trial_id":5,"param_name":"window_time","param_value_internal":38.0,"distribution":"{\"name\": \"IntDistribution\", \"attributes\": {\"log\": false, \"step\": 1, \"low\": 15, \"high\": 60}}"}
{"op_code":5,"worker_id":"d000eb1c-3800-437b-9f0e-feecd064601f-4328","trial_id":5,"param_name":"horizon_time","param_value_internal":6.0,"distribution":"{\"name\": \"IntDistribution\", \"attributes\": {\"log\": false, \"step\": 1, \"low\": 3, \"high\": 8}}"}
{"op_code":5,"worker_id":"d000eb1c-3800-437b-9f0e-feecd064601f-4328","trial_id":5,"param_name":"units1","param_value_internal":72.0,"distribution":"{\"name\": \"IntDistribution\", \"attributes\": {\"log\": false, \"step\": 1, \"low\": 50, \"high\": 100}}"}
{"op_code":5,"worker_id":"d000eb1c-3800-437b-9f0e-feecd064601f-4328","trial_id":5,"param_name":"dropout1","param_value_internal":0.49275446826641245,"distribution":"{\"name\": \"FloatDistribution\", \"attributes\": {\"step\": null, \"low\": 0.2, \"high\": 0.5, \"log\": false}}"}
{"op_code":5,"worker_id":"d000eb1c-3800-437b-9f0e-feecd064601f-4328","trial_id":5,"param_name":"rec_dropout1","param_value_internal":0.023730689737832933,"distribution":"{\"name\": \"FloatDistribution\", \"attributes\": {\"step\": null, \"low\": 0.0, \"high\": 0.5, \"log\": false}}"}
{"op_code":5,"worker_id":"d000eb1c-3800-437b-9f0e-feecd064601f-4328","trial_id":5,"param_name":"units2","param_value_internal":21.0,"distribution":"{\"name\": \"IntDistribution\", \"attributes\": {\"log\": false, \"step\": 1, \"low\": 20, \"high\": 50}}"}
{"op_code":5,"worker_id":"d000eb1c-3800-437b-9f0e-feecd064601f-4328","trial_id":5,"param_name":"dropout2","param_value_internal":0.3432419910225951,"distribution":"{\"name\": \"FloatDistribution\", \"attributes\": {\"step\": null, \"low\": 0.2, \"high\": 0.5, \"log\": false}}"}
{"op_code":5,"worker_id":"d000eb1c-3800-437b-9f0e-feecd064601f-4328","trial_id":5,"param_name":"rec_dropout2","param_value_internal":0.20987210289667396,"distribution":"{\"name\": \"FloatDistribution\", \"attributes\": {\"step\": null, \"low\": 0.0, \"high\": 0.5, \"log\": false}}"}
{"op_code":5,"worker_id":"d000eb1c-3800-437b-9f0e-feecd064601f-4328","trial_id":5,"param_name":"dense_units","param_value_internal":32.0,"distribution":"{\"name\": \"IntDistribution\", \"attributes\": {\"log\": false, \"step\": 1, \"low\": 16, \"high\": 48}}"}
{"op_code":5,"worker_id":"d000eb1c-3800-437b-9f0e-feecd064601f-4328","trial_id":5,"param_name":"activation","param_value_internal":0,"distribution":"{\"name\": \"CategoricalDistribution\", \"attributes\": {\"choices\": [\"relu\", \"tanh\", \"elu\"]}}"}
{"op_code":5,"worker_id":"d000eb1c-3800-437b-9f0e-feecd064601f-4328","trial_id":5,"param_name":"optimizer","param_value_internal":1,"distribution":"{\"name\": \"CategoricalDistribution\", \"attributes\": {\"choices\": [\"adam\", \"rmsprop\"]}}"}
{"op_code":5,"worker_id":"d000eb1c-3800-437b-9f0e-feecd064601f-4328","trial_id":5,"param_name":"learning_rate","param_value_internal":0.0007080904041800913,"distribution":"{\"name\": \"FloatDistribution\", \"attributes\": {\"step\": null, \"low\": 0.0001, \"high\": 0.001, \"log\": false}}"}
{"op_code":5,"worker_id":"d000eb1c-3800-437b-9f0e-feecd064601f-4328","trial_id":5,"param_name":"batch_size","param_value_internal":1,"distribution":"{\"name\": \"CategoricalDistribution\", \"attributes\": {\"choices\": [32, 64, 128]}}"}
{"op_code":5,"worker_id":"d000eb1c-3800-437b-9f0e-feecd064601f-4328","trial_id":5,"param_name":"epochs","param_value_internal":33.0,"distribution":"{\"name\": \"IntDistribution\", \"attributes\": {\"log\": false, \"step\": 1, \"low\": 20, \"high\": 60}}"}
{"op_code":0,"worker_id":"8fc7c5a8-a856-498e-9a81-7ea793f87708-8408","study_name":"expected_goals","directions":[1]}
{"op_code":4,"worker_id":"8fc7c5a8-a856-498e-9a81-7ea793f87708-8408","study_id":0,"datetime_start":"2026-01-30T09:48:31.868268"}
{"op_code":5,"worker_id":"8fc7c5a8-a856-498e-9a81-7ea793f87708-8408","trial_id":6,"param_name":"model_type","param_value_internal":1,"distribution":"{\"name\": \"CategoricalDistribution\", \"attributes\": {\"choices\": [\"LSTM\", \"GRU\"]}}"}
{"op_code":5,"worker_id":"8fc7c5a8-a856-498e-9a81-7ea793f87708-8408","trial_id":6,"param_name":"window_time","param_value_internal":57.0,"distribution":"{\"name\": \"IntDistribution\", \"attributes\": {\"log\": false, \"step\": 1, \"low\": 15, \"high\": 60}}"}
{"op_code":5,"worker_id":"8fc7c5a8-a856-498e-9a81-7ea793f87708-8408","trial_id":6,"param_name":"horizon_time","param_value_internal":8.0,"distribution":"{\"name\": \"IntDistribution\", \"attributes\": {\"log\": false, \"step\": 1, \"low\": 3, \"high\": 8}}"}
{"op_code":5,"worker_id":"8fc7c5a8-a856-498e-9a81-7ea793f87708-8408","trial_id":6,"param_name":"units1","param_value_internal":97.0,"distribution":"{\"name\": \"IntDistribution\", \"attributes\": {\"log\": false, \"step\": 1, \"low\": 50, \"high\": 100}}"}
{"op_code":5,"worker_id":"8fc7c5a8-a856-498e-9a81-7ea793f87708-8408","trial_id":6,"param_name":"dropout1","param_value_internal":0.47600539480627885,"distribution":"{\"name\": \"FloatDistribution\", \"attributes\": {\"step\": null, \"low\": 0.2, \"high\": 0.5, \"log\": false}}"}
{"op_code":5,"worker_id":"8fc7c5a8-a856-498e-9a81-7ea793f87708-8408","trial_id":6,"param_name":"rec_dropout1","param_value_internal":0.21155256536891648,"distribution":"{\"name\": \"FloatDistribution\", \"attributes\": {\"step\": null, \"low\": 0.0, \"high\": 0.5, \"log\": false}}"}
{"op_code":5,"worker_id":"8fc7c5a8-a856-498e-9a81-7ea793f87708-8408","trial_id":6,"param_name":"units2","param_value_internal":35.0,"distribution":"{\"name\": \"IntDistribution\", \"attributes\": {\"log\": false, \"step\": 1, \"low\": 20, \"high\": 50}}"}
{"op_code":5,"worker_id":"8fc7c5a8-a856-498e-9a81-7ea793f87708-8408","trial_id":6,"param_name":"dropout2","param_value_internal":0.39565295401075173,"distribution":"{\"name\": \"FloatDistribution\", \"attributes\": {\"step\": null, \"low\": 0.2, \"high\": 0.5, \"log\": false}}"}
{"op_code":5,"worker_id":"8fc7c5a8-a856-498e-9a81-7ea793f87708-8408","trial_id":6,"param_name":"rec_dropout2","param_value_internal":0.4510036979700113,"distribution":"{\"name\": \"FloatDistribution\", \"attributes\": {\"step\": null, \"low\": 0.0, \"high\": 0.5, \"log\": false}}"}
{"op_code":5,"worker_id":"8fc7c5a8-a856-498e-9a81-7ea793f87708-8408","trial_id":6,"param_name":"dense_units","param_value_internal":47.0,"distribution":"{\"name\": \"IntDistribution\", \"attributes\": {\"log\": false, \"step\": 1, \"low\": 16, \"high\": 48}}"}
{"op_code":5,"worker_id":"8fc7c5a8-a856-498e-9a81-7ea793f87708-8408","trial_id":6,"param_name":"activation","param_value_internal":2,"distribution":"{\"name\": \"CategoricalDistribution\", \"attributes\": {\"choices\": [\"relu\", \"tanh\", \"elu\"]}}"}
{"op_code":5,"worker_id":"8fc7c5a8-a856-498e-9a81-7ea793f87708-8408","trial_id":6,"param_name":"optimizer","param_value_internal":1,"distribution":"{\"name\": \"CategoricalDistribution\", \"attributes\": {\"choices\": [\"adam\", \"rmsprop\"]}}"}
{"op_code":5,"worker_id":"8fc7c5a8-a856-498e-9a81-7ea793f87708-8408","trial_id":6,"param_name":"learning_rate","param_value_internal":0.00042226733956036376,"distribution":"{\"name\": \"FloatDistribution\", \"attributes\": {\"step\": null, \"low\": 0.0001, \"high\": 0.001, \"log\": false}}"}
{"op_code":5,"worker_id":"8fc7c5a8-a856-498e-9a81-7ea793f87708-8408","trial_id":6,"param_name":"batch_size","param_value_internal":0,"distribution":"{\"name\": \"CategoricalDistribution\", \"attributes\": {\"choices\": [32, 64, 128]}}"}
{"op_code":5,"worker_id":"8fc7c5a8-a856-498e-9a81-7ea793f87708-8408","trial_id":6,"param_name":"epochs","param_value_internal":31.0,"distribution":"{\"name\": \"IntDistribution\", \"attributes\": {\"log\": false, \"step\": 1, \"low\": 20, \"high\": 60}}"}
{"op_code":6,"worker_id":"d000eb1c-3800-437b-9f0e-feecd064601f-4328","trial_id":5,"state":3,"values":null,"datetime_complete":"2026-01-30T09:48:54.781266"}
{"op_code":6,"worker_id":"8fc7c5a8-a856-498e-9a81-7ea793f87708-8408","trial_id":6,"state":3,"values":null,"datetime_complete":"2026-01-30T09:49:01.963267"}
{"op_code":6,"worker_id":"05040029-c8b6-45b6-bc20-4fe85aee0687-6156","trial_id":2,"state":3,"values":null,"datetime_complete":"2026-01-30T09:49:03.067267"}
{"op_code":6,"worker_id":"6d703748-ba02-46c8-82f8-10532d8694ab-8868","trial_id":4,"state":3,"values":null,"datetime_complete":"2026-01-30T09:49:03.120269"}
{"op_code":6,"worker_id":"16353535-2aac-4da4-86c6-452e43a6d86a-6724","trial_id":0,"state":3,"values":null,"datetime_complete":"2026-01-30T09:49:03.266267"}
{"op_code":6,"worker_id":"fed58794-3a77-4f9f-b884-dff6743f83cc-7136","trial_id":1,"state":3,"values":null,"datetime_complete":"2026-01-30T09:49:22.003259"}
