{"op_code":0,"worker_id":"86a0232d-ced5-44c0-b070-f62fe957f2d8-3792","study_name":"expected_goals","directions":[1]}
{"op_code":4,"worker_id":"86a0232d-ced5-44c0-b070-f62fe957f2d8-3792","study_id":0,"datetime_start":"2026-01-30T12:39:36.742202"}
{"op_code":5,"worker_id":"86a0232d-ced5-44c0-b070-f62fe957f2d8-3792","trial_id":0,"param_name":"num_heads","param_value_internal":4.0,"distribution":"{\"name\": \"IntDistribution\", \"attributes\": {\"log\": false, \"step\": 1, \"low\": 2, \"high\": 4}}"}
{"op_code":5,"worker_id":"86a0232d-ced5-44c0-b070-f62fe957f2d8-3792","trial_id":0,"param_name":"ff_dim","param_value_internal":116.0,"distribution":"{\"name\": \"IntDistribution\", \"attributes\": {\"log\": false, \"step\": 1, \"low\": 64, \"high\": 128}}"}
{"op_code":5,"worker_id":"86a0232d-ced5-44c0-b070-f62fe957f2d8-3792","trial_id":0,"param_name":"dropout1","param_value_internal":0.019150328133095054,"distribution":"{\"name\": \"FloatDistribution\", \"attributes\": {\"step\": null, \"low\": 0.0, \"high\": 0.2, \"log\": false}}"}
{"op_code":5,"worker_id":"86a0232d-ced5-44c0-b070-f62fe957f2d8-3792","trial_id":0,"param_name":"dropout2","param_value_internal":0.12371287267586749,"distribution":"{\"name\": \"FloatDistribution\", \"attributes\": {\"step\": null, \"low\": 0.0, \"high\": 0.2, \"log\": false}}"}
{"op_code":5,"worker_id":"86a0232d-ced5-44c0-b070-f62fe957f2d8-3792","trial_id":0,"param_name":"dense_units","param_value_internal":39.0,"distribution":"{\"name\": \"IntDistribution\", \"attributes\": {\"log\": false, \"step\": 1, \"low\": 16, \"high\": 48}}"}
{"op_code":5,"worker_id":"86a0232d-ced5-44c0-b070-f62fe957f2d8-3792","trial_id":0,"param_name":"activation","param_value_internal":0,"distribution":"{\"name\": \"CategoricalDistribution\", \"attributes\": {\"choices\": [\"relu\", \"tanh\"]}}"}
{"op_code":5,"worker_id":"86a0232d-ced5-44c0-b070-f62fe957f2d8-3792","trial_id":0,"param_name":"optimizer","param_value_internal":0,"distribution":"{\"name\": \"CategoricalDistribution\", \"attributes\": {\"choices\": [\"adam\"]}}"}
{"op_code":5,"worker_id":"86a0232d-ced5-44c0-b070-f62fe957f2d8-3792","trial_id":0,"param_name":"learning_rate","param_value_internal":0.00015452753535070296,"distribution":"{\"name\": \"FloatDistribution\", \"attributes\": {\"step\": null, \"low\": 0.0001, \"high\": 0.0005, \"log\": false}}"}
{"op_code":5,"worker_id":"86a0232d-ced5-44c0-b070-f62fe957f2d8-3792","trial_id":0,"param_name":"batch_size","param_value_internal":1,"distribution":"{\"name\": \"CategoricalDistribution\", \"attributes\": {\"choices\": [32, 64]}}"}
{"op_code":5,"worker_id":"86a0232d-ced5-44c0-b070-f62fe957f2d8-3792","trial_id":0,"param_name":"epochs","param_value_internal":26.0,"distribution":"{\"name\": \"IntDistribution\", \"attributes\": {\"log\": false, \"step\": 1, \"low\": 10, \"high\": 30}}"}
{"op_code":0,"worker_id":"60193298-0d8c-40e5-81f2-64b5c5edecbd-14960","study_name":"expected_goals","directions":[1]}
{"op_code":4,"worker_id":"60193298-0d8c-40e5-81f2-64b5c5edecbd-14960","study_id":0,"datetime_start":"2026-01-30T12:39:43.855379"}
{"op_code":5,"worker_id":"60193298-0d8c-40e5-81f2-64b5c5edecbd-14960","trial_id":1,"param_name":"num_heads","param_value_internal":3.0,"distribution":"{\"name\": \"IntDistribution\", \"attributes\": {\"log\": false, \"step\": 1, \"low\": 2, \"high\": 4}}"}
{"op_code":5,"worker_id":"60193298-0d8c-40e5-81f2-64b5c5edecbd-14960","trial_id":1,"param_name":"ff_dim","param_value_internal":99.0,"distribution":"{\"name\": \"IntDistribution\", \"attributes\": {\"log\": false, \"step\": 1, \"low\": 64, \"high\": 128}}"}
{"op_code":5,"worker_id":"60193298-0d8c-40e5-81f2-64b5c5edecbd-14960","trial_id":1,"param_name":"dropout1","param_value_internal":0.1334092064977611,"distribution":"{\"name\": \"FloatDistribution\", \"attributes\": {\"step\": null, \"low\": 0.0, \"high\": 0.2, \"log\": false}}"}
{"op_code":5,"worker_id":"60193298-0d8c-40e5-81f2-64b5c5edecbd-14960","trial_id":1,"param_name":"dropout2","param_value_internal":0.11011799442105026,"distribution":"{\"name\": \"FloatDistribution\", \"attributes\": {\"step\": null, \"low\": 0.0, \"high\": 0.2, \"log\": false}}"}
{"op_code":5,"worker_id":"60193298-0d8c-40e5-81f2-64b5c5edecbd-14960","trial_id":1,"param_name":"dense_units","param_value_internal":20.0,"distribution":"{\"name\": \"IntDistribution\", \"attributes\": {\"log\": false, \"step\": 1, \"low\": 16, \"high\": 48}}"}
{"op_code":5,"worker_id":"60193298-0d8c-40e5-81f2-64b5c5edecbd-14960","trial_id":1,"param_name":"activation","param_value_internal":0,"distribution":"{\"name\": \"CategoricalDistribution\", \"attributes\": {\"choices\": [\"relu\", \"tanh\"]}}"}
{"op_code":5,"worker_id":"60193298-0d8c-40e5-81f2-64b5c5edecbd-14960","trial_id":1,"param_name":"optimizer","param_value_internal":0,"distribution":"{\"name\": \"CategoricalDistribution\", \"attributes\": {\"choices\": [\"adam\"]}}"}
{"op_code":5,"worker_id":"60193298-0d8c-40e5-81f2-64b5c5edecbd-14960","trial_id":1,"param_name":"learning_rate","param_value_internal":0.0003768549499680059,"distribution":"{\"name\": \"FloatDistribution\", \"attributes\": {\"step\": null, \"low\": 0.0001, \"high\": 0.0005, \"log\": false}}"}
{"op_code":5,"worker_id":"60193298-0d8c-40e5-81f2-64b5c5edecbd-14960","trial_id":1,"param_name":"batch_size","param_value_internal":0,"distribution":"{\"name\": \"CategoricalDistribution\", \"attributes\": {\"choices\": [32, 64]}}"}
{"op_code":5,"worker_id":"60193298-0d8c-40e5-81f2-64b5c5edecbd-14960","trial_id":1,"param_name":"epochs","param_value_internal":21.0,"distribution":"{\"name\": \"IntDistribution\", \"attributes\": {\"log\": false, \"step\": 1, \"low\": 10, \"high\": 30}}"}
