{"op_code":0,"worker_id":"5f04aad9-606b-466a-ae39-c561156c8b41-356","study_name":"expected_goals","directions":[1]}
{"op_code":4,"worker_id":"5f04aad9-606b-466a-ae39-c561156c8b41-356","study_id":0,"datetime_start":"2026-01-30T12:58:58.775173"}
{"op_code":5,"worker_id":"5f04aad9-606b-466a-ae39-c561156c8b41-356","trial_id":0,"param_name":"num_heads","param_value_internal":3.0,"distribution":"{\"name\": \"IntDistribution\", \"attributes\": {\"log\": false, \"step\": 1, \"low\": 2, \"high\": 3}}"}
{"op_code":5,"worker_id":"5f04aad9-606b-466a-ae39-c561156c8b41-356","trial_id":0,"param_name":"ff_dim","param_value_internal":53.0,"distribution":"{\"name\": \"IntDistribution\", \"attributes\": {\"log\": false, \"step\": 1, \"low\": 32, \"high\": 96}}"}
{"op_code":5,"worker_id":"5f04aad9-606b-466a-ae39-c561156c8b41-356","trial_id":0,"param_name":"dropout1","param_value_internal":0.18449960665585327,"distribution":"{\"name\": \"FloatDistribution\", \"attributes\": {\"step\": null, \"low\": 0.0, \"high\": 0.2, \"log\": false}}"}
{"op_code":5,"worker_id":"5f04aad9-606b-466a-ae39-c561156c8b41-356","trial_id":0,"param_name":"dropout2","param_value_internal":0.06367054087495819,"distribution":"{\"name\": \"FloatDistribution\", \"attributes\": {\"step\": null, \"low\": 0.0, \"high\": 0.2, \"log\": false}}"}
{"op_code":5,"worker_id":"5f04aad9-606b-466a-ae39-c561156c8b41-356","trial_id":0,"param_name":"dense_units","param_value_internal":30.0,"distribution":"{\"name\": \"IntDistribution\", \"attributes\": {\"log\": false, \"step\": 1, \"low\": 16, \"high\": 32}}"}
{"op_code":5,"worker_id":"5f04aad9-606b-466a-ae39-c561156c8b41-356","trial_id":0,"param_name":"activation","param_value_internal":1,"distribution":"{\"name\": \"CategoricalDistribution\", \"attributes\": {\"choices\": [\"relu\", \"tanh\"]}}"}
{"op_code":5,"worker_id":"5f04aad9-606b-466a-ae39-c561156c8b41-356","trial_id":0,"param_name":"optimizer","param_value_internal":0,"distribution":"{\"name\": \"CategoricalDistribution\", \"attributes\": {\"choices\": [\"adam\"]}}"}
{"op_code":5,"worker_id":"5f04aad9-606b-466a-ae39-c561156c8b41-356","trial_id":0,"param_name":"learning_rate","param_value_internal":0.00027750235115442964,"distribution":"{\"name\": \"FloatDistribution\", \"attributes\": {\"step\": null, \"low\": 0.0001, \"high\": 0.0005, \"log\": false}}"}
{"op_code":5,"worker_id":"5f04aad9-606b-466a-ae39-c561156c8b41-356","trial_id":0,"param_name":"batch_size","param_value_internal":0,"distribution":"{\"name\": \"CategoricalDistribution\", \"attributes\": {\"choices\": [32, 64]}}"}
{"op_code":5,"worker_id":"5f04aad9-606b-466a-ae39-c561156c8b41-356","trial_id":0,"param_name":"epochs","param_value_internal":10.0,"distribution":"{\"name\": \"IntDistribution\", \"attributes\": {\"log\": false, \"step\": 1, \"low\": 5, \"high\": 10}}"}
{"op_code":0,"worker_id":"dd7aa3d7-d6ca-4a59-8420-b6c2a4911bb1-2516","study_name":"expected_goals","directions":[1]}
{"op_code":4,"worker_id":"dd7aa3d7-d6ca-4a59-8420-b6c2a4911bb1-2516","study_id":0,"datetime_start":"2026-01-30T12:59:05.327704"}
{"op_code":5,"worker_id":"dd7aa3d7-d6ca-4a59-8420-b6c2a4911bb1-2516","trial_id":1,"param_name":"num_heads","param_value_internal":3.0,"distribution":"{\"name\": \"IntDistribution\", \"attributes\": {\"log\": false, \"step\": 1, \"low\": 2, \"high\": 3}}"}
{"op_code":5,"worker_id":"dd7aa3d7-d6ca-4a59-8420-b6c2a4911bb1-2516","trial_id":1,"param_name":"ff_dim","param_value_internal":65.0,"distribution":"{\"name\": \"IntDistribution\", \"attributes\": {\"log\": false, \"step\": 1, \"low\": 32, \"high\": 96}}"}
{"op_code":5,"worker_id":"dd7aa3d7-d6ca-4a59-8420-b6c2a4911bb1-2516","trial_id":1,"param_name":"dropout1","param_value_internal":0.19614062783538522,"distribution":"{\"name\": \"FloatDistribution\", \"attributes\": {\"step\": null, \"low\": 0.0, \"high\": 0.2, \"log\": false}}"}
{"op_code":5,"worker_id":"dd7aa3d7-d6ca-4a59-8420-b6c2a4911bb1-2516","trial_id":1,"param_name":"dropout2","param_value_internal":0.11815674511831571,"distribution":"{\"name\": \"FloatDistribution\", \"attributes\": {\"step\": null, \"low\": 0.0, \"high\": 0.2, \"log\": false}}"}
{"op_code":5,"worker_id":"dd7aa3d7-d6ca-4a59-8420-b6c2a4911bb1-2516","trial_id":1,"param_name":"dense_units","param_value_internal":29.0,"distribution":"{\"name\": \"IntDistribution\", \"attributes\": {\"log\": false, \"step\": 1, \"low\": 16, \"high\": 32}}"}
{"op_code":5,"worker_id":"dd7aa3d7-d6ca-4a59-8420-b6c2a4911bb1-2516","trial_id":1,"param_name":"activation","param_value_internal":0,"distribution":"{\"name\": \"CategoricalDistribution\", \"attributes\": {\"choices\": [\"relu\", \"tanh\"]}}"}
{"op_code":5,"worker_id":"dd7aa3d7-d6ca-4a59-8420-b6c2a4911bb1-2516","trial_id":1,"param_name":"optimizer","param_value_internal":0,"distribution":"{\"name\": \"CategoricalDistribution\", \"attributes\": {\"choices\": [\"adam\"]}}"}
{"op_code":5,"worker_id":"dd7aa3d7-d6ca-4a59-8420-b6c2a4911bb1-2516","trial_id":1,"param_name":"learning_rate","param_value_internal":0.00047197802099870127,"distribution":"{\"name\": \"FloatDistribution\", \"attributes\": {\"step\": null, \"low\": 0.0001, \"high\": 0.0005, \"log\": false}}"}
{"op_code":5,"worker_id":"dd7aa3d7-d6ca-4a59-8420-b6c2a4911bb1-2516","trial_id":1,"param_name":"batch_size","param_value_internal":1,"distribution":"{\"name\": \"CategoricalDistribution\", \"attributes\": {\"choices\": [32, 64]}}"}
{"op_code":5,"worker_id":"dd7aa3d7-d6ca-4a59-8420-b6c2a4911bb1-2516","trial_id":1,"param_name":"epochs","param_value_internal":5.0,"distribution":"{\"name\": \"IntDistribution\", \"attributes\": {\"log\": false, \"step\": 1, \"low\": 5, \"high\": 10}}"}
{"op_code":0,"worker_id":"41505bb3-6e52-4dfa-85d2-070352de8b5c-19640","study_name":"expected_goals","directions":[1]}
