{"op_code":0,"worker_id":"642c847f-f3b9-460c-9bce-10df67300ea7-5636","study_name":"expected_goals","directions":[1]}
{"op_code":4,"worker_id":"642c847f-f3b9-460c-9bce-10df67300ea7-5636","study_id":0,"datetime_start":"2026-01-30T11:54:31.830906"}
{"op_code":5,"worker_id":"642c847f-f3b9-460c-9bce-10df67300ea7-5636","trial_id":0,"param_name":"num_heads","param_value_internal":3.0,"distribution":"{\"name\": \"IntDistribution\", \"attributes\": {\"log\": false, \"step\": 1, \"low\": 2, \"high\": 4}}"}
{"op_code":5,"worker_id":"642c847f-f3b9-460c-9bce-10df67300ea7-5636","trial_id":0,"param_name":"ff_dim","param_value_internal":69.0,"distribution":"{\"name\": \"IntDistribution\", \"attributes\": {\"log\": false, \"step\": 1, \"low\": 64, \"high\": 128}}"}
{"op_code":5,"worker_id":"642c847f-f3b9-460c-9bce-10df67300ea7-5636","trial_id":0,"param_name":"dropout1","param_value_internal":0.08286664651219351,"distribution":"{\"name\": \"FloatDistribution\", \"attributes\": {\"step\": null, \"low\": 0.0, \"high\": 0.2, \"log\": false}}"}
{"op_code":5,"worker_id":"642c847f-f3b9-460c-9bce-10df67300ea7-5636","trial_id":0,"param_name":"dropout2","param_value_internal":0.16797895753767136,"distribution":"{\"name\": \"FloatDistribution\", \"attributes\": {\"step\": null, \"low\": 0.0, \"high\": 0.2, \"log\": false}}"}
{"op_code":5,"worker_id":"642c847f-f3b9-460c-9bce-10df67300ea7-5636","trial_id":0,"param_name":"window_time","param_value_internal":10.0,"distribution":"{\"name\": \"IntDistribution\", \"attributes\": {\"log\": false, \"step\": 1, \"low\": 10, \"high\": 30}}"}
{"op_code":5,"worker_id":"642c847f-f3b9-460c-9bce-10df67300ea7-5636","trial_id":0,"param_name":"horizon_time","param_value_internal":2.0,"distribution":"{\"name\": \"IntDistribution\", \"attributes\": {\"log\": false, \"step\": 1, \"low\": 2, \"high\": 5}}"}
{"op_code":5,"worker_id":"642c847f-f3b9-460c-9bce-10df67300ea7-5636","trial_id":0,"param_name":"dense_units","param_value_internal":19.0,"distribution":"{\"name\": \"IntDistribution\", \"attributes\": {\"log\": false, \"step\": 1, \"low\": 16, \"high\": 48}}"}
{"op_code":5,"worker_id":"642c847f-f3b9-460c-9bce-10df67300ea7-5636","trial_id":0,"param_name":"activation","param_value_internal":0,"distribution":"{\"name\": \"CategoricalDistribution\", \"attributes\": {\"choices\": [\"relu\", \"tanh\"]}}"}
{"op_code":5,"worker_id":"642c847f-f3b9-460c-9bce-10df67300ea7-5636","trial_id":0,"param_name":"optimizer","param_value_internal":0,"distribution":"{\"name\": \"CategoricalDistribution\", \"attributes\": {\"choices\": [\"adam\"]}}"}
{"op_code":5,"worker_id":"642c847f-f3b9-460c-9bce-10df67300ea7-5636","trial_id":0,"param_name":"learning_rate","param_value_internal":0.0004091908615006334,"distribution":"{\"name\": \"FloatDistribution\", \"attributes\": {\"step\": null, \"low\": 0.0001, \"high\": 0.0005, \"log\": false}}"}
{"op_code":5,"worker_id":"642c847f-f3b9-460c-9bce-10df67300ea7-5636","trial_id":0,"param_name":"batch_size","param_value_internal":1,"distribution":"{\"name\": \"CategoricalDistribution\", \"attributes\": {\"choices\": [32, 64]}}"}
{"op_code":5,"worker_id":"642c847f-f3b9-460c-9bce-10df67300ea7-5636","trial_id":0,"param_name":"epochs","param_value_internal":19.0,"distribution":"{\"name\": \"IntDistribution\", \"attributes\": {\"log\": false, \"step\": 1, \"low\": 10, \"high\": 30}}"}
{"op_code":0,"worker_id":"26faa7a9-14c1-49d0-85f8-cdd11c1c79a6-20136","study_name":"expected_goals","directions":[1]}
{"op_code":4,"worker_id":"26faa7a9-14c1-49d0-85f8-cdd11c1c79a6-20136","study_id":0,"datetime_start":"2026-01-30T11:54:37.637909"}
{"op_code":5,"worker_id":"26faa7a9-14c1-49d0-85f8-cdd11c1c79a6-20136","trial_id":1,"param_name":"num_heads","param_value_internal":2.0,"distribution":"{\"name\": \"IntDistribution\", \"attributes\": {\"log\": false, \"step\": 1, \"low\": 2, \"high\": 4}}"}
{"op_code":5,"worker_id":"26faa7a9-14c1-49d0-85f8-cdd11c1c79a6-20136","trial_id":1,"param_name":"ff_dim","param_value_internal":86.0,"distribution":"{\"name\": \"IntDistribution\", \"attributes\": {\"log\": false, \"step\": 1, \"low\": 64, \"high\": 128}}"}
{"op_code":5,"worker_id":"26faa7a9-14c1-49d0-85f8-cdd11c1c79a6-20136","trial_id":1,"param_name":"dropout1","param_value_internal":0.024861337657877437,"distribution":"{\"name\": \"FloatDistribution\", \"attributes\": {\"step\": null, \"low\": 0.0, \"high\": 0.2, \"log\": false}}"}
{"op_code":5,"worker_id":"26faa7a9-14c1-49d0-85f8-cdd11c1c79a6-20136","trial_id":1,"param_name":"dropout2","param_value_internal":0.016272627279692232,"distribution":"{\"name\": \"FloatDistribution\", \"attributes\": {\"step\": null, \"low\": 0.0, \"high\": 0.2, \"log\": false}}"}
{"op_code":5,"worker_id":"26faa7a9-14c1-49d0-85f8-cdd11c1c79a6-20136","trial_id":1,"param_name":"window_time","param_value_internal":26.0,"distribution":"{\"name\": \"IntDistribution\", \"attributes\": {\"log\": false, \"step\": 1, \"low\": 10, \"high\": 30}}"}
{"op_code":5,"worker_id":"26faa7a9-14c1-49d0-85f8-cdd11c1c79a6-20136","trial_id":1,"param_name":"horizon_time","param_value_internal":4.0,"distribution":"{\"name\": \"IntDistribution\", \"attributes\": {\"log\": false, \"step\": 1, \"low\": 2, \"high\": 5}}"}
{"op_code":5,"worker_id":"26faa7a9-14c1-49d0-85f8-cdd11c1c79a6-20136","trial_id":1,"param_name":"dense_units","param_value_internal":38.0,"distribution":"{\"name\": \"IntDistribution\", \"attributes\": {\"log\": false, \"step\": 1, \"low\": 16, \"high\": 48}}"}
{"op_code":5,"worker_id":"26faa7a9-14c1-49d0-85f8-cdd11c1c79a6-20136","trial_id":1,"param_name":"activation","param_value_internal":1,"distribution":"{\"name\": \"CategoricalDistribution\", \"attributes\": {\"choices\": [\"relu\", \"tanh\"]}}"}
{"op_code":5,"worker_id":"26faa7a9-14c1-49d0-85f8-cdd11c1c79a6-20136","trial_id":1,"param_name":"optimizer","param_value_internal":0,"distribution":"{\"name\": \"CategoricalDistribution\", \"attributes\": {\"choices\": [\"adam\"]}}"}
{"op_code":5,"worker_id":"26faa7a9-14c1-49d0-85f8-cdd11c1c79a6-20136","trial_id":1,"param_name":"learning_rate","param_value_internal":0.00043361353017085943,"distribution":"{\"name\": \"FloatDistribution\", \"attributes\": {\"step\": null, \"low\": 0.0001, \"high\": 0.0005, \"log\": false}}"}
{"op_code":5,"worker_id":"26faa7a9-14c1-49d0-85f8-cdd11c1c79a6-20136","trial_id":1,"param_name":"batch_size","param_value_internal":1,"distribution":"{\"name\": \"CategoricalDistribution\", \"attributes\": {\"choices\": [32, 64]}}"}
{"op_code":5,"worker_id":"26faa7a9-14c1-49d0-85f8-cdd11c1c79a6-20136","trial_id":1,"param_name":"epochs","param_value_internal":30.0,"distribution":"{\"name\": \"IntDistribution\", \"attributes\": {\"log\": false, \"step\": 1, \"low\": 10, \"high\": 30}}"}
{"op_code":0,"worker_id":"7b3ee181-1340-42b7-8caa-42eaae815058-6184","study_name":"expected_goals","directions":[1]}
{"op_code":4,"worker_id":"7b3ee181-1340-42b7-8caa-42eaae815058-6184","study_id":0,"datetime_start":"2026-01-30T11:54:45.326909"}
{"op_code":5,"worker_id":"7b3ee181-1340-42b7-8caa-42eaae815058-6184","trial_id":2,"param_name":"num_heads","param_value_internal":4.0,"distribution":"{\"name\": \"IntDistribution\", \"attributes\": {\"log\": false, \"step\": 1, \"low\": 2, \"high\": 4}}"}
{"op_code":5,"worker_id":"7b3ee181-1340-42b7-8caa-42eaae815058-6184","trial_id":2,"param_name":"ff_dim","param_value_internal":122.0,"distribution":"{\"name\": \"IntDistribution\", \"attributes\": {\"log\": false, \"step\": 1, \"low\": 64, \"high\": 128}}"}
{"op_code":5,"worker_id":"7b3ee181-1340-42b7-8caa-42eaae815058-6184","trial_id":2,"param_name":"dropout1","param_value_internal":0.07137364751615648,"distribution":"{\"name\": \"FloatDistribution\", \"attributes\": {\"step\": null, \"low\": 0.0, \"high\": 0.2, \"log\": false}}"}
{"op_code":5,"worker_id":"7b3ee181-1340-42b7-8caa-42eaae815058-6184","trial_id":2,"param_name":"dropout2","param_value_internal":0.12166274113353343,"distribution":"{\"name\": \"FloatDistribution\", \"attributes\": {\"step\": null, \"low\": 0.0, \"high\": 0.2, \"log\": false}}"}
{"op_code":5,"worker_id":"7b3ee181-1340-42b7-8caa-42eaae815058-6184","trial_id":2,"param_name":"window_time","param_value_internal":30.0,"distribution":"{\"name\": \"IntDistribution\", \"attributes\": {\"log\": false, \"step\": 1, \"low\": 10, \"high\": 30}}"}
{"op_code":5,"worker_id":"7b3ee181-1340-42b7-8caa-42eaae815058-6184","trial_id":2,"param_name":"horizon_time","param_value_internal":5.0,"distribution":"{\"name\": \"IntDistribution\", \"attributes\": {\"log\": false, \"step\": 1, \"low\": 2, \"high\": 5}}"}
{"op_code":5,"worker_id":"7b3ee181-1340-42b7-8caa-42eaae815058-6184","trial_id":2,"param_name":"dense_units","param_value_internal":33.0,"distribution":"{\"name\": \"IntDistribution\", \"attributes\": {\"log\": false, \"step\": 1, \"low\": 16, \"high\": 48}}"}
{"op_code":5,"worker_id":"7b3ee181-1340-42b7-8caa-42eaae815058-6184","trial_id":2,"param_name":"activation","param_value_internal":1,"distribution":"{\"name\": \"CategoricalDistribution\", \"attributes\": {\"choices\": [\"relu\", \"tanh\"]}}"}
{"op_code":5,"worker_id":"7b3ee181-1340-42b7-8caa-42eaae815058-6184","trial_id":2,"param_name":"optimizer","param_value_internal":0,"distribution":"{\"name\": \"CategoricalDistribution\", \"attributes\": {\"choices\": [\"adam\"]}}"}
{"op_code":5,"worker_id":"7b3ee181-1340-42b7-8caa-42eaae815058-6184","trial_id":2,"param_name":"learning_rate","param_value_internal":0.00045951637966873605,"distribution":"{\"name\": \"FloatDistribution\", \"attributes\": {\"step\": null, \"low\": 0.0001, \"high\": 0.0005, \"log\": false}}"}
{"op_code":5,"worker_id":"7b3ee181-1340-42b7-8caa-42eaae815058-6184","trial_id":2,"param_name":"batch_size","param_value_internal":0,"distribution":"{\"name\": \"CategoricalDistribution\", \"attributes\": {\"choices\": [32, 64]}}"}
{"op_code":5,"worker_id":"7b3ee181-1340-42b7-8caa-42eaae815058-6184","trial_id":2,"param_name":"epochs","param_value_internal":30.0,"distribution":"{\"name\": \"IntDistribution\", \"attributes\": {\"log\": false, \"step\": 1, \"low\": 10, \"high\": 30}}"}
{"op_code":0,"worker_id":"20fb66cb-d562-4ae9-81bd-93290b943e32-20064","study_name":"expected_goals","directions":[1]}
{"op_code":4,"worker_id":"20fb66cb-d562-4ae9-81bd-93290b943e32-20064","study_id":0,"datetime_start":"2026-01-30T11:54:56.803908"}
{"op_code":5,"worker_id":"20fb66cb-d562-4ae9-81bd-93290b943e32-20064","trial_id":3,"param_name":"num_heads","param_value_internal":4.0,"distribution":"{\"name\": \"IntDistribution\", \"attributes\": {\"log\": false, \"step\": 1, \"low\": 2, \"high\": 4}}"}
{"op_code":5,"worker_id":"20fb66cb-d562-4ae9-81bd-93290b943e32-20064","trial_id":3,"param_name":"ff_dim","param_value_internal":85.0,"distribution":"{\"name\": \"IntDistribution\", \"attributes\": {\"log\": false, \"step\": 1, \"low\": 64, \"high\": 128}}"}
{"op_code":5,"worker_id":"20fb66cb-d562-4ae9-81bd-93290b943e32-20064","trial_id":3,"param_name":"dropout1","param_value_internal":0.07756970513283501,"distribution":"{\"name\": \"FloatDistribution\", \"attributes\": {\"step\": null, \"low\": 0.0, \"high\": 0.2, \"log\": false}}"}
{"op_code":5,"worker_id":"20fb66cb-d562-4ae9-81bd-93290b943e32-20064","trial_id":3,"param_name":"dropout2","param_value_internal":0.12204565188009671,"distribution":"{\"name\": \"FloatDistribution\", \"attributes\": {\"step\": null, \"low\": 0.0, \"high\": 0.2, \"log\": false}}"}
{"op_code":5,"worker_id":"20fb66cb-d562-4ae9-81bd-93290b943e32-20064","trial_id":3,"param_name":"window_time","param_value_internal":26.0,"distribution":"{\"name\": \"IntDistribution\", \"attributes\": {\"log\": false, \"step\": 1, \"low\": 10, \"high\": 30}}"}
{"op_code":5,"worker_id":"20fb66cb-d562-4ae9-81bd-93290b943e32-20064","trial_id":3,"param_name":"horizon_time","param_value_internal":3.0,"distribution":"{\"name\": \"IntDistribution\", \"attributes\": {\"log\": false, \"step\": 1, \"low\": 2, \"high\": 5}}"}
{"op_code":5,"worker_id":"20fb66cb-d562-4ae9-81bd-93290b943e32-20064","trial_id":3,"param_name":"dense_units","param_value_internal":34.0,"distribution":"{\"name\": \"IntDistribution\", \"attributes\": {\"log\": false, \"step\": 1, \"low\": 16, \"high\": 48}}"}
{"op_code":5,"worker_id":"20fb66cb-d562-4ae9-81bd-93290b943e32-20064","trial_id":3,"param_name":"activation","param_value_internal":0,"distribution":"{\"name\": \"CategoricalDistribution\", \"attributes\": {\"choices\": [\"relu\", \"tanh\"]}}"}
{"op_code":5,"worker_id":"20fb66cb-d562-4ae9-81bd-93290b943e32-20064","trial_id":3,"param_name":"optimizer","param_value_internal":0,"distribution":"{\"name\": \"CategoricalDistribution\", \"attributes\": {\"choices\": [\"adam\"]}}"}
{"op_code":5,"worker_id":"20fb66cb-d562-4ae9-81bd-93290b943e32-20064","trial_id":3,"param_name":"learning_rate","param_value_internal":0.0004075785835570551,"distribution":"{\"name\": \"FloatDistribution\", \"attributes\": {\"step\": null, \"low\": 0.0001, \"high\": 0.0005, \"log\": false}}"}
{"op_code":5,"worker_id":"20fb66cb-d562-4ae9-81bd-93290b943e32-20064","trial_id":3,"param_name":"batch_size","param_value_internal":1,"distribution":"{\"name\": \"CategoricalDistribution\", \"attributes\": {\"choices\": [32, 64]}}"}
{"op_code":5,"worker_id":"20fb66cb-d562-4ae9-81bd-93290b943e32-20064","trial_id":3,"param_name":"epochs","param_value_internal":18.0,"distribution":"{\"name\": \"IntDistribution\", \"attributes\": {\"log\": false, \"step\": 1, \"low\": 10, \"high\": 30}}"}
{"op_code":0,"worker_id":"d1b0669b-3637-4d33-b1ca-163bbf886628-12652","study_name":"expected_goals","directions":[1]}
{"op_code":4,"worker_id":"d1b0669b-3637-4d33-b1ca-163bbf886628-12652","study_id":0,"datetime_start":"2026-01-30T11:55:12.657907"}
