{"op_code":0,"worker_id":"6e3c7f91-7e6f-4232-a447-e7ec84b938f9-1708","study_name":"expected_goals","directions":[1]}
{"op_code":4,"worker_id":"6e3c7f91-7e6f-4232-a447-e7ec84b938f9-1708","study_id":0,"datetime_start":"2026-01-30T12:37:59.843385"}
{"op_code":5,"worker_id":"6e3c7f91-7e6f-4232-a447-e7ec84b938f9-1708","trial_id":0,"param_name":"num_heads","param_value_internal":4.0,"distribution":"{\"name\": \"IntDistribution\", \"attributes\": {\"log\": false, \"step\": 1, \"low\": 2, \"high\": 4}}"}
{"op_code":5,"worker_id":"6e3c7f91-7e6f-4232-a447-e7ec84b938f9-1708","trial_id":0,"param_name":"ff_dim","param_value_internal":102.0,"distribution":"{\"name\": \"IntDistribution\", \"attributes\": {\"log\": false, \"step\": 1, \"low\": 64, \"high\": 128}}"}
{"op_code":5,"worker_id":"6e3c7f91-7e6f-4232-a447-e7ec84b938f9-1708","trial_id":0,"param_name":"dropout1","param_value_internal":0.044361607704281575,"distribution":"{\"name\": \"FloatDistribution\", \"attributes\": {\"step\": null, \"low\": 0.0, \"high\": 0.2, \"log\": false}}"}
{"op_code":5,"worker_id":"6e3c7f91-7e6f-4232-a447-e7ec84b938f9-1708","trial_id":0,"param_name":"dropout2","param_value_internal":0.048383077007169976,"distribution":"{\"name\": \"FloatDistribution\", \"attributes\": {\"step\": null, \"low\": 0.0, \"high\": 0.2, \"log\": false}}"}
{"op_code":5,"worker_id":"6e3c7f91-7e6f-4232-a447-e7ec84b938f9-1708","trial_id":0,"param_name":"dense_units","param_value_internal":28.0,"distribution":"{\"name\": \"IntDistribution\", \"attributes\": {\"log\": false, \"step\": 1, \"low\": 16, \"high\": 48}}"}
{"op_code":5,"worker_id":"6e3c7f91-7e6f-4232-a447-e7ec84b938f9-1708","trial_id":0,"param_name":"activation","param_value_internal":0,"distribution":"{\"name\": \"CategoricalDistribution\", \"attributes\": {\"choices\": [\"relu\", \"tanh\"]}}"}
{"op_code":5,"worker_id":"6e3c7f91-7e6f-4232-a447-e7ec84b938f9-1708","trial_id":0,"param_name":"optimizer","param_value_internal":0,"distribution":"{\"name\": \"CategoricalDistribution\", \"attributes\": {\"choices\": [\"adam\"]}}"}
{"op_code":5,"worker_id":"6e3c7f91-7e6f-4232-a447-e7ec84b938f9-1708","trial_id":0,"param_name":"learning_rate","param_value_internal":0.00045747899742424686,"distribution":"{\"name\": \"FloatDistribution\", \"attributes\": {\"step\": null, \"low\": 0.0001, \"high\": 0.0005, \"log\": false}}"}
{"op_code":5,"worker_id":"6e3c7f91-7e6f-4232-a447-e7ec84b938f9-1708","trial_id":0,"param_name":"batch_size","param_value_internal":1,"distribution":"{\"name\": \"CategoricalDistribution\", \"attributes\": {\"choices\": [32, 64]}}"}
{"op_code":5,"worker_id":"6e3c7f91-7e6f-4232-a447-e7ec84b938f9-1708","trial_id":0,"param_name":"epochs","param_value_internal":21.0,"distribution":"{\"name\": \"IntDistribution\", \"attributes\": {\"log\": false, \"step\": 1, \"low\": 10, \"high\": 30}}"}
{"op_code":0,"worker_id":"a4db804e-a2b7-4aa0-8caf-646c9d3136e0-4500","study_name":"expected_goals","directions":[1]}
{"op_code":4,"worker_id":"a4db804e-a2b7-4aa0-8caf-646c9d3136e0-4500","study_id":0,"datetime_start":"2026-01-30T12:38:06.364125"}
{"op_code":5,"worker_id":"a4db804e-a2b7-4aa0-8caf-646c9d3136e0-4500","trial_id":1,"param_name":"num_heads","param_value_internal":2.0,"distribution":"{\"name\": \"IntDistribution\", \"attributes\": {\"log\": false, \"step\": 1, \"low\": 2, \"high\": 4}}"}
{"op_code":5,"worker_id":"a4db804e-a2b7-4aa0-8caf-646c9d3136e0-4500","trial_id":1,"param_name":"ff_dim","param_value_internal":125.0,"distribution":"{\"name\": \"IntDistribution\", \"attributes\": {\"log\": false, \"step\": 1, \"low\": 64, \"high\": 128}}"}
{"op_code":5,"worker_id":"a4db804e-a2b7-4aa0-8caf-646c9d3136e0-4500","trial_id":1,"param_name":"dropout1","param_value_internal":0.17772843502886637,"distribution":"{\"name\": \"FloatDistribution\", \"attributes\": {\"step\": null, \"low\": 0.0, \"high\": 0.2, \"log\": false}}"}
{"op_code":5,"worker_id":"a4db804e-a2b7-4aa0-8caf-646c9d3136e0-4500","trial_id":1,"param_name":"dropout2","param_value_internal":0.19249602644129643,"distribution":"{\"name\": \"FloatDistribution\", \"attributes\": {\"step\": null, \"low\": 0.0, \"high\": 0.2, \"log\": false}}"}
{"op_code":5,"worker_id":"a4db804e-a2b7-4aa0-8caf-646c9d3136e0-4500","trial_id":1,"param_name":"dense_units","param_value_internal":46.0,"distribution":"{\"name\": \"IntDistribution\", \"attributes\": {\"log\": false, \"step\": 1, \"low\": 16, \"high\": 48}}"}
{"op_code":5,"worker_id":"a4db804e-a2b7-4aa0-8caf-646c9d3136e0-4500","trial_id":1,"param_name":"activation","param_value_internal":0,"distribution":"{\"name\": \"CategoricalDistribution\", \"attributes\": {\"choices\": [\"relu\", \"tanh\"]}}"}
{"op_code":5,"worker_id":"a4db804e-a2b7-4aa0-8caf-646c9d3136e0-4500","trial_id":1,"param_name":"optimizer","param_value_internal":0,"distribution":"{\"name\": \"CategoricalDistribution\", \"attributes\": {\"choices\": [\"adam\"]}}"}
{"op_code":5,"worker_id":"a4db804e-a2b7-4aa0-8caf-646c9d3136e0-4500","trial_id":1,"param_name":"learning_rate","param_value_internal":0.00029058483760995707,"distribution":"{\"name\": \"FloatDistribution\", \"attributes\": {\"step\": null, \"low\": 0.0001, \"high\": 0.0005, \"log\": false}}"}
{"op_code":5,"worker_id":"a4db804e-a2b7-4aa0-8caf-646c9d3136e0-4500","trial_id":1,"param_name":"batch_size","param_value_internal":0,"distribution":"{\"name\": \"CategoricalDistribution\", \"attributes\": {\"choices\": [32, 64]}}"}
{"op_code":5,"worker_id":"a4db804e-a2b7-4aa0-8caf-646c9d3136e0-4500","trial_id":1,"param_name":"epochs","param_value_internal":21.0,"distribution":"{\"name\": \"IntDistribution\", \"attributes\": {\"log\": false, \"step\": 1, \"low\": 10, \"high\": 30}}"}
{"op_code":0,"worker_id":"30d5ad04-d4c1-4236-b8d1-136f8c603547-1960","study_name":"expected_goals","directions":[1]}
{"op_code":4,"worker_id":"30d5ad04-d4c1-4236-b8d1-136f8c603547-1960","study_id":0,"datetime_start":"2026-01-30T12:38:14.391009"}
{"op_code":5,"worker_id":"30d5ad04-d4c1-4236-b8d1-136f8c603547-1960","trial_id":2,"param_name":"num_heads","param_value_internal":2.0,"distribution":"{\"name\": \"IntDistribution\", \"attributes\": {\"log\": false, \"step\": 1, \"low\": 2, \"high\": 4}}"}
{"op_code":5,"worker_id":"30d5ad04-d4c1-4236-b8d1-136f8c603547-1960","trial_id":2,"param_name":"ff_dim","param_value_internal":67.0,"distribution":"{\"name\": \"IntDistribution\", \"attributes\": {\"log\": false, \"step\": 1, \"low\": 64, \"high\": 128}}"}
{"op_code":5,"worker_id":"30d5ad04-d4c1-4236-b8d1-136f8c603547-1960","trial_id":2,"param_name":"dropout1","param_value_internal":0.07135612274590124,"distribution":"{\"name\": \"FloatDistribution\", \"attributes\": {\"step\": null, \"low\": 0.0, \"high\": 0.2, \"log\": false}}"}
{"op_code":5,"worker_id":"30d5ad04-d4c1-4236-b8d1-136f8c603547-1960","trial_id":2,"param_name":"dropout2","param_value_internal":0.08832115477015212,"distribution":"{\"name\": \"FloatDistribution\", \"attributes\": {\"step\": null, \"low\": 0.0, \"high\": 0.2, \"log\": false}}"}
{"op_code":5,"worker_id":"30d5ad04-d4c1-4236-b8d1-136f8c603547-1960","trial_id":2,"param_name":"dense_units","param_value_internal":22.0,"distribution":"{\"name\": \"IntDistribution\", \"attributes\": {\"log\": false, \"step\": 1, \"low\": 16, \"high\": 48}}"}
{"op_code":5,"worker_id":"30d5ad04-d4c1-4236-b8d1-136f8c603547-1960","trial_id":2,"param_name":"activation","param_value_internal":1,"distribution":"{\"name\": \"CategoricalDistribution\", \"attributes\": {\"choices\": [\"relu\", \"tanh\"]}}"}
{"op_code":5,"worker_id":"30d5ad04-d4c1-4236-b8d1-136f8c603547-1960","trial_id":2,"param_name":"optimizer","param_value_internal":0,"distribution":"{\"name\": \"CategoricalDistribution\", \"attributes\": {\"choices\": [\"adam\"]}}"}
{"op_code":5,"worker_id":"30d5ad04-d4c1-4236-b8d1-136f8c603547-1960","trial_id":2,"param_name":"learning_rate","param_value_internal":0.000292554562442783,"distribution":"{\"name\": \"FloatDistribution\", \"attributes\": {\"step\": null, \"low\": 0.0001, \"high\": 0.0005, \"log\": false}}"}
{"op_code":5,"worker_id":"30d5ad04-d4c1-4236-b8d1-136f8c603547-1960","trial_id":2,"param_name":"batch_size","param_value_internal":1,"distribution":"{\"name\": \"CategoricalDistribution\", \"attributes\": {\"choices\": [32, 64]}}"}
{"op_code":5,"worker_id":"30d5ad04-d4c1-4236-b8d1-136f8c603547-1960","trial_id":2,"param_name":"epochs","param_value_internal":13.0,"distribution":"{\"name\": \"IntDistribution\", \"attributes\": {\"log\": false, \"step\": 1, \"low\": 10, \"high\": 30}}"}
