{"op_code":0,"worker_id":"01e9d03c-87af-4295-b0a6-cb1bfc2ab38a-140334246949504","study_name":"expected_goals","directions":[1]}
{"op_code":4,"worker_id":"01e9d03c-87af-4295-b0a6-cb1bfc2ab38a-140334246949504","study_id":0,"datetime_start":"2026-02-02T10:47:39.887033"}
{"op_code":5,"worker_id":"01e9d03c-87af-4295-b0a6-cb1bfc2ab38a-140334246949504","trial_id":0,"param_name":"num_heads","param_value_internal":0,"distribution":"{\"name\": \"CategoricalDistribution\", \"attributes\": {\"choices\": [2, 4]}}"}
{"op_code":5,"worker_id":"01e9d03c-87af-4295-b0a6-cb1bfc2ab38a-140334246949504","trial_id":0,"param_name":"key_dim","param_value_internal":25.0,"distribution":"{\"name\": \"IntDistribution\", \"attributes\": {\"log\": false, \"step\": 1, \"low\": 24, \"high\": 40}}"}
{"op_code":5,"worker_id":"01e9d03c-87af-4295-b0a6-cb1bfc2ab38a-140334246949504","trial_id":0,"param_name":"ff_dim","param_value_internal":96.0,"distribution":"{\"name\": \"IntDistribution\", \"attributes\": {\"log\": false, \"step\": 1, \"low\": 48, \"high\": 96}}"}
{"op_code":5,"worker_id":"01e9d03c-87af-4295-b0a6-cb1bfc2ab38a-140334246949504","trial_id":0,"param_name":"dropout1","param_value_internal":0.05691139062114558,"distribution":"{\"name\": \"FloatDistribution\", \"attributes\": {\"step\": null, \"low\": 0.05, \"high\": 0.15, \"log\": false}}"}
{"op_code":5,"worker_id":"01e9d03c-87af-4295-b0a6-cb1bfc2ab38a-140334246949504","trial_id":0,"param_name":"dense_units","param_value_internal":128.0,"distribution":"{\"name\": \"IntDistribution\", \"attributes\": {\"log\": false, \"step\": 1, \"low\": 64, \"high\": 128}}"}
{"op_code":5,"worker_id":"01e9d03c-87af-4295-b0a6-cb1bfc2ab38a-140334246949504","trial_id":0,"param_name":"ff_activation","param_value_internal":1,"distribution":"{\"name\": \"CategoricalDistribution\", \"attributes\": {\"choices\": [\"relu\", \"gelu\"]}}"}
{"op_code":5,"worker_id":"01e9d03c-87af-4295-b0a6-cb1bfc2ab38a-140334246949504","trial_id":0,"param_name":"pos_dim","param_value_internal":56.0,"distribution":"{\"name\": \"IntDistribution\", \"attributes\": {\"log\": false, \"step\": 1, \"low\": 32, \"high\": 80}}"}
{"op_code":5,"worker_id":"01e9d03c-87af-4295-b0a6-cb1bfc2ab38a-140334246949504","trial_id":0,"param_name":"optimizer","param_value_internal":0,"distribution":"{\"name\": \"CategoricalDistribution\", \"attributes\": {\"choices\": [\"adam\"]}}"}
{"op_code":5,"worker_id":"01e9d03c-87af-4295-b0a6-cb1bfc2ab38a-140334246949504","trial_id":0,"param_name":"learning_rate","param_value_internal":0.0001239433506909944,"distribution":"{\"name\": \"FloatDistribution\", \"attributes\": {\"step\": null, \"low\": 8e-05, \"high\": 0.0002, \"log\": false}}"}
{"op_code":5,"worker_id":"01e9d03c-87af-4295-b0a6-cb1bfc2ab38a-140334246949504","trial_id":0,"param_name":"epochs","param_value_internal":16.0,"distribution":"{\"name\": \"IntDistribution\", \"attributes\": {\"log\": false, \"step\": 1, \"low\": 8, \"high\": 16}}"}
{"op_code":7,"worker_id":"01e9d03c-87af-4295-b0a6-cb1bfc2ab38a-140334246949504","trial_id":0,"step":0,"intermediate_value":0.034070730209350586}
{"op_code":7,"worker_id":"01e9d03c-87af-4295-b0a6-cb1bfc2ab38a-140334246949504","trial_id":0,"step":1,"intermediate_value":0.03155256435275078}
{"op_code":7,"worker_id":"01e9d03c-87af-4295-b0a6-cb1bfc2ab38a-140334246949504","trial_id":0,"step":2,"intermediate_value":0.029174884781241417}
{"op_code":7,"worker_id":"01e9d03c-87af-4295-b0a6-cb1bfc2ab38a-140334246949504","trial_id":0,"step":3,"intermediate_value":0.029367337003350258}
{"op_code":7,"worker_id":"01e9d03c-87af-4295-b0a6-cb1bfc2ab38a-140334246949504","trial_id":0,"step":4,"intermediate_value":0.029043663293123245}
{"op_code":7,"worker_id":"01e9d03c-87af-4295-b0a6-cb1bfc2ab38a-140334246949504","trial_id":0,"step":5,"intermediate_value":0.02829141356050968}
{"op_code":7,"worker_id":"01e9d03c-87af-4295-b0a6-cb1bfc2ab38a-140334246949504","trial_id":0,"step":6,"intermediate_value":0.028904147446155548}
{"op_code":7,"worker_id":"01e9d03c-87af-4295-b0a6-cb1bfc2ab38a-140334246949504","trial_id":0,"step":7,"intermediate_value":0.028434816747903824}
{"op_code":7,"worker_id":"01e9d03c-87af-4295-b0a6-cb1bfc2ab38a-140334246949504","trial_id":0,"step":8,"intermediate_value":0.02875608578324318}
{"op_code":8,"worker_id":"01e9d03c-87af-4295-b0a6-cb1bfc2ab38a-140334246949504","trial_id":0,"user_attr":{"model_name":"best_model"}}
{"op_code":6,"worker_id":"01e9d03c-87af-4295-b0a6-cb1bfc2ab38a-140334246949504","trial_id":0,"state":1,"values":[0.1695761946242549],"datetime_complete":"2026-02-02T10:53:53.894137"}
{"op_code":4,"worker_id":"01e9d03c-87af-4295-b0a6-cb1bfc2ab38a-140334246949504","study_id":0,"datetime_start":"2026-02-02T10:53:53.900194"}
{"op_code":5,"worker_id":"01e9d03c-87af-4295-b0a6-cb1bfc2ab38a-140334246949504","trial_id":1,"param_name":"num_heads","param_value_internal":1,"distribution":"{\"name\": \"CategoricalDistribution\", \"attributes\": {\"choices\": [2, 4]}}"}
{"op_code":5,"worker_id":"01e9d03c-87af-4295-b0a6-cb1bfc2ab38a-140334246949504","trial_id":1,"param_name":"key_dim","param_value_internal":30.0,"distribution":"{\"name\": \"IntDistribution\", \"attributes\": {\"log\": false, \"step\": 1, \"low\": 24, \"high\": 40}}"}
{"op_code":5,"worker_id":"01e9d03c-87af-4295-b0a6-cb1bfc2ab38a-140334246949504","trial_id":1,"param_name":"ff_dim","param_value_internal":96.0,"distribution":"{\"name\": \"IntDistribution\", \"attributes\": {\"log\": false, \"step\": 1, \"low\": 48, \"high\": 96}}"}
{"op_code":5,"worker_id":"01e9d03c-87af-4295-b0a6-cb1bfc2ab38a-140334246949504","trial_id":1,"param_name":"dropout1","param_value_internal":0.13603815146249598,"distribution":"{\"name\": \"FloatDistribution\", \"attributes\": {\"step\": null, \"low\": 0.05, \"high\": 0.15, \"log\": false}}"}
{"op_code":5,"worker_id":"01e9d03c-87af-4295-b0a6-cb1bfc2ab38a-140334246949504","trial_id":1,"param_name":"dense_units","param_value_internal":85.0,"distribution":"{\"name\": \"IntDistribution\", \"attributes\": {\"log\": false, \"step\": 1, \"low\": 64, \"high\": 128}}"}
{"op_code":5,"worker_id":"01e9d03c-87af-4295-b0a6-cb1bfc2ab38a-140334246949504","trial_id":1,"param_name":"ff_activation","param_value_internal":1,"distribution":"{\"name\": \"CategoricalDistribution\", \"attributes\": {\"choices\": [\"relu\", \"gelu\"]}}"}
{"op_code":5,"worker_id":"01e9d03c-87af-4295-b0a6-cb1bfc2ab38a-140334246949504","trial_id":1,"param_name":"pos_dim","param_value_internal":38.0,"distribution":"{\"name\": \"IntDistribution\", \"attributes\": {\"log\": false, \"step\": 1, \"low\": 32, \"high\": 80}}"}
{"op_code":5,"worker_id":"01e9d03c-87af-4295-b0a6-cb1bfc2ab38a-140334246949504","trial_id":1,"param_name":"optimizer","param_value_internal":0,"distribution":"{\"name\": \"CategoricalDistribution\", \"attributes\": {\"choices\": [\"adam\"]}}"}
{"op_code":5,"worker_id":"01e9d03c-87af-4295-b0a6-cb1bfc2ab38a-140334246949504","trial_id":1,"param_name":"learning_rate","param_value_internal":0.00016135265028395236,"distribution":"{\"name\": \"FloatDistribution\", \"attributes\": {\"step\": null, \"low\": 8e-05, \"high\": 0.0002, \"log\": false}}"}
{"op_code":5,"worker_id":"01e9d03c-87af-4295-b0a6-cb1bfc2ab38a-140334246949504","trial_id":1,"param_name":"epochs","param_value_internal":9.0,"distribution":"{\"name\": \"IntDistribution\", \"attributes\": {\"log\": false, \"step\": 1, \"low\": 8, \"high\": 16}}"}
{"op_code":7,"worker_id":"01e9d03c-87af-4295-b0a6-cb1bfc2ab38a-140334246949504","trial_id":1,"step":0,"intermediate_value":0.047528304159641266}
{"op_code":7,"worker_id":"01e9d03c-87af-4295-b0a6-cb1bfc2ab38a-140334246949504","trial_id":1,"step":1,"intermediate_value":0.036651771515607834}
{"op_code":7,"worker_id":"01e9d03c-87af-4295-b0a6-cb1bfc2ab38a-140334246949504","trial_id":1,"step":2,"intermediate_value":0.030508598312735558}
{"op_code":7,"worker_id":"01e9d03c-87af-4295-b0a6-cb1bfc2ab38a-140334246949504","trial_id":1,"step":3,"intermediate_value":0.02896936796605587}
{"op_code":9,"worker_id":"01e9d03c-87af-4295-b0a6-cb1bfc2ab38a-140334246949504","trial_id":1,"system_attr":{"completed_rung_0":0.02896936796605587}}
{"op_code":7,"worker_id":"01e9d03c-87af-4295-b0a6-cb1bfc2ab38a-140334246949504","trial_id":1,"step":4,"intermediate_value":0.028767969459295273}
{"op_code":7,"worker_id":"01e9d03c-87af-4295-b0a6-cb1bfc2ab38a-140334246949504","trial_id":1,"step":5,"intermediate_value":0.029356680810451508}
{"op_code":7,"worker_id":"01e9d03c-87af-4295-b0a6-cb1bfc2ab38a-140334246949504","trial_id":1,"step":6,"intermediate_value":0.02867799811065197}
{"op_code":7,"worker_id":"01e9d03c-87af-4295-b0a6-cb1bfc2ab38a-140334246949504","trial_id":1,"step":7,"intermediate_value":0.028777364641427994}
{"op_code":7,"worker_id":"01e9d03c-87af-4295-b0a6-cb1bfc2ab38a-140334246949504","trial_id":1,"step":8,"intermediate_value":0.029458018019795418}
{"op_code":6,"worker_id":"01e9d03c-87af-4295-b0a6-cb1bfc2ab38a-140334246949504","trial_id":1,"state":1,"values":[0.17163338259148603],"datetime_complete":"2026-02-02T11:02:01.528693"}
{"op_code":4,"worker_id":"01e9d03c-87af-4295-b0a6-cb1bfc2ab38a-140334246949504","study_id":0,"datetime_start":"2026-02-02T11:02:01.534163"}
{"op_code":5,"worker_id":"01e9d03c-87af-4295-b0a6-cb1bfc2ab38a-140334246949504","trial_id":2,"param_name":"num_heads","param_value_internal":1,"distribution":"{\"name\": \"CategoricalDistribution\", \"attributes\": {\"choices\": [2, 4]}}"}
{"op_code":5,"worker_id":"01e9d03c-87af-4295-b0a6-cb1bfc2ab38a-140334246949504","trial_id":2,"param_name":"key_dim","param_value_internal":38.0,"distribution":"{\"name\": \"IntDistribution\", \"attributes\": {\"log\": false, \"step\": 1, \"low\": 24, \"high\": 40}}"}
{"op_code":5,"worker_id":"01e9d03c-87af-4295-b0a6-cb1bfc2ab38a-140334246949504","trial_id":2,"param_name":"ff_dim","param_value_internal":90.0,"distribution":"{\"name\": \"IntDistribution\", \"attributes\": {\"log\": false, \"step\": 1, \"low\": 48, \"high\": 96}}"}
{"op_code":5,"worker_id":"01e9d03c-87af-4295-b0a6-cb1bfc2ab38a-140334246949504","trial_id":2,"param_name":"dropout1","param_value_internal":0.06484355174301645,"distribution":"{\"name\": \"FloatDistribution\", \"attributes\": {\"step\": null, \"low\": 0.05, \"high\": 0.15, \"log\": false}}"}
{"op_code":5,"worker_id":"01e9d03c-87af-4295-b0a6-cb1bfc2ab38a-140334246949504","trial_id":2,"param_name":"dense_units","param_value_internal":70.0,"distribution":"{\"name\": \"IntDistribution\", \"attributes\": {\"log\": false, \"step\": 1, \"low\": 64, \"high\": 128}}"}
{"op_code":5,"worker_id":"01e9d03c-87af-4295-b0a6-cb1bfc2ab38a-140334246949504","trial_id":2,"param_name":"ff_activation","param_value_internal":0,"distribution":"{\"name\": \"CategoricalDistribution\", \"attributes\": {\"choices\": [\"relu\", \"gelu\"]}}"}
{"op_code":5,"worker_id":"01e9d03c-87af-4295-b0a6-cb1bfc2ab38a-140334246949504","trial_id":2,"param_name":"pos_dim","param_value_internal":65.0,"distribution":"{\"name\": \"IntDistribution\", \"attributes\": {\"log\": false, \"step\": 1, \"low\": 32, \"high\": 80}}"}
{"op_code":5,"worker_id":"01e9d03c-87af-4295-b0a6-cb1bfc2ab38a-140334246949504","trial_id":2,"param_name":"optimizer","param_value_internal":0,"distribution":"{\"name\": \"CategoricalDistribution\", \"attributes\": {\"choices\": [\"adam\"]}}"}
{"op_code":5,"worker_id":"01e9d03c-87af-4295-b0a6-cb1bfc2ab38a-140334246949504","trial_id":2,"param_name":"learning_rate","param_value_internal":0.0001491805803009624,"distribution":"{\"name\": \"FloatDistribution\", \"attributes\": {\"step\": null, \"low\": 8e-05, \"high\": 0.0002, \"log\": false}}"}
{"op_code":5,"worker_id":"01e9d03c-87af-4295-b0a6-cb1bfc2ab38a-140334246949504","trial_id":2,"param_name":"epochs","param_value_internal":14.0,"distribution":"{\"name\": \"IntDistribution\", \"attributes\": {\"log\": false, \"step\": 1, \"low\": 8, \"high\": 16}}"}
{"op_code":7,"worker_id":"01e9d03c-87af-4295-b0a6-cb1bfc2ab38a-140334246949504","trial_id":2,"step":0,"intermediate_value":0.061632245779037476}
{"op_code":7,"worker_id":"01e9d03c-87af-4295-b0a6-cb1bfc2ab38a-140334246949504","trial_id":2,"step":1,"intermediate_value":0.050519466400146484}
{"op_code":7,"worker_id":"01e9d03c-87af-4295-b0a6-cb1bfc2ab38a-140334246949504","trial_id":2,"step":2,"intermediate_value":0.04066741093993187}
{"op_code":7,"worker_id":"01e9d03c-87af-4295-b0a6-cb1bfc2ab38a-140334246949504","trial_id":2,"step":3,"intermediate_value":0.03826422616839409}
{"op_code":9,"worker_id":"01e9d03c-87af-4295-b0a6-cb1bfc2ab38a-140334246949504","trial_id":2,"system_attr":{"completed_rung_0":0.03826422616839409}}
{"op_code":6,"worker_id":"01e9d03c-87af-4295-b0a6-cb1bfc2ab38a-140334246949504","trial_id":2,"state":2,"values":[0.03826422616839409],"datetime_complete":"2026-02-02T11:06:15.271090"}
{"op_code":4,"worker_id":"01e9d03c-87af-4295-b0a6-cb1bfc2ab38a-140334246949504","study_id":0,"datetime_start":"2026-02-02T11:06:15.274568"}
{"op_code":5,"worker_id":"01e9d03c-87af-4295-b0a6-cb1bfc2ab38a-140334246949504","trial_id":3,"param_name":"num_heads","param_value_internal":0,"distribution":"{\"name\": \"CategoricalDistribution\", \"attributes\": {\"choices\": [2, 4]}}"}
{"op_code":5,"worker_id":"01e9d03c-87af-4295-b0a6-cb1bfc2ab38a-140334246949504","trial_id":3,"param_name":"key_dim","param_value_internal":31.0,"distribution":"{\"name\": \"IntDistribution\", \"attributes\": {\"log\": false, \"step\": 1, \"low\": 24, \"high\": 40}}"}
{"op_code":5,"worker_id":"01e9d03c-87af-4295-b0a6-cb1bfc2ab38a-140334246949504","trial_id":3,"param_name":"ff_dim","param_value_internal":48.0,"distribution":"{\"name\": \"IntDistribution\", \"attributes\": {\"log\": false, \"step\": 1, \"low\": 48, \"high\": 96}}"}
{"op_code":5,"worker_id":"01e9d03c-87af-4295-b0a6-cb1bfc2ab38a-140334246949504","trial_id":3,"param_name":"dropout1","param_value_internal":0.14460063058977132,"distribution":"{\"name\": \"FloatDistribution\", \"attributes\": {\"step\": null, \"low\": 0.05, \"high\": 0.15, \"log\": false}}"}
{"op_code":5,"worker_id":"01e9d03c-87af-4295-b0a6-cb1bfc2ab38a-140334246949504","trial_id":3,"param_name":"dense_units","param_value_internal":96.0,"distribution":"{\"name\": \"IntDistribution\", \"attributes\": {\"log\": false, \"step\": 1, \"low\": 64, \"high\": 128}}"}
{"op_code":5,"worker_id":"01e9d03c-87af-4295-b0a6-cb1bfc2ab38a-140334246949504","trial_id":3,"param_name":"ff_activation","param_value_internal":1,"distribution":"{\"name\": \"CategoricalDistribution\", \"attributes\": {\"choices\": [\"relu\", \"gelu\"]}}"}
{"op_code":5,"worker_id":"01e9d03c-87af-4295-b0a6-cb1bfc2ab38a-140334246949504","trial_id":3,"param_name":"pos_dim","param_value_internal":63.0,"distribution":"{\"name\": \"IntDistribution\", \"attributes\": {\"log\": false, \"step\": 1, \"low\": 32, \"high\": 80}}"}
{"op_code":5,"worker_id":"01e9d03c-87af-4295-b0a6-cb1bfc2ab38a-140334246949504","trial_id":3,"param_name":"optimizer","param_value_internal":0,"distribution":"{\"name\": \"CategoricalDistribution\", \"attributes\": {\"choices\": [\"adam\"]}}"}
{"op_code":5,"worker_id":"01e9d03c-87af-4295-b0a6-cb1bfc2ab38a-140334246949504","trial_id":3,"param_name":"learning_rate","param_value_internal":0.00010955462046994073,"distribution":"{\"name\": \"FloatDistribution\", \"attributes\": {\"step\": null, \"low\": 8e-05, \"high\": 0.0002, \"log\": false}}"}
{"op_code":5,"worker_id":"01e9d03c-87af-4295-b0a6-cb1bfc2ab38a-140334246949504","trial_id":3,"param_name":"epochs","param_value_internal":11.0,"distribution":"{\"name\": \"IntDistribution\", \"attributes\": {\"log\": false, \"step\": 1, \"low\": 8, \"high\": 16}}"}
{"op_code":7,"worker_id":"01e9d03c-87af-4295-b0a6-cb1bfc2ab38a-140334246949504","trial_id":3,"step":0,"intermediate_value":0.046681955456733704}
{"op_code":7,"worker_id":"01e9d03c-87af-4295-b0a6-cb1bfc2ab38a-140334246949504","trial_id":3,"step":1,"intermediate_value":0.057905398309230804}
{"op_code":7,"worker_id":"01e9d03c-87af-4295-b0a6-cb1bfc2ab38a-140334246949504","trial_id":3,"step":2,"intermediate_value":0.04509047046303749}
{"op_code":7,"worker_id":"01e9d03c-87af-4295-b0a6-cb1bfc2ab38a-140334246949504","trial_id":3,"step":3,"intermediate_value":0.042788390070199966}
{"op_code":9,"worker_id":"01e9d03c-87af-4295-b0a6-cb1bfc2ab38a-140334246949504","trial_id":3,"system_attr":{"completed_rung_0":0.042788390070199966}}
{"op_code":6,"worker_id":"01e9d03c-87af-4295-b0a6-cb1bfc2ab38a-140334246949504","trial_id":3,"state":2,"values":[0.042788390070199966],"datetime_complete":"2026-02-02T11:09:24.672231"}
{"op_code":4,"worker_id":"01e9d03c-87af-4295-b0a6-cb1bfc2ab38a-140334246949504","study_id":0,"datetime_start":"2026-02-02T11:09:24.675456"}
{"op_code":5,"worker_id":"01e9d03c-87af-4295-b0a6-cb1bfc2ab38a-140334246949504","trial_id":4,"param_name":"num_heads","param_value_internal":1,"distribution":"{\"name\": \"CategoricalDistribution\", \"attributes\": {\"choices\": [2, 4]}}"}
{"op_code":5,"worker_id":"01e9d03c-87af-4295-b0a6-cb1bfc2ab38a-140334246949504","trial_id":4,"param_name":"key_dim","param_value_internal":29.0,"distribution":"{\"name\": \"IntDistribution\", \"attributes\": {\"log\": false, \"step\": 1, \"low\": 24, \"high\": 40}}"}
{"op_code":5,"worker_id":"01e9d03c-87af-4295-b0a6-cb1bfc2ab38a-140334246949504","trial_id":4,"param_name":"ff_dim","param_value_internal":56.0,"distribution":"{\"name\": \"IntDistribution\", \"attributes\": {\"log\": false, \"step\": 1, \"low\": 48, \"high\": 96}}"}
{"op_code":5,"worker_id":"01e9d03c-87af-4295-b0a6-cb1bfc2ab38a-140334246949504","trial_id":4,"param_name":"dropout1","param_value_internal":0.06691765480448669,"distribution":"{\"name\": \"FloatDistribution\", \"attributes\": {\"step\": null, \"low\": 0.05, \"high\": 0.15, \"log\": false}}"}
{"op_code":5,"worker_id":"01e9d03c-87af-4295-b0a6-cb1bfc2ab38a-140334246949504","trial_id":4,"param_name":"dense_units","param_value_internal":88.0,"distribution":"{\"name\": \"IntDistribution\", \"attributes\": {\"log\": false, \"step\": 1, \"low\": 64, \"high\": 128}}"}
{"op_code":5,"worker_id":"01e9d03c-87af-4295-b0a6-cb1bfc2ab38a-140334246949504","trial_id":4,"param_name":"ff_activation","param_value_internal":0,"distribution":"{\"name\": \"CategoricalDistribution\", \"attributes\": {\"choices\": [\"relu\", \"gelu\"]}}"}
{"op_code":5,"worker_id":"01e9d03c-87af-4295-b0a6-cb1bfc2ab38a-140334246949504","trial_id":4,"param_name":"pos_dim","param_value_internal":62.0,"distribution":"{\"name\": \"IntDistribution\", \"attributes\": {\"log\": false, \"step\": 1, \"low\": 32, \"high\": 80}}"}
{"op_code":5,"worker_id":"01e9d03c-87af-4295-b0a6-cb1bfc2ab38a-140334246949504","trial_id":4,"param_name":"optimizer","param_value_internal":0,"distribution":"{\"name\": \"CategoricalDistribution\", \"attributes\": {\"choices\": [\"adam\"]}}"}
{"op_code":5,"worker_id":"01e9d03c-87af-4295-b0a6-cb1bfc2ab38a-140334246949504","trial_id":4,"param_name":"learning_rate","param_value_internal":0.00019074893439073452,"distribution":"{\"name\": \"FloatDistribution\", \"attributes\": {\"step\": null, \"low\": 8e-05, \"high\": 0.0002, \"log\": false}}"}
{"op_code":5,"worker_id":"01e9d03c-87af-4295-b0a6-cb1bfc2ab38a-140334246949504","trial_id":4,"param_name":"epochs","param_value_internal":8.0,"distribution":"{\"name\": \"IntDistribution\", \"attributes\": {\"log\": false, \"step\": 1, \"low\": 8, \"high\": 16}}"}
{"op_code":7,"worker_id":"01e9d03c-87af-4295-b0a6-cb1bfc2ab38a-140334246949504","trial_id":4,"step":0,"intermediate_value":0.049169689416885376}
{"op_code":7,"worker_id":"01e9d03c-87af-4295-b0a6-cb1bfc2ab38a-140334246949504","trial_id":4,"step":1,"intermediate_value":0.03439268469810486}
{"op_code":7,"worker_id":"01e9d03c-87af-4295-b0a6-cb1bfc2ab38a-140334246949504","trial_id":4,"step":2,"intermediate_value":0.028399202972650528}
{"op_code":7,"worker_id":"01e9d03c-87af-4295-b0a6-cb1bfc2ab38a-140334246949504","trial_id":4,"step":3,"intermediate_value":0.02739662490785122}
{"op_code":9,"worker_id":"01e9d03c-87af-4295-b0a6-cb1bfc2ab38a-140334246949504","trial_id":4,"system_attr":{"completed_rung_0":0.02739662490785122}}
{"op_code":7,"worker_id":"01e9d03c-87af-4295-b0a6-cb1bfc2ab38a-140334246949504","trial_id":4,"step":4,"intermediate_value":0.029582027345895767}
{"op_code":7,"worker_id":"01e9d03c-87af-4295-b0a6-cb1bfc2ab38a-140334246949504","trial_id":4,"step":5,"intermediate_value":0.028965657576918602}
{"op_code":7,"worker_id":"01e9d03c-87af-4295-b0a6-cb1bfc2ab38a-140334246949504","trial_id":4,"step":6,"intermediate_value":0.030866065993905067}
{"op_code":6,"worker_id":"01e9d03c-87af-4295-b0a6-cb1bfc2ab38a-140334246949504","trial_id":4,"state":1,"values":[0.17568740989013718],"datetime_complete":"2026-02-02T11:15:39.055431"}
{"op_code":4,"worker_id":"01e9d03c-87af-4295-b0a6-cb1bfc2ab38a-140334246949504","study_id":0,"datetime_start":"2026-02-02T11:15:39.063411"}
{"op_code":5,"worker_id":"01e9d03c-87af-4295-b0a6-cb1bfc2ab38a-140334246949504","trial_id":5,"param_name":"num_heads","param_value_internal":0,"distribution":"{\"name\": \"CategoricalDistribution\", \"attributes\": {\"choices\": [2, 4]}}"}
{"op_code":5,"worker_id":"01e9d03c-87af-4295-b0a6-cb1bfc2ab38a-140334246949504","trial_id":5,"param_name":"key_dim","param_value_internal":40.0,"distribution":"{\"name\": \"IntDistribution\", \"attributes\": {\"log\": false, \"step\": 1, \"low\": 24, \"high\": 40}}"}
{"op_code":5,"worker_id":"01e9d03c-87af-4295-b0a6-cb1bfc2ab38a-140334246949504","trial_id":5,"param_name":"ff_dim","param_value_internal":87.0,"distribution":"{\"name\": \"IntDistribution\", \"attributes\": {\"log\": false, \"step\": 1, \"low\": 48, \"high\": 96}}"}
{"op_code":5,"worker_id":"01e9d03c-87af-4295-b0a6-cb1bfc2ab38a-140334246949504","trial_id":5,"param_name":"dropout1","param_value_internal":0.13884705811461195,"distribution":"{\"name\": \"FloatDistribution\", \"attributes\": {\"step\": null, \"low\": 0.05, \"high\": 0.15, \"log\": false}}"}
{"op_code":5,"worker_id":"01e9d03c-87af-4295-b0a6-cb1bfc2ab38a-140334246949504","trial_id":5,"param_name":"dense_units","param_value_internal":84.0,"distribution":"{\"name\": \"IntDistribution\", \"attributes\": {\"log\": false, \"step\": 1, \"low\": 64, \"high\": 128}}"}
{"op_code":5,"worker_id":"01e9d03c-87af-4295-b0a6-cb1bfc2ab38a-140334246949504","trial_id":5,"param_name":"ff_activation","param_value_internal":0,"distribution":"{\"name\": \"CategoricalDistribution\", \"attributes\": {\"choices\": [\"relu\", \"gelu\"]}}"}
{"op_code":5,"worker_id":"01e9d03c-87af-4295-b0a6-cb1bfc2ab38a-140334246949504","trial_id":5,"param_name":"pos_dim","param_value_internal":47.0,"distribution":"{\"name\": \"IntDistribution\", \"attributes\": {\"log\": false, \"step\": 1, \"low\": 32, \"high\": 80}}"}
{"op_code":5,"worker_id":"01e9d03c-87af-4295-b0a6-cb1bfc2ab38a-140334246949504","trial_id":5,"param_name":"optimizer","param_value_internal":0,"distribution":"{\"name\": \"CategoricalDistribution\", \"attributes\": {\"choices\": [\"adam\"]}}"}
{"op_code":5,"worker_id":"01e9d03c-87af-4295-b0a6-cb1bfc2ab38a-140334246949504","trial_id":5,"param_name":"learning_rate","param_value_internal":0.00010842336073674854,"distribution":"{\"name\": \"FloatDistribution\", \"attributes\": {\"step\": null, \"low\": 8e-05, \"high\": 0.0002, \"log\": false}}"}
{"op_code":5,"worker_id":"01e9d03c-87af-4295-b0a6-cb1bfc2ab38a-140334246949504","trial_id":5,"param_name":"epochs","param_value_internal":14.0,"distribution":"{\"name\": \"IntDistribution\", \"attributes\": {\"log\": false, \"step\": 1, \"low\": 8, \"high\": 16}}"}
{"op_code":7,"worker_id":"01e9d03c-87af-4295-b0a6-cb1bfc2ab38a-140334246949504","trial_id":5,"step":0,"intermediate_value":0.047859542071819305}
{"op_code":7,"worker_id":"01e9d03c-87af-4295-b0a6-cb1bfc2ab38a-140334246949504","trial_id":5,"step":1,"intermediate_value":0.06565948575735092}
{"op_code":7,"worker_id":"01e9d03c-87af-4295-b0a6-cb1bfc2ab38a-140334246949504","trial_id":5,"step":2,"intermediate_value":0.051851335912942886}
{"op_code":7,"worker_id":"01e9d03c-87af-4295-b0a6-cb1bfc2ab38a-140334246949504","trial_id":5,"step":3,"intermediate_value":0.054014209657907486}
{"op_code":9,"worker_id":"01e9d03c-87af-4295-b0a6-cb1bfc2ab38a-140334246949504","trial_id":5,"system_attr":{"completed_rung_0":0.054014209657907486}}
{"op_code":6,"worker_id":"01e9d03c-87af-4295-b0a6-cb1bfc2ab38a-140334246949504","trial_id":5,"state":2,"values":[0.054014209657907486],"datetime_complete":"2026-02-02T11:18:58.232610"}
{"op_code":4,"worker_id":"01e9d03c-87af-4295-b0a6-cb1bfc2ab38a-140334246949504","study_id":0,"datetime_start":"2026-02-02T11:18:58.236202"}
{"op_code":5,"worker_id":"01e9d03c-87af-4295-b0a6-cb1bfc2ab38a-140334246949504","trial_id":6,"param_name":"num_heads","param_value_internal":0,"distribution":"{\"name\": \"CategoricalDistribution\", \"attributes\": {\"choices\": [2, 4]}}"}
{"op_code":5,"worker_id":"01e9d03c-87af-4295-b0a6-cb1bfc2ab38a-140334246949504","trial_id":6,"param_name":"key_dim","param_value_internal":33.0,"distribution":"{\"name\": \"IntDistribution\", \"attributes\": {\"log\": false, \"step\": 1, \"low\": 24, \"high\": 40}}"}
{"op_code":5,"worker_id":"01e9d03c-87af-4295-b0a6-cb1bfc2ab38a-140334246949504","trial_id":6,"param_name":"ff_dim","param_value_internal":85.0,"distribution":"{\"name\": \"IntDistribution\", \"attributes\": {\"log\": false, \"step\": 1, \"low\": 48, \"high\": 96}}"}
{"op_code":5,"worker_id":"01e9d03c-87af-4295-b0a6-cb1bfc2ab38a-140334246949504","trial_id":6,"param_name":"dropout1","param_value_internal":0.14697747940838557,"distribution":"{\"name\": \"FloatDistribution\", \"attributes\": {\"step\": null, \"low\": 0.05, \"high\": 0.15, \"log\": false}}"}
{"op_code":5,"worker_id":"01e9d03c-87af-4295-b0a6-cb1bfc2ab38a-140334246949504","trial_id":6,"param_name":"dense_units","param_value_internal":98.0,"distribution":"{\"name\": \"IntDistribution\", \"attributes\": {\"log\": false, \"step\": 1, \"low\": 64, \"high\": 128}}"}
{"op_code":5,"worker_id":"01e9d03c-87af-4295-b0a6-cb1bfc2ab38a-140334246949504","trial_id":6,"param_name":"ff_activation","param_value_internal":1,"distribution":"{\"name\": \"CategoricalDistribution\", \"attributes\": {\"choices\": [\"relu\", \"gelu\"]}}"}
{"op_code":5,"worker_id":"01e9d03c-87af-4295-b0a6-cb1bfc2ab38a-140334246949504","trial_id":6,"param_name":"pos_dim","param_value_internal":68.0,"distribution":"{\"name\": \"IntDistribution\", \"attributes\": {\"log\": false, \"step\": 1, \"low\": 32, \"high\": 80}}"}
{"op_code":5,"worker_id":"01e9d03c-87af-4295-b0a6-cb1bfc2ab38a-140334246949504","trial_id":6,"param_name":"optimizer","param_value_internal":0,"distribution":"{\"name\": \"CategoricalDistribution\", \"attributes\": {\"choices\": [\"adam\"]}}"}
{"op_code":5,"worker_id":"01e9d03c-87af-4295-b0a6-cb1bfc2ab38a-140334246949504","trial_id":6,"param_name":"learning_rate","param_value_internal":0.00014116128775499914,"distribution":"{\"name\": \"FloatDistribution\", \"attributes\": {\"step\": null, \"low\": 8e-05, \"high\": 0.0002, \"log\": false}}"}
{"op_code":5,"worker_id":"01e9d03c-87af-4295-b0a6-cb1bfc2ab38a-140334246949504","trial_id":6,"param_name":"epochs","param_value_internal":9.0,"distribution":"{\"name\": \"IntDistribution\", \"attributes\": {\"log\": false, \"step\": 1, \"low\": 8, \"high\": 16}}"}
{"op_code":7,"worker_id":"01e9d03c-87af-4295-b0a6-cb1bfc2ab38a-140334246949504","trial_id":6,"step":0,"intermediate_value":0.04345452040433884}
{"op_code":7,"worker_id":"01e9d03c-87af-4295-b0a6-cb1bfc2ab38a-140334246949504","trial_id":6,"step":1,"intermediate_value":0.05032820254564285}
{"op_code":7,"worker_id":"01e9d03c-87af-4295-b0a6-cb1bfc2ab38a-140334246949504","trial_id":6,"step":2,"intermediate_value":0.040327299386262894}
{"op_code":7,"worker_id":"01e9d03c-87af-4295-b0a6-cb1bfc2ab38a-140334246949504","trial_id":6,"step":3,"intermediate_value":0.039716433733701706}
{"op_code":7,"worker_id":"01e9d03c-87af-4295-b0a6-cb1bfc2ab38a-140334246949504","trial_id":6,"step":4,"intermediate_value":0.039418283849954605}
{"op_code":7,"worker_id":"01e9d03c-87af-4295-b0a6-cb1bfc2ab38a-140334246949504","trial_id":6,"step":5,"intermediate_value":0.037660788744688034}
{"op_code":7,"worker_id":"01e9d03c-87af-4295-b0a6-cb1bfc2ab38a-140334246949504","trial_id":6,"step":6,"intermediate_value":0.03565686196088791}
{"op_code":7,"worker_id":"01e9d03c-87af-4295-b0a6-cb1bfc2ab38a-140334246949504","trial_id":6,"step":7,"intermediate_value":0.03348061069846153}
{"op_code":7,"worker_id":"01e9d03c-87af-4295-b0a6-cb1bfc2ab38a-140334246949504","trial_id":6,"step":8,"intermediate_value":0.03330187499523163}
{"op_code":6,"worker_id":"01e9d03c-87af-4295-b0a6-cb1bfc2ab38a-140334246949504","trial_id":6,"state":1,"values":[0.18248801329191905],"datetime_complete":"2026-02-02T11:25:52.748635"}
{"op_code":4,"worker_id":"01e9d03c-87af-4295-b0a6-cb1bfc2ab38a-140334246949504","study_id":0,"datetime_start":"2026-02-02T11:25:52.754631"}
{"op_code":5,"worker_id":"01e9d03c-87af-4295-b0a6-cb1bfc2ab38a-140334246949504","trial_id":7,"param_name":"num_heads","param_value_internal":1,"distribution":"{\"name\": \"CategoricalDistribution\", \"attributes\": {\"choices\": [2, 4]}}"}
{"op_code":5,"worker_id":"01e9d03c-87af-4295-b0a6-cb1bfc2ab38a-140334246949504","trial_id":7,"param_name":"key_dim","param_value_internal":33.0,"distribution":"{\"name\": \"IntDistribution\", \"attributes\": {\"log\": false, \"step\": 1, \"low\": 24, \"high\": 40}}"}
{"op_code":5,"worker_id":"01e9d03c-87af-4295-b0a6-cb1bfc2ab38a-140334246949504","trial_id":7,"param_name":"ff_dim","param_value_internal":71.0,"distribution":"{\"name\": \"IntDistribution\", \"attributes\": {\"log\": false, \"step\": 1, \"low\": 48, \"high\": 96}}"}
{"op_code":5,"worker_id":"01e9d03c-87af-4295-b0a6-cb1bfc2ab38a-140334246949504","trial_id":7,"param_name":"dropout1","param_value_internal":0.10583089722072272,"distribution":"{\"name\": \"FloatDistribution\", \"attributes\": {\"step\": null, \"low\": 0.05, \"high\": 0.15, \"log\": false}}"}
{"op_code":5,"worker_id":"01e9d03c-87af-4295-b0a6-cb1bfc2ab38a-140334246949504","trial_id":7,"param_name":"dense_units","param_value_internal":98.0,"distribution":"{\"name\": \"IntDistribution\", \"attributes\": {\"log\": false, \"step\": 1, \"low\": 64, \"high\": 128}}"}
{"op_code":5,"worker_id":"01e9d03c-87af-4295-b0a6-cb1bfc2ab38a-140334246949504","trial_id":7,"param_name":"ff_activation","param_value_internal":0,"distribution":"{\"name\": \"CategoricalDistribution\", \"attributes\": {\"choices\": [\"relu\", \"gelu\"]}}"}
{"op_code":5,"worker_id":"01e9d03c-87af-4295-b0a6-cb1bfc2ab38a-140334246949504","trial_id":7,"param_name":"pos_dim","param_value_internal":40.0,"distribution":"{\"name\": \"IntDistribution\", \"attributes\": {\"log\": false, \"step\": 1, \"low\": 32, \"high\": 80}}"}
{"op_code":5,"worker_id":"01e9d03c-87af-4295-b0a6-cb1bfc2ab38a-140334246949504","trial_id":7,"param_name":"optimizer","param_value_internal":0,"distribution":"{\"name\": \"CategoricalDistribution\", \"attributes\": {\"choices\": [\"adam\"]}}"}
{"op_code":5,"worker_id":"01e9d03c-87af-4295-b0a6-cb1bfc2ab38a-140334246949504","trial_id":7,"param_name":"learning_rate","param_value_internal":0.0001348372497527151,"distribution":"{\"name\": \"FloatDistribution\", \"attributes\": {\"step\": null, \"low\": 8e-05, \"high\": 0.0002, \"log\": false}}"}
{"op_code":5,"worker_id":"01e9d03c-87af-4295-b0a6-cb1bfc2ab38a-140334246949504","trial_id":7,"param_name":"epochs","param_value_internal":12.0,"distribution":"{\"name\": \"IntDistribution\", \"attributes\": {\"log\": false, \"step\": 1, \"low\": 8, \"high\": 16}}"}
{"op_code":7,"worker_id":"01e9d03c-87af-4295-b0a6-cb1bfc2ab38a-140334246949504","trial_id":7,"step":0,"intermediate_value":0.03086165525019169}
{"op_code":7,"worker_id":"01e9d03c-87af-4295-b0a6-cb1bfc2ab38a-140334246949504","trial_id":7,"step":1,"intermediate_value":0.030647607520222664}
{"op_code":7,"worker_id":"01e9d03c-87af-4295-b0a6-cb1bfc2ab38a-140334246949504","trial_id":7,"step":2,"intermediate_value":0.030261576175689697}
{"op_code":7,"worker_id":"01e9d03c-87af-4295-b0a6-cb1bfc2ab38a-140334246949504","trial_id":7,"step":3,"intermediate_value":0.03106081485748291}
{"op_code":7,"worker_id":"01e9d03c-87af-4295-b0a6-cb1bfc2ab38a-140334246949504","trial_id":7,"step":4,"intermediate_value":0.03117385320365429}
{"op_code":7,"worker_id":"01e9d03c-87af-4295-b0a6-cb1bfc2ab38a-140334246949504","trial_id":7,"step":5,"intermediate_value":0.033638495951890945}
{"op_code":6,"worker_id":"01e9d03c-87af-4295-b0a6-cb1bfc2ab38a-140334246949504","trial_id":7,"state":1,"values":[0.18340800405623237],"datetime_complete":"2026-02-02T11:31:43.170573"}
{"op_code":4,"worker_id":"01e9d03c-87af-4295-b0a6-cb1bfc2ab38a-140334246949504","study_id":0,"datetime_start":"2026-02-02T11:31:43.179300"}
{"op_code":5,"worker_id":"01e9d03c-87af-4295-b0a6-cb1bfc2ab38a-140334246949504","trial_id":8,"param_name":"num_heads","param_value_internal":0,"distribution":"{\"name\": \"CategoricalDistribution\", \"attributes\": {\"choices\": [2, 4]}}"}
{"op_code":5,"worker_id":"01e9d03c-87af-4295-b0a6-cb1bfc2ab38a-140334246949504","trial_id":8,"param_name":"key_dim","param_value_internal":30.0,"distribution":"{\"name\": \"IntDistribution\", \"attributes\": {\"log\": false, \"step\": 1, \"low\": 24, \"high\": 40}}"}
{"op_code":5,"worker_id":"01e9d03c-87af-4295-b0a6-cb1bfc2ab38a-140334246949504","trial_id":8,"param_name":"ff_dim","param_value_internal":64.0,"distribution":"{\"name\": \"IntDistribution\", \"attributes\": {\"log\": false, \"step\": 1, \"low\": 48, \"high\": 96}}"}
{"op_code":5,"worker_id":"01e9d03c-87af-4295-b0a6-cb1bfc2ab38a-140334246949504","trial_id":8,"param_name":"dropout1","param_value_internal":0.1374368490610658,"distribution":"{\"name\": \"FloatDistribution\", \"attributes\": {\"step\": null, \"low\": 0.05, \"high\": 0.15, \"log\": false}}"}
{"op_code":5,"worker_id":"01e9d03c-87af-4295-b0a6-cb1bfc2ab38a-140334246949504","trial_id":8,"param_name":"dense_units","param_value_internal":111.0,"distribution":"{\"name\": \"IntDistribution\", \"attributes\": {\"log\": false, \"step\": 1, \"low\": 64, \"high\": 128}}"}
{"op_code":5,"worker_id":"01e9d03c-87af-4295-b0a6-cb1bfc2ab38a-140334246949504","trial_id":8,"param_name":"ff_activation","param_value_internal":1,"distribution":"{\"name\": \"CategoricalDistribution\", \"attributes\": {\"choices\": [\"relu\", \"gelu\"]}}"}
{"op_code":5,"worker_id":"01e9d03c-87af-4295-b0a6-cb1bfc2ab38a-140334246949504","trial_id":8,"param_name":"pos_dim","param_value_internal":80.0,"distribution":"{\"name\": \"IntDistribution\", \"attributes\": {\"log\": false, \"step\": 1, \"low\": 32, \"high\": 80}}"}
{"op_code":5,"worker_id":"01e9d03c-87af-4295-b0a6-cb1bfc2ab38a-140334246949504","trial_id":8,"param_name":"optimizer","param_value_internal":0,"distribution":"{\"name\": \"CategoricalDistribution\", \"attributes\": {\"choices\": [\"adam\"]}}"}
{"op_code":5,"worker_id":"01e9d03c-87af-4295-b0a6-cb1bfc2ab38a-140334246949504","trial_id":8,"param_name":"learning_rate","param_value_internal":0.00010692440901130408,"distribution":"{\"name\": \"FloatDistribution\", \"attributes\": {\"step\": null, \"low\": 8e-05, \"high\": 0.0002, \"log\": false}}"}
{"op_code":5,"worker_id":"01e9d03c-87af-4295-b0a6-cb1bfc2ab38a-140334246949504","trial_id":8,"param_name":"epochs","param_value_internal":16.0,"distribution":"{\"name\": \"IntDistribution\", \"attributes\": {\"log\": false, \"step\": 1, \"low\": 8, \"high\": 16}}"}
{"op_code":7,"worker_id":"01e9d03c-87af-4295-b0a6-cb1bfc2ab38a-140334246949504","trial_id":8,"step":0,"intermediate_value":0.05002331733703613}
{"op_code":7,"worker_id":"01e9d03c-87af-4295-b0a6-cb1bfc2ab38a-140334246949504","trial_id":8,"step":1,"intermediate_value":0.051579833030700684}
{"op_code":7,"worker_id":"01e9d03c-87af-4295-b0a6-cb1bfc2ab38a-140334246949504","trial_id":8,"step":2,"intermediate_value":0.04742613807320595}
{"op_code":7,"worker_id":"01e9d03c-87af-4295-b0a6-cb1bfc2ab38a-140334246949504","trial_id":8,"step":3,"intermediate_value":0.04249859228730202}
{"op_code":7,"worker_id":"01e9d03c-87af-4295-b0a6-cb1bfc2ab38a-140334246949504","trial_id":8,"step":4,"intermediate_value":0.04104572907090187}
{"op_code":7,"worker_id":"01e9d03c-87af-4295-b0a6-cb1bfc2ab38a-140334246949504","trial_id":8,"step":5,"intermediate_value":0.03929506242275238}
{"op_code":7,"worker_id":"01e9d03c-87af-4295-b0a6-cb1bfc2ab38a-140334246949504","trial_id":8,"step":6,"intermediate_value":0.03783658519387245}
{"op_code":7,"worker_id":"01e9d03c-87af-4295-b0a6-cb1bfc2ab38a-140334246949504","trial_id":8,"step":7,"intermediate_value":0.036068592220544815}
{"op_code":7,"worker_id":"01e9d03c-87af-4295-b0a6-cb1bfc2ab38a-140334246949504","trial_id":8,"step":8,"intermediate_value":0.03583865612745285}
{"op_code":7,"worker_id":"01e9d03c-87af-4295-b0a6-cb1bfc2ab38a-140334246949504","trial_id":8,"step":9,"intermediate_value":0.03522529825568199}
{"op_code":9,"worker_id":"01e9d03c-87af-4295-b0a6-cb1bfc2ab38a-140334246949504","trial_id":8,"system_attr":{"completed_rung_0":0.03522529825568199}}
{"op_code":7,"worker_id":"01e9d03c-87af-4295-b0a6-cb1bfc2ab38a-140334246949504","trial_id":8,"step":10,"intermediate_value":0.034958187490701675}
{"op_code":7,"worker_id":"01e9d03c-87af-4295-b0a6-cb1bfc2ab38a-140334246949504","trial_id":8,"step":11,"intermediate_value":0.034792933613061905}
{"op_code":7,"worker_id":"01e9d03c-87af-4295-b0a6-cb1bfc2ab38a-140334246949504","trial_id":8,"step":12,"intermediate_value":0.034468840807676315}
{"op_code":7,"worker_id":"01e9d03c-87af-4295-b0a6-cb1bfc2ab38a-140334246949504","trial_id":8,"step":13,"intermediate_value":0.033626988530159}
{"op_code":7,"worker_id":"01e9d03c-87af-4295-b0a6-cb1bfc2ab38a-140334246949504","trial_id":8,"step":14,"intermediate_value":0.03344773128628731}
{"op_code":7,"worker_id":"01e9d03c-87af-4295-b0a6-cb1bfc2ab38a-140334246949504","trial_id":8,"step":15,"intermediate_value":0.03340202197432518}
{"op_code":6,"worker_id":"01e9d03c-87af-4295-b0a6-cb1bfc2ab38a-140334246949504","trial_id":8,"state":1,"values":[0.18276220061688134],"datetime_complete":"2026-02-02T11:42:17.543546"}
{"op_code":4,"worker_id":"01e9d03c-87af-4295-b0a6-cb1bfc2ab38a-140334246949504","study_id":0,"datetime_start":"2026-02-02T11:42:17.552319"}
{"op_code":5,"worker_id":"01e9d03c-87af-4295-b0a6-cb1bfc2ab38a-140334246949504","trial_id":9,"param_name":"num_heads","param_value_internal":0,"distribution":"{\"name\": \"CategoricalDistribution\", \"attributes\": {\"choices\": [2, 4]}}"}
{"op_code":5,"worker_id":"01e9d03c-87af-4295-b0a6-cb1bfc2ab38a-140334246949504","trial_id":9,"param_name":"key_dim","param_value_internal":34.0,"distribution":"{\"name\": \"IntDistribution\", \"attributes\": {\"log\": false, \"step\": 1, \"low\": 24, \"high\": 40}}"}
{"op_code":5,"worker_id":"01e9d03c-87af-4295-b0a6-cb1bfc2ab38a-140334246949504","trial_id":9,"param_name":"ff_dim","param_value_internal":78.0,"distribution":"{\"name\": \"IntDistribution\", \"attributes\": {\"log\": false, \"step\": 1, \"low\": 48, \"high\": 96}}"}
{"op_code":5,"worker_id":"01e9d03c-87af-4295-b0a6-cb1bfc2ab38a-140334246949504","trial_id":9,"param_name":"dropout1","param_value_internal":0.05522263822634569,"distribution":"{\"name\": \"FloatDistribution\", \"attributes\": {\"step\": null, \"low\": 0.05, \"high\": 0.15, \"log\": false}}"}
{"op_code":5,"worker_id":"01e9d03c-87af-4295-b0a6-cb1bfc2ab38a-140334246949504","trial_id":9,"param_name":"dense_units","param_value_internal":102.0,"distribution":"{\"name\": \"IntDistribution\", \"attributes\": {\"log\": false, \"step\": 1, \"low\": 64, \"high\": 128}}"}
{"op_code":5,"worker_id":"01e9d03c-87af-4295-b0a6-cb1bfc2ab38a-140334246949504","trial_id":9,"param_name":"ff_activation","param_value_internal":0,"distribution":"{\"name\": \"CategoricalDistribution\", \"attributes\": {\"choices\": [\"relu\", \"gelu\"]}}"}
{"op_code":5,"worker_id":"01e9d03c-87af-4295-b0a6-cb1bfc2ab38a-140334246949504","trial_id":9,"param_name":"pos_dim","param_value_internal":78.0,"distribution":"{\"name\": \"IntDistribution\", \"attributes\": {\"log\": false, \"step\": 1, \"low\": 32, \"high\": 80}}"}
{"op_code":5,"worker_id":"01e9d03c-87af-4295-b0a6-cb1bfc2ab38a-140334246949504","trial_id":9,"param_name":"optimizer","param_value_internal":0,"distribution":"{\"name\": \"CategoricalDistribution\", \"attributes\": {\"choices\": [\"adam\"]}}"}
{"op_code":5,"worker_id":"01e9d03c-87af-4295-b0a6-cb1bfc2ab38a-140334246949504","trial_id":9,"param_name":"learning_rate","param_value_internal":0.0001715601760827063,"distribution":"{\"name\": \"FloatDistribution\", \"attributes\": {\"step\": null, \"low\": 8e-05, \"high\": 0.0002, \"log\": false}}"}
{"op_code":5,"worker_id":"01e9d03c-87af-4295-b0a6-cb1bfc2ab38a-140334246949504","trial_id":9,"param_name":"epochs","param_value_internal":11.0,"distribution":"{\"name\": \"IntDistribution\", \"attributes\": {\"log\": false, \"step\": 1, \"low\": 8, \"high\": 16}}"}
{"op_code":7,"worker_id":"01e9d03c-87af-4295-b0a6-cb1bfc2ab38a-140334246949504","trial_id":9,"step":0,"intermediate_value":0.03100687824189663}
{"op_code":7,"worker_id":"01e9d03c-87af-4295-b0a6-cb1bfc2ab38a-140334246949504","trial_id":9,"step":1,"intermediate_value":0.028846094384789467}
{"op_code":7,"worker_id":"01e9d03c-87af-4295-b0a6-cb1bfc2ab38a-140334246949504","trial_id":9,"step":2,"intermediate_value":0.02937060408294201}
{"op_code":7,"worker_id":"01e9d03c-87af-4295-b0a6-cb1bfc2ab38a-140334246949504","trial_id":9,"step":3,"intermediate_value":0.029916800558567047}
{"op_code":7,"worker_id":"01e9d03c-87af-4295-b0a6-cb1bfc2ab38a-140334246949504","trial_id":9,"step":4,"intermediate_value":0.028842046856880188}
{"op_code":7,"worker_id":"01e9d03c-87af-4295-b0a6-cb1bfc2ab38a-140334246949504","trial_id":9,"step":5,"intermediate_value":0.029262717813253403}
{"op_code":7,"worker_id":"01e9d03c-87af-4295-b0a6-cb1bfc2ab38a-140334246949504","trial_id":9,"step":6,"intermediate_value":0.02887679822742939}
{"op_code":7,"worker_id":"01e9d03c-87af-4295-b0a6-cb1bfc2ab38a-140334246949504","trial_id":9,"step":7,"intermediate_value":0.029974060133099556}
{"op_code":6,"worker_id":"01e9d03c-87af-4295-b0a6-cb1bfc2ab38a-140334246949504","trial_id":9,"state":1,"values":[0.17313018261729973],"datetime_complete":"2026-02-02T11:48:07.232012"}
{"op_code":4,"worker_id":"01e9d03c-87af-4295-b0a6-cb1bfc2ab38a-140334246949504","study_id":0,"datetime_start":"2026-02-02T11:48:07.242094"}
{"op_code":5,"worker_id":"01e9d03c-87af-4295-b0a6-cb1bfc2ab38a-140334246949504","trial_id":10,"param_name":"num_heads","param_value_internal":0,"distribution":"{\"name\": \"CategoricalDistribution\", \"attributes\": {\"choices\": [2, 4]}}"}
{"op_code":5,"worker_id":"01e9d03c-87af-4295-b0a6-cb1bfc2ab38a-140334246949504","trial_id":10,"param_name":"key_dim","param_value_internal":24.0,"distribution":"{\"name\": \"IntDistribution\", \"attributes\": {\"log\": false, \"step\": 1, \"low\": 24, \"high\": 40}}"}
{"op_code":5,"worker_id":"01e9d03c-87af-4295-b0a6-cb1bfc2ab38a-140334246949504","trial_id":10,"param_name":"ff_dim","param_value_internal":75.0,"distribution":"{\"name\": \"IntDistribution\", \"attributes\": {\"log\": false, \"step\": 1, \"low\": 48, \"high\": 96}}"}
{"op_code":5,"worker_id":"01e9d03c-87af-4295-b0a6-cb1bfc2ab38a-140334246949504","trial_id":10,"param_name":"dropout1","param_value_internal":0.0864908408264571,"distribution":"{\"name\": \"FloatDistribution\", \"attributes\": {\"step\": null, \"low\": 0.05, \"high\": 0.15, \"log\": false}}"}
{"op_code":5,"worker_id":"01e9d03c-87af-4295-b0a6-cb1bfc2ab38a-140334246949504","trial_id":10,"param_name":"dense_units","param_value_internal":128.0,"distribution":"{\"name\": \"IntDistribution\", \"attributes\": {\"log\": false, \"step\": 1, \"low\": 64, \"high\": 128}}"}
{"op_code":5,"worker_id":"01e9d03c-87af-4295-b0a6-cb1bfc2ab38a-140334246949504","trial_id":10,"param_name":"ff_activation","param_value_internal":1,"distribution":"{\"name\": \"CategoricalDistribution\", \"attributes\": {\"choices\": [\"relu\", \"gelu\"]}}"}
{"op_code":5,"worker_id":"01e9d03c-87af-4295-b0a6-cb1bfc2ab38a-140334246949504","trial_id":10,"param_name":"pos_dim","param_value_internal":50.0,"distribution":"{\"name\": \"IntDistribution\", \"attributes\": {\"log\": false, \"step\": 1, \"low\": 32, \"high\": 80}}"}
{"op_code":5,"worker_id":"01e9d03c-87af-4295-b0a6-cb1bfc2ab38a-140334246949504","trial_id":10,"param_name":"optimizer","param_value_internal":0,"distribution":"{\"name\": \"CategoricalDistribution\", \"attributes\": {\"choices\": [\"adam\"]}}"}
{"op_code":5,"worker_id":"01e9d03c-87af-4295-b0a6-cb1bfc2ab38a-140334246949504","trial_id":10,"param_name":"learning_rate","param_value_internal":8.112554715676932e-05,"distribution":"{\"name\": \"FloatDistribution\", \"attributes\": {\"step\": null, \"low\": 8e-05, \"high\": 0.0002, \"log\": false}}"}
{"op_code":5,"worker_id":"01e9d03c-87af-4295-b0a6-cb1bfc2ab38a-140334246949504","trial_id":10,"param_name":"epochs","param_value_internal":16.0,"distribution":"{\"name\": \"IntDistribution\", \"attributes\": {\"log\": false, \"step\": 1, \"low\": 8, \"high\": 16}}"}
{"op_code":7,"worker_id":"01e9d03c-87af-4295-b0a6-cb1bfc2ab38a-140334246949504","trial_id":10,"step":0,"intermediate_value":0.05497369170188904}
{"op_code":7,"worker_id":"01e9d03c-87af-4295-b0a6-cb1bfc2ab38a-140334246949504","trial_id":10,"step":1,"intermediate_value":0.061774834990501404}
{"op_code":7,"worker_id":"01e9d03c-87af-4295-b0a6-cb1bfc2ab38a-140334246949504","trial_id":10,"step":2,"intermediate_value":0.0486278235912323}
{"op_code":7,"worker_id":"01e9d03c-87af-4295-b0a6-cb1bfc2ab38a-140334246949504","trial_id":10,"step":3,"intermediate_value":0.040561988949775696}
{"op_code":7,"worker_id":"01e9d03c-87af-4295-b0a6-cb1bfc2ab38a-140334246949504","trial_id":10,"step":4,"intermediate_value":0.039179638028144836}
{"op_code":7,"worker_id":"01e9d03c-87af-4295-b0a6-cb1bfc2ab38a-140334246949504","trial_id":10,"step":5,"intermediate_value":0.03775254637002945}
{"op_code":7,"worker_id":"01e9d03c-87af-4295-b0a6-cb1bfc2ab38a-140334246949504","trial_id":10,"step":6,"intermediate_value":0.037176601588726044}
{"op_code":7,"worker_id":"01e9d03c-87af-4295-b0a6-cb1bfc2ab38a-140334246949504","trial_id":10,"step":7,"intermediate_value":0.036157503724098206}
{"op_code":7,"worker_id":"01e9d03c-87af-4295-b0a6-cb1bfc2ab38a-140334246949504","trial_id":10,"step":8,"intermediate_value":0.035711683332920074}
{"op_code":7,"worker_id":"01e9d03c-87af-4295-b0a6-cb1bfc2ab38a-140334246949504","trial_id":10,"step":9,"intermediate_value":0.035196851938962936}
{"op_code":9,"worker_id":"01e9d03c-87af-4295-b0a6-cb1bfc2ab38a-140334246949504","trial_id":10,"system_attr":{"completed_rung_0":0.035196851938962936}}
{"op_code":7,"worker_id":"01e9d03c-87af-4295-b0a6-cb1bfc2ab38a-140334246949504","trial_id":10,"step":10,"intermediate_value":0.03489507734775543}
{"op_code":7,"worker_id":"01e9d03c-87af-4295-b0a6-cb1bfc2ab38a-140334246949504","trial_id":10,"step":11,"intermediate_value":0.03448619693517685}
{"op_code":7,"worker_id":"01e9d03c-87af-4295-b0a6-cb1bfc2ab38a-140334246949504","trial_id":10,"step":12,"intermediate_value":0.03441191837191582}
{"op_code":7,"worker_id":"01e9d03c-87af-4295-b0a6-cb1bfc2ab38a-140334246949504","trial_id":10,"step":13,"intermediate_value":0.03399758040904999}
{"op_code":7,"worker_id":"01e9d03c-87af-4295-b0a6-cb1bfc2ab38a-140334246949504","trial_id":10,"step":14,"intermediate_value":0.034014035016298294}
{"op_code":7,"worker_id":"01e9d03c-87af-4295-b0a6-cb1bfc2ab38a-140334246949504","trial_id":10,"step":15,"intermediate_value":0.03387729451060295}
{"op_code":6,"worker_id":"01e9d03c-87af-4295-b0a6-cb1bfc2ab38a-140334246949504","trial_id":10,"state":1,"values":[0.18405785642184078],"datetime_complete":"2026-02-02T11:59:00.782806"}
{"op_code":4,"worker_id":"01e9d03c-87af-4295-b0a6-cb1bfc2ab38a-140334246949504","study_id":0,"datetime_start":"2026-02-02T11:59:00.792545"}
{"op_code":5,"worker_id":"01e9d03c-87af-4295-b0a6-cb1bfc2ab38a-140334246949504","trial_id":11,"param_name":"num_heads","param_value_internal":1,"distribution":"{\"name\": \"CategoricalDistribution\", \"attributes\": {\"choices\": [2, 4]}}"}
{"op_code":5,"worker_id":"01e9d03c-87af-4295-b0a6-cb1bfc2ab38a-140334246949504","trial_id":11,"param_name":"key_dim","param_value_internal":24.0,"distribution":"{\"name\": \"IntDistribution\", \"attributes\": {\"log\": false, \"step\": 1, \"low\": 24, \"high\": 40}}"}
{"op_code":5,"worker_id":"01e9d03c-87af-4295-b0a6-cb1bfc2ab38a-140334246949504","trial_id":11,"param_name":"ff_dim","param_value_internal":96.0,"distribution":"{\"name\": \"IntDistribution\", \"attributes\": {\"log\": false, \"step\": 1, \"low\": 48, \"high\": 96}}"}
{"op_code":5,"worker_id":"01e9d03c-87af-4295-b0a6-cb1bfc2ab38a-140334246949504","trial_id":11,"param_name":"dropout1","param_value_internal":0.11638830610351043,"distribution":"{\"name\": \"FloatDistribution\", \"attributes\": {\"step\": null, \"low\": 0.05, \"high\": 0.15, \"log\": false}}"}
{"op_code":5,"worker_id":"01e9d03c-87af-4295-b0a6-cb1bfc2ab38a-140334246949504","trial_id":11,"param_name":"dense_units","param_value_internal":126.0,"distribution":"{\"name\": \"IntDistribution\", \"attributes\": {\"log\": false, \"step\": 1, \"low\": 64, \"high\": 128}}"}
{"op_code":5,"worker_id":"01e9d03c-87af-4295-b0a6-cb1bfc2ab38a-140334246949504","trial_id":11,"param_name":"ff_activation","param_value_internal":1,"distribution":"{\"name\": \"CategoricalDistribution\", \"attributes\": {\"choices\": [\"relu\", \"gelu\"]}}"}
{"op_code":5,"worker_id":"01e9d03c-87af-4295-b0a6-cb1bfc2ab38a-140334246949504","trial_id":11,"param_name":"pos_dim","param_value_internal":32.0,"distribution":"{\"name\": \"IntDistribution\", \"attributes\": {\"log\": false, \"step\": 1, \"low\": 32, \"high\": 80}}"}
{"op_code":5,"worker_id":"01e9d03c-87af-4295-b0a6-cb1bfc2ab38a-140334246949504","trial_id":11,"param_name":"optimizer","param_value_internal":0,"distribution":"{\"name\": \"CategoricalDistribution\", \"attributes\": {\"choices\": [\"adam\"]}}"}
{"op_code":5,"worker_id":"01e9d03c-87af-4295-b0a6-cb1bfc2ab38a-140334246949504","trial_id":11,"param_name":"learning_rate","param_value_internal":0.0001632033593411052,"distribution":"{\"name\": \"FloatDistribution\", \"attributes\": {\"step\": null, \"low\": 8e-05, \"high\": 0.0002, \"log\": false}}"}
{"op_code":5,"worker_id":"01e9d03c-87af-4295-b0a6-cb1bfc2ab38a-140334246949504","trial_id":11,"param_name":"epochs","param_value_internal":9.0,"distribution":"{\"name\": \"IntDistribution\", \"attributes\": {\"log\": false, \"step\": 1, \"low\": 8, \"high\": 16}}"}
{"op_code":7,"worker_id":"01e9d03c-87af-4295-b0a6-cb1bfc2ab38a-140334246949504","trial_id":11,"step":0,"intermediate_value":0.046334706246852875}
{"op_code":7,"worker_id":"01e9d03c-87af-4295-b0a6-cb1bfc2ab38a-140334246949504","trial_id":11,"step":1,"intermediate_value":0.035062674432992935}
{"op_code":7,"worker_id":"01e9d03c-87af-4295-b0a6-cb1bfc2ab38a-140334246949504","trial_id":11,"step":2,"intermediate_value":0.03088667429983616}
{"op_code":7,"worker_id":"01e9d03c-87af-4295-b0a6-cb1bfc2ab38a-140334246949504","trial_id":11,"step":3,"intermediate_value":0.031033750623464584}
{"op_code":9,"worker_id":"01e9d03c-87af-4295-b0a6-cb1bfc2ab38a-140334246949504","trial_id":11,"system_attr":{"completed_rung_0":0.031033750623464584}}
{"op_code":6,"worker_id":"01e9d03c-87af-4295-b0a6-cb1bfc2ab38a-140334246949504","trial_id":11,"state":2,"values":[0.031033750623464584],"datetime_complete":"2026-02-02T12:02:48.820078"}
{"op_code":4,"worker_id":"01e9d03c-87af-4295-b0a6-cb1bfc2ab38a-140334246949504","study_id":0,"datetime_start":"2026-02-02T12:02:48.822945"}
{"op_code":5,"worker_id":"01e9d03c-87af-4295-b0a6-cb1bfc2ab38a-140334246949504","trial_id":12,"param_name":"num_heads","param_value_internal":1,"distribution":"{\"name\": \"CategoricalDistribution\", \"attributes\": {\"choices\": [2, 4]}}"}
{"op_code":5,"worker_id":"01e9d03c-87af-4295-b0a6-cb1bfc2ab38a-140334246949504","trial_id":12,"param_name":"key_dim","param_value_internal":27.0,"distribution":"{\"name\": \"IntDistribution\", \"attributes\": {\"log\": false, \"step\": 1, \"low\": 24, \"high\": 40}}"}
{"op_code":5,"worker_id":"01e9d03c-87af-4295-b0a6-cb1bfc2ab38a-140334246949504","trial_id":12,"param_name":"ff_dim","param_value_internal":94.0,"distribution":"{\"name\": \"IntDistribution\", \"attributes\": {\"log\": false, \"step\": 1, \"low\": 48, \"high\": 96}}"}
{"op_code":5,"worker_id":"01e9d03c-87af-4295-b0a6-cb1bfc2ab38a-140334246949504","trial_id":12,"param_name":"dropout1","param_value_internal":0.11910708814677072,"distribution":"{\"name\": \"FloatDistribution\", \"attributes\": {\"step\": null, \"low\": 0.05, \"high\": 0.15, \"log\": false}}"}
{"op_code":5,"worker_id":"01e9d03c-87af-4295-b0a6-cb1bfc2ab38a-140334246949504","trial_id":12,"param_name":"dense_units","param_value_internal":74.0,"distribution":"{\"name\": \"IntDistribution\", \"attributes\": {\"log\": false, \"step\": 1, \"low\": 64, \"high\": 128}}"}
{"op_code":5,"worker_id":"01e9d03c-87af-4295-b0a6-cb1bfc2ab38a-140334246949504","trial_id":12,"param_name":"ff_activation","param_value_internal":1,"distribution":"{\"name\": \"CategoricalDistribution\", \"attributes\": {\"choices\": [\"relu\", \"gelu\"]}}"}
{"op_code":5,"worker_id":"01e9d03c-87af-4295-b0a6-cb1bfc2ab38a-140334246949504","trial_id":12,"param_name":"pos_dim","param_value_internal":32.0,"distribution":"{\"name\": \"IntDistribution\", \"attributes\": {\"log\": false, \"step\": 1, \"low\": 32, \"high\": 80}}"}
{"op_code":5,"worker_id":"01e9d03c-87af-4295-b0a6-cb1bfc2ab38a-140334246949504","trial_id":12,"param_name":"optimizer","param_value_internal":0,"distribution":"{\"name\": \"CategoricalDistribution\", \"attributes\": {\"choices\": [\"adam\"]}}"}
{"op_code":5,"worker_id":"01e9d03c-87af-4295-b0a6-cb1bfc2ab38a-140334246949504","trial_id":12,"param_name":"learning_rate","param_value_internal":0.00012536606533929446,"distribution":"{\"name\": \"FloatDistribution\", \"attributes\": {\"step\": null, \"low\": 8e-05, \"high\": 0.0002, \"log\": false}}"}
{"op_code":5,"worker_id":"01e9d03c-87af-4295-b0a6-cb1bfc2ab38a-140334246949504","trial_id":12,"param_name":"epochs","param_value_internal":14.0,"distribution":"{\"name\": \"IntDistribution\", \"attributes\": {\"log\": false, \"step\": 1, \"low\": 8, \"high\": 16}}"}
{"op_code":7,"worker_id":"01e9d03c-87af-4295-b0a6-cb1bfc2ab38a-140334246949504","trial_id":12,"step":0,"intermediate_value":0.03494603931903839}
{"op_code":7,"worker_id":"01e9d03c-87af-4295-b0a6-cb1bfc2ab38a-140334246949504","trial_id":12,"step":1,"intermediate_value":0.030799511820077896}
{"op_code":7,"worker_id":"01e9d03c-87af-4295-b0a6-cb1bfc2ab38a-140334246949504","trial_id":12,"step":2,"intermediate_value":0.02843363955616951}
{"op_code":7,"worker_id":"01e9d03c-87af-4295-b0a6-cb1bfc2ab38a-140334246949504","trial_id":12,"step":3,"intermediate_value":0.030283046886324883}
{"op_code":9,"worker_id":"01e9d03c-87af-4295-b0a6-cb1bfc2ab38a-140334246949504","trial_id":12,"system_attr":{"completed_rung_0":0.030283046886324883}}
{"op_code":6,"worker_id":"01e9d03c-87af-4295-b0a6-cb1bfc2ab38a-140334246949504","trial_id":12,"state":2,"values":[0.030283046886324883],"datetime_complete":"2026-02-02T12:07:26.766587"}
{"op_code":4,"worker_id":"01e9d03c-87af-4295-b0a6-cb1bfc2ab38a-140334246949504","study_id":0,"datetime_start":"2026-02-02T12:07:26.770082"}
{"op_code":5,"worker_id":"01e9d03c-87af-4295-b0a6-cb1bfc2ab38a-140334246949504","trial_id":13,"param_name":"num_heads","param_value_internal":1,"distribution":"{\"name\": \"CategoricalDistribution\", \"attributes\": {\"choices\": [2, 4]}}"}
{"op_code":5,"worker_id":"01e9d03c-87af-4295-b0a6-cb1bfc2ab38a-140334246949504","trial_id":13,"param_name":"key_dim","param_value_internal":27.0,"distribution":"{\"name\": \"IntDistribution\", \"attributes\": {\"log\": false, \"step\": 1, \"low\": 24, \"high\": 40}}"}
{"op_code":5,"worker_id":"01e9d03c-87af-4295-b0a6-cb1bfc2ab38a-140334246949504","trial_id":13,"param_name":"ff_dim","param_value_internal":83.0,"distribution":"{\"name\": \"IntDistribution\", \"attributes\": {\"log\": false, \"step\": 1, \"low\": 48, \"high\": 96}}"}
{"op_code":5,"worker_id":"01e9d03c-87af-4295-b0a6-cb1bfc2ab38a-140334246949504","trial_id":13,"param_name":"dropout1","param_value_internal":0.08538582106060535,"distribution":"{\"name\": \"FloatDistribution\", \"attributes\": {\"step\": null, \"low\": 0.05, \"high\": 0.15, \"log\": false}}"}
{"op_code":5,"worker_id":"01e9d03c-87af-4295-b0a6-cb1bfc2ab38a-140334246949504","trial_id":13,"param_name":"dense_units","param_value_internal":113.0,"distribution":"{\"name\": \"IntDistribution\", \"attributes\": {\"log\": false, \"step\": 1, \"low\": 64, \"high\": 128}}"}
{"op_code":5,"worker_id":"01e9d03c-87af-4295-b0a6-cb1bfc2ab38a-140334246949504","trial_id":13,"param_name":"ff_activation","param_value_internal":1,"distribution":"{\"name\": \"CategoricalDistribution\", \"attributes\": {\"choices\": [\"relu\", \"gelu\"]}}"}
{"op_code":5,"worker_id":"01e9d03c-87af-4295-b0a6-cb1bfc2ab38a-140334246949504","trial_id":13,"param_name":"pos_dim","param_value_internal":50.0,"distribution":"{\"name\": \"IntDistribution\", \"attributes\": {\"log\": false, \"step\": 1, \"low\": 32, \"high\": 80}}"}
{"op_code":5,"worker_id":"01e9d03c-87af-4295-b0a6-cb1bfc2ab38a-140334246949504","trial_id":13,"param_name":"optimizer","param_value_internal":0,"distribution":"{\"name\": \"CategoricalDistribution\", \"attributes\": {\"choices\": [\"adam\"]}}"}
{"op_code":5,"worker_id":"01e9d03c-87af-4295-b0a6-cb1bfc2ab38a-140334246949504","trial_id":13,"param_name":"learning_rate","param_value_internal":0.00018077657620048626,"distribution":"{\"name\": \"FloatDistribution\", \"attributes\": {\"step\": null, \"low\": 8e-05, \"high\": 0.0002, \"log\": false}}"}
{"op_code":5,"worker_id":"01e9d03c-87af-4295-b0a6-cb1bfc2ab38a-140334246949504","trial_id":13,"param_name":"epochs","param_value_internal":10.0,"distribution":"{\"name\": \"IntDistribution\", \"attributes\": {\"log\": false, \"step\": 1, \"low\": 8, \"high\": 16}}"}
{"op_code":7,"worker_id":"01e9d03c-87af-4295-b0a6-cb1bfc2ab38a-140334246949504","trial_id":13,"step":0,"intermediate_value":0.04803292080760002}
{"op_code":7,"worker_id":"01e9d03c-87af-4295-b0a6-cb1bfc2ab38a-140334246949504","trial_id":13,"step":1,"intermediate_value":0.04043855518102646}
{"op_code":7,"worker_id":"01e9d03c-87af-4295-b0a6-cb1bfc2ab38a-140334246949504","trial_id":13,"step":2,"intermediate_value":0.03194281458854675}
{"op_code":7,"worker_id":"01e9d03c-87af-4295-b0a6-cb1bfc2ab38a-140334246949504","trial_id":13,"step":3,"intermediate_value":0.030680270865559578}
{"op_code":7,"worker_id":"01e9d03c-87af-4295-b0a6-cb1bfc2ab38a-140334246949504","trial_id":13,"step":4,"intermediate_value":0.02901580184698105}
{"op_code":7,"worker_id":"01e9d03c-87af-4295-b0a6-cb1bfc2ab38a-140334246949504","trial_id":13,"step":5,"intermediate_value":0.02909463830292225}
{"op_code":7,"worker_id":"01e9d03c-87af-4295-b0a6-cb1bfc2ab38a-140334246949504","trial_id":13,"step":6,"intermediate_value":0.02942083217203617}
{"op_code":7,"worker_id":"01e9d03c-87af-4295-b0a6-cb1bfc2ab38a-140334246949504","trial_id":13,"step":7,"intermediate_value":0.029516277834773064}
{"op_code":6,"worker_id":"01e9d03c-87af-4295-b0a6-cb1bfc2ab38a-140334246949504","trial_id":13,"state":1,"values":[0.17180302044717685],"datetime_complete":"2026-02-02T12:14:57.303064"}
{"op_code":4,"worker_id":"01e9d03c-87af-4295-b0a6-cb1bfc2ab38a-140334246949504","study_id":0,"datetime_start":"2026-02-02T12:14:57.311641"}
{"op_code":5,"worker_id":"01e9d03c-87af-4295-b0a6-cb1bfc2ab38a-140334246949504","trial_id":14,"param_name":"num_heads","param_value_internal":0,"distribution":"{\"name\": \"CategoricalDistribution\", \"attributes\": {\"choices\": [2, 4]}}"}
{"op_code":5,"worker_id":"01e9d03c-87af-4295-b0a6-cb1bfc2ab38a-140334246949504","trial_id":14,"param_name":"key_dim","param_value_internal":36.0,"distribution":"{\"name\": \"IntDistribution\", \"attributes\": {\"log\": false, \"step\": 1, \"low\": 24, \"high\": 40}}"}
{"op_code":5,"worker_id":"01e9d03c-87af-4295-b0a6-cb1bfc2ab38a-140334246949504","trial_id":14,"param_name":"ff_dim","param_value_internal":96.0,"distribution":"{\"name\": \"IntDistribution\", \"attributes\": {\"log\": false, \"step\": 1, \"low\": 48, \"high\": 96}}"}
{"op_code":5,"worker_id":"01e9d03c-87af-4295-b0a6-cb1bfc2ab38a-140334246949504","trial_id":14,"param_name":"dropout1","param_value_internal":0.08606384982963841,"distribution":"{\"name\": \"FloatDistribution\", \"attributes\": {\"step\": null, \"low\": 0.05, \"high\": 0.15, \"log\": false}}"}
{"op_code":5,"worker_id":"01e9d03c-87af-4295-b0a6-cb1bfc2ab38a-140334246949504","trial_id":14,"param_name":"dense_units","param_value_internal":81.0,"distribution":"{\"name\": \"IntDistribution\", \"attributes\": {\"log\": false, \"step\": 1, \"low\": 64, \"high\": 128}}"}
{"op_code":5,"worker_id":"01e9d03c-87af-4295-b0a6-cb1bfc2ab38a-140334246949504","trial_id":14,"param_name":"ff_activation","param_value_internal":1,"distribution":"{\"name\": \"CategoricalDistribution\", \"attributes\": {\"choices\": [\"relu\", \"gelu\"]}}"}
{"op_code":5,"worker_id":"01e9d03c-87af-4295-b0a6-cb1bfc2ab38a-140334246949504","trial_id":14,"param_name":"pos_dim","param_value_internal":42.0,"distribution":"{\"name\": \"IntDistribution\", \"attributes\": {\"log\": false, \"step\": 1, \"low\": 32, \"high\": 80}}"}
{"op_code":5,"worker_id":"01e9d03c-87af-4295-b0a6-cb1bfc2ab38a-140334246949504","trial_id":14,"param_name":"optimizer","param_value_internal":0,"distribution":"{\"name\": \"CategoricalDistribution\", \"attributes\": {\"choices\": [\"adam\"]}}"}
{"op_code":5,"worker_id":"01e9d03c-87af-4295-b0a6-cb1bfc2ab38a-140334246949504","trial_id":14,"param_name":"learning_rate","param_value_internal":0.00016028053993850493,"distribution":"{\"name\": \"FloatDistribution\", \"attributes\": {\"step\": null, \"low\": 8e-05, \"high\": 0.0002, \"log\": false}}"}
{"op_code":5,"worker_id":"01e9d03c-87af-4295-b0a6-cb1bfc2ab38a-140334246949504","trial_id":14,"param_name":"epochs","param_value_internal":13.0,"distribution":"{\"name\": \"IntDistribution\", \"attributes\": {\"log\": false, \"step\": 1, \"low\": 8, \"high\": 16}}"}
{"op_code":7,"worker_id":"01e9d03c-87af-4295-b0a6-cb1bfc2ab38a-140334246949504","trial_id":14,"step":0,"intermediate_value":0.028503259643912315}
{"op_code":7,"worker_id":"01e9d03c-87af-4295-b0a6-cb1bfc2ab38a-140334246949504","trial_id":14,"step":1,"intermediate_value":0.027588078752160072}
{"op_code":7,"worker_id":"01e9d03c-87af-4295-b0a6-cb1bfc2ab38a-140334246949504","trial_id":14,"step":2,"intermediate_value":0.027459269389510155}
{"op_code":7,"worker_id":"01e9d03c-87af-4295-b0a6-cb1bfc2ab38a-140334246949504","trial_id":14,"step":3,"intermediate_value":0.027299469336867332}
{"op_code":9,"worker_id":"01e9d03c-87af-4295-b0a6-cb1bfc2ab38a-140334246949504","trial_id":14,"system_attr":{"completed_rung_0":0.027299469336867332}}
{"op_code":7,"worker_id":"01e9d03c-87af-4295-b0a6-cb1bfc2ab38a-140334246949504","trial_id":14,"step":4,"intermediate_value":0.027088189497590065}
{"op_code":7,"worker_id":"01e9d03c-87af-4295-b0a6-cb1bfc2ab38a-140334246949504","trial_id":14,"step":5,"intermediate_value":0.027027811855077744}
{"op_code":7,"worker_id":"01e9d03c-87af-4295-b0a6-cb1bfc2ab38a-140334246949504","trial_id":14,"step":6,"intermediate_value":0.02751828171312809}
{"op_code":7,"worker_id":"01e9d03c-87af-4295-b0a6-cb1bfc2ab38a-140334246949504","trial_id":14,"step":7,"intermediate_value":0.02761581726372242}
{"op_code":7,"worker_id":"01e9d03c-87af-4295-b0a6-cb1bfc2ab38a-140334246949504","trial_id":14,"step":8,"intermediate_value":0.027686074376106262}
{"op_code":8,"worker_id":"01e9d03c-87af-4295-b0a6-cb1bfc2ab38a-140334246949504","trial_id":14,"user_attr":{"model_name":"best_model"}}
{"op_code":6,"worker_id":"01e9d03c-87af-4295-b0a6-cb1bfc2ab38a-140334246949504","trial_id":14,"state":1,"values":[0.1663913290292083],"datetime_complete":"2026-02-02T12:22:03.076457"}
{"op_code":4,"worker_id":"01e9d03c-87af-4295-b0a6-cb1bfc2ab38a-140334246949504","study_id":0,"datetime_start":"2026-02-02T12:22:03.086287"}
{"op_code":5,"worker_id":"01e9d03c-87af-4295-b0a6-cb1bfc2ab38a-140334246949504","trial_id":15,"param_name":"num_heads","param_value_internal":0,"distribution":"{\"name\": \"CategoricalDistribution\", \"attributes\": {\"choices\": [2, 4]}}"}
{"op_code":5,"worker_id":"01e9d03c-87af-4295-b0a6-cb1bfc2ab38a-140334246949504","trial_id":15,"param_name":"key_dim","param_value_internal":36.0,"distribution":"{\"name\": \"IntDistribution\", \"attributes\": {\"log\": false, \"step\": 1, \"low\": 24, \"high\": 40}}"}
{"op_code":5,"worker_id":"01e9d03c-87af-4295-b0a6-cb1bfc2ab38a-140334246949504","trial_id":15,"param_name":"ff_dim","param_value_internal":67.0,"distribution":"{\"name\": \"IntDistribution\", \"attributes\": {\"log\": false, \"step\": 1, \"low\": 48, \"high\": 96}}"}
{"op_code":5,"worker_id":"01e9d03c-87af-4295-b0a6-cb1bfc2ab38a-140334246949504","trial_id":15,"param_name":"dropout1","param_value_internal":0.08129726258380954,"distribution":"{\"name\": \"FloatDistribution\", \"attributes\": {\"step\": null, \"low\": 0.05, \"high\": 0.15, \"log\": false}}"}
{"op_code":5,"worker_id":"01e9d03c-87af-4295-b0a6-cb1bfc2ab38a-140334246949504","trial_id":15,"param_name":"dense_units","param_value_internal":64.0,"distribution":"{\"name\": \"IntDistribution\", \"attributes\": {\"log\": false, \"step\": 1, \"low\": 64, \"high\": 128}}"}
{"op_code":5,"worker_id":"01e9d03c-87af-4295-b0a6-cb1bfc2ab38a-140334246949504","trial_id":15,"param_name":"ff_activation","param_value_internal":1,"distribution":"{\"name\": \"CategoricalDistribution\", \"attributes\": {\"choices\": [\"relu\", \"gelu\"]}}"}
{"op_code":5,"worker_id":"01e9d03c-87af-4295-b0a6-cb1bfc2ab38a-140334246949504","trial_id":15,"param_name":"pos_dim","param_value_internal":54.0,"distribution":"{\"name\": \"IntDistribution\", \"attributes\": {\"log\": false, \"step\": 1, \"low\": 32, \"high\": 80}}"}
{"op_code":5,"worker_id":"01e9d03c-87af-4295-b0a6-cb1bfc2ab38a-140334246949504","trial_id":15,"param_name":"optimizer","param_value_internal":0,"distribution":"{\"name\": \"CategoricalDistribution\", \"attributes\": {\"choices\": [\"adam\"]}}"}
{"op_code":5,"worker_id":"01e9d03c-87af-4295-b0a6-cb1bfc2ab38a-140334246949504","trial_id":15,"param_name":"learning_rate","param_value_internal":0.00012268354097464505,"distribution":"{\"name\": \"FloatDistribution\", \"attributes\": {\"step\": null, \"low\": 8e-05, \"high\": 0.0002, \"log\": false}}"}
{"op_code":5,"worker_id":"01e9d03c-87af-4295-b0a6-cb1bfc2ab38a-140334246949504","trial_id":15,"param_name":"epochs","param_value_internal":15.0,"distribution":"{\"name\": \"IntDistribution\", \"attributes\": {\"log\": false, \"step\": 1, \"low\": 8, \"high\": 16}}"}
{"op_code":7,"worker_id":"01e9d03c-87af-4295-b0a6-cb1bfc2ab38a-140334246949504","trial_id":15,"step":0,"intermediate_value":0.03555181995034218}
{"op_code":7,"worker_id":"01e9d03c-87af-4295-b0a6-cb1bfc2ab38a-140334246949504","trial_id":15,"step":1,"intermediate_value":0.03785135969519615}
{"op_code":7,"worker_id":"01e9d03c-87af-4295-b0a6-cb1bfc2ab38a-140334246949504","trial_id":15,"step":2,"intermediate_value":0.03796576336026192}
{"op_code":7,"worker_id":"01e9d03c-87af-4295-b0a6-cb1bfc2ab38a-140334246949504","trial_id":15,"step":3,"intermediate_value":0.03544115275144577}
{"op_code":9,"worker_id":"01e9d03c-87af-4295-b0a6-cb1bfc2ab38a-140334246949504","trial_id":15,"system_attr":{"completed_rung_0":0.03544115275144577}}
{"op_code":6,"worker_id":"01e9d03c-87af-4295-b0a6-cb1bfc2ab38a-140334246949504","trial_id":15,"state":2,"values":[0.03544115275144577],"datetime_complete":"2026-02-02T12:25:29.478767"}
{"op_code":4,"worker_id":"01e9d03c-87af-4295-b0a6-cb1bfc2ab38a-140334246949504","study_id":0,"datetime_start":"2026-02-02T12:25:29.481877"}
{"op_code":5,"worker_id":"01e9d03c-87af-4295-b0a6-cb1bfc2ab38a-140334246949504","trial_id":16,"param_name":"num_heads","param_value_internal":0,"distribution":"{\"name\": \"CategoricalDistribution\", \"attributes\": {\"choices\": [2, 4]}}"}
{"op_code":5,"worker_id":"01e9d03c-87af-4295-b0a6-cb1bfc2ab38a-140334246949504","trial_id":16,"param_name":"key_dim","param_value_internal":36.0,"distribution":"{\"name\": \"IntDistribution\", \"attributes\": {\"log\": false, \"step\": 1, \"low\": 24, \"high\": 40}}"}
{"op_code":5,"worker_id":"01e9d03c-87af-4295-b0a6-cb1bfc2ab38a-140334246949504","trial_id":16,"param_name":"ff_dim","param_value_internal":80.0,"distribution":"{\"name\": \"IntDistribution\", \"attributes\": {\"log\": false, \"step\": 1, \"low\": 48, \"high\": 96}}"}
{"op_code":5,"worker_id":"01e9d03c-87af-4295-b0a6-cb1bfc2ab38a-140334246949504","trial_id":16,"param_name":"dropout1","param_value_internal":0.05049222386928315,"distribution":"{\"name\": \"FloatDistribution\", \"attributes\": {\"step\": null, \"low\": 0.05, \"high\": 0.15, \"log\": false}}"}
{"op_code":5,"worker_id":"01e9d03c-87af-4295-b0a6-cb1bfc2ab38a-140334246949504","trial_id":16,"param_name":"dense_units","param_value_internal":117.0,"distribution":"{\"name\": \"IntDistribution\", \"attributes\": {\"log\": false, \"step\": 1, \"low\": 64, \"high\": 128}}"}
{"op_code":5,"worker_id":"01e9d03c-87af-4295-b0a6-cb1bfc2ab38a-140334246949504","trial_id":16,"param_name":"ff_activation","param_value_internal":1,"distribution":"{\"name\": \"CategoricalDistribution\", \"attributes\": {\"choices\": [\"relu\", \"gelu\"]}}"}
{"op_code":5,"worker_id":"01e9d03c-87af-4295-b0a6-cb1bfc2ab38a-140334246949504","trial_id":16,"param_name":"pos_dim","param_value_internal":43.0,"distribution":"{\"name\": \"IntDistribution\", \"attributes\": {\"log\": false, \"step\": 1, \"low\": 32, \"high\": 80}}"}
{"op_code":5,"worker_id":"01e9d03c-87af-4295-b0a6-cb1bfc2ab38a-140334246949504","trial_id":16,"param_name":"optimizer","param_value_internal":0,"distribution":"{\"name\": \"CategoricalDistribution\", \"attributes\": {\"choices\": [\"adam\"]}}"}
{"op_code":5,"worker_id":"01e9d03c-87af-4295-b0a6-cb1bfc2ab38a-140334246949504","trial_id":16,"param_name":"learning_rate","param_value_internal":8.382349869867777e-05,"distribution":"{\"name\": \"FloatDistribution\", \"attributes\": {\"step\": null, \"low\": 8e-05, \"high\": 0.0002, \"log\": false}}"}
{"op_code":5,"worker_id":"01e9d03c-87af-4295-b0a6-cb1bfc2ab38a-140334246949504","trial_id":16,"param_name":"epochs","param_value_internal":13.0,"distribution":"{\"name\": \"IntDistribution\", \"attributes\": {\"log\": false, \"step\": 1, \"low\": 8, \"high\": 16}}"}
{"op_code":7,"worker_id":"01e9d03c-87af-4295-b0a6-cb1bfc2ab38a-140334246949504","trial_id":16,"step":0,"intermediate_value":0.03750649839639664}
{"op_code":7,"worker_id":"01e9d03c-87af-4295-b0a6-cb1bfc2ab38a-140334246949504","trial_id":16,"step":1,"intermediate_value":0.031703438609838486}
{"op_code":7,"worker_id":"01e9d03c-87af-4295-b0a6-cb1bfc2ab38a-140334246949504","trial_id":16,"step":2,"intermediate_value":0.02971377596259117}
{"op_code":7,"worker_id":"01e9d03c-87af-4295-b0a6-cb1bfc2ab38a-140334246949504","trial_id":16,"step":3,"intermediate_value":0.028678875416517258}
{"op_code":9,"worker_id":"01e9d03c-87af-4295-b0a6-cb1bfc2ab38a-140334246949504","trial_id":16,"system_attr":{"completed_rung_0":0.028678875416517258}}
{"op_code":7,"worker_id":"01e9d03c-87af-4295-b0a6-cb1bfc2ab38a-140334246949504","trial_id":16,"step":4,"intermediate_value":0.02846561372280121}
{"op_code":7,"worker_id":"01e9d03c-87af-4295-b0a6-cb1bfc2ab38a-140334246949504","trial_id":16,"step":5,"intermediate_value":0.027787676081061363}
{"op_code":7,"worker_id":"01e9d03c-87af-4295-b0a6-cb1bfc2ab38a-140334246949504","trial_id":16,"step":6,"intermediate_value":0.027597738429903984}
{"op_code":7,"worker_id":"01e9d03c-87af-4295-b0a6-cb1bfc2ab38a-140334246949504","trial_id":16,"step":7,"intermediate_value":0.02771053835749626}
{"op_code":7,"worker_id":"01e9d03c-87af-4295-b0a6-cb1bfc2ab38a-140334246949504","trial_id":16,"step":8,"intermediate_value":0.02759750746190548}
{"op_code":7,"worker_id":"01e9d03c-87af-4295-b0a6-cb1bfc2ab38a-140334246949504","trial_id":16,"step":9,"intermediate_value":0.027767762541770935}
{"op_code":9,"worker_id":"01e9d03c-87af-4295-b0a6-cb1bfc2ab38a-140334246949504","trial_id":16,"system_attr":{"completed_rung_1":0.027767762541770935}}
{"op_code":7,"worker_id":"01e9d03c-87af-4295-b0a6-cb1bfc2ab38a-140334246949504","trial_id":16,"step":10,"intermediate_value":0.02761344611644745}
{"op_code":7,"worker_id":"01e9d03c-87af-4295-b0a6-cb1bfc2ab38a-140334246949504","trial_id":16,"step":11,"intermediate_value":0.027548130601644516}
{"op_code":7,"worker_id":"01e9d03c-87af-4295-b0a6-cb1bfc2ab38a-140334246949504","trial_id":16,"step":12,"intermediate_value":0.027367008849978447}
{"op_code":8,"worker_id":"01e9d03c-87af-4295-b0a6-cb1bfc2ab38a-140334246949504","trial_id":16,"user_attr":{"model_name":"best_model"}}
{"op_code":6,"worker_id":"01e9d03c-87af-4295-b0a6-cb1bfc2ab38a-140334246949504","trial_id":16,"state":1,"values":[0.16542977014424715],"datetime_complete":"2026-02-02T12:35:15.870879"}
{"op_code":4,"worker_id":"01e9d03c-87af-4295-b0a6-cb1bfc2ab38a-140334246949504","study_id":0,"datetime_start":"2026-02-02T12:35:15.879450"}
{"op_code":5,"worker_id":"01e9d03c-87af-4295-b0a6-cb1bfc2ab38a-140334246949504","trial_id":17,"param_name":"num_heads","param_value_internal":0,"distribution":"{\"name\": \"CategoricalDistribution\", \"attributes\": {\"choices\": [2, 4]}}"}
{"op_code":5,"worker_id":"01e9d03c-87af-4295-b0a6-cb1bfc2ab38a-140334246949504","trial_id":17,"param_name":"key_dim","param_value_internal":36.0,"distribution":"{\"name\": \"IntDistribution\", \"attributes\": {\"log\": false, \"step\": 1, \"low\": 24, \"high\": 40}}"}
{"op_code":5,"worker_id":"01e9d03c-87af-4295-b0a6-cb1bfc2ab38a-140334246949504","trial_id":17,"param_name":"ff_dim","param_value_internal":80.0,"distribution":"{\"name\": \"IntDistribution\", \"attributes\": {\"log\": false, \"step\": 1, \"low\": 48, \"high\": 96}}"}
{"op_code":5,"worker_id":"01e9d03c-87af-4295-b0a6-cb1bfc2ab38a-140334246949504","trial_id":17,"param_name":"dropout1","param_value_internal":0.07586505941998654,"distribution":"{\"name\": \"FloatDistribution\", \"attributes\": {\"step\": null, \"low\": 0.05, \"high\": 0.15, \"log\": false}}"}
{"op_code":5,"worker_id":"01e9d03c-87af-4295-b0a6-cb1bfc2ab38a-140334246949504","trial_id":17,"param_name":"dense_units","param_value_internal":116.0,"distribution":"{\"name\": \"IntDistribution\", \"attributes\": {\"log\": false, \"step\": 1, \"low\": 64, \"high\": 128}}"}
{"op_code":5,"worker_id":"01e9d03c-87af-4295-b0a6-cb1bfc2ab38a-140334246949504","trial_id":17,"param_name":"ff_activation","param_value_internal":1,"distribution":"{\"name\": \"CategoricalDistribution\", \"attributes\": {\"choices\": [\"relu\", \"gelu\"]}}"}
{"op_code":5,"worker_id":"01e9d03c-87af-4295-b0a6-cb1bfc2ab38a-140334246949504","trial_id":17,"param_name":"pos_dim","param_value_internal":43.0,"distribution":"{\"name\": \"IntDistribution\", \"attributes\": {\"log\": false, \"step\": 1, \"low\": 32, \"high\": 80}}"}
{"op_code":5,"worker_id":"01e9d03c-87af-4295-b0a6-cb1bfc2ab38a-140334246949504","trial_id":17,"param_name":"optimizer","param_value_internal":0,"distribution":"{\"name\": \"CategoricalDistribution\", \"attributes\": {\"choices\": [\"adam\"]}}"}
{"op_code":5,"worker_id":"01e9d03c-87af-4295-b0a6-cb1bfc2ab38a-140334246949504","trial_id":17,"param_name":"learning_rate","param_value_internal":8.899599736199538e-05,"distribution":"{\"name\": \"FloatDistribution\", \"attributes\": {\"step\": null, \"low\": 8e-05, \"high\": 0.0002, \"log\": false}}"}
{"op_code":5,"worker_id":"01e9d03c-87af-4295-b0a6-cb1bfc2ab38a-140334246949504","trial_id":17,"param_name":"epochs","param_value_internal":13.0,"distribution":"{\"name\": \"IntDistribution\", \"attributes\": {\"log\": false, \"step\": 1, \"low\": 8, \"high\": 16}}"}
{"op_code":7,"worker_id":"01e9d03c-87af-4295-b0a6-cb1bfc2ab38a-140334246949504","trial_id":17,"step":0,"intermediate_value":0.03548172861337662}
{"op_code":7,"worker_id":"01e9d03c-87af-4295-b0a6-cb1bfc2ab38a-140334246949504","trial_id":17,"step":1,"intermediate_value":0.03876326233148575}
{"op_code":7,"worker_id":"01e9d03c-87af-4295-b0a6-cb1bfc2ab38a-140334246949504","trial_id":17,"step":2,"intermediate_value":0.035836245864629745}
{"op_code":7,"worker_id":"01e9d03c-87af-4295-b0a6-cb1bfc2ab38a-140334246949504","trial_id":17,"step":3,"intermediate_value":0.030783429741859436}
{"op_code":9,"worker_id":"01e9d03c-87af-4295-b0a6-cb1bfc2ab38a-140334246949504","trial_id":17,"system_attr":{"completed_rung_0":0.030783429741859436}}
{"op_code":6,"worker_id":"01e9d03c-87af-4295-b0a6-cb1bfc2ab38a-140334246949504","trial_id":17,"state":2,"values":[0.030783429741859436],"datetime_complete":"2026-02-02T12:38:42.653790"}
{"op_code":4,"worker_id":"01e9d03c-87af-4295-b0a6-cb1bfc2ab38a-140334246949504","study_id":0,"datetime_start":"2026-02-02T12:38:42.656948"}
{"op_code":5,"worker_id":"01e9d03c-87af-4295-b0a6-cb1bfc2ab38a-140334246949504","trial_id":18,"param_name":"num_heads","param_value_internal":0,"distribution":"{\"name\": \"CategoricalDistribution\", \"attributes\": {\"choices\": [2, 4]}}"}
{"op_code":5,"worker_id":"01e9d03c-87af-4295-b0a6-cb1bfc2ab38a-140334246949504","trial_id":18,"param_name":"key_dim","param_value_internal":37.0,"distribution":"{\"name\": \"IntDistribution\", \"attributes\": {\"log\": false, \"step\": 1, \"low\": 24, \"high\": 40}}"}
{"op_code":5,"worker_id":"01e9d03c-87af-4295-b0a6-cb1bfc2ab38a-140334246949504","trial_id":18,"param_name":"ff_dim","param_value_internal":89.0,"distribution":"{\"name\": \"IntDistribution\", \"attributes\": {\"log\": false, \"step\": 1, \"low\": 48, \"high\": 96}}"}
{"op_code":5,"worker_id":"01e9d03c-87af-4295-b0a6-cb1bfc2ab38a-140334246949504","trial_id":18,"param_name":"dropout1","param_value_internal":0.09837469305045425,"distribution":"{\"name\": \"FloatDistribution\", \"attributes\": {\"step\": null, \"low\": 0.05, \"high\": 0.15, \"log\": false}}"}
{"op_code":5,"worker_id":"01e9d03c-87af-4295-b0a6-cb1bfc2ab38a-140334246949504","trial_id":18,"param_name":"dense_units","param_value_internal":77.0,"distribution":"{\"name\": \"IntDistribution\", \"attributes\": {\"log\": false, \"step\": 1, \"low\": 64, \"high\": 128}}"}
{"op_code":5,"worker_id":"01e9d03c-87af-4295-b0a6-cb1bfc2ab38a-140334246949504","trial_id":18,"param_name":"ff_activation","param_value_internal":1,"distribution":"{\"name\": \"CategoricalDistribution\", \"attributes\": {\"choices\": [\"relu\", \"gelu\"]}}"}
{"op_code":5,"worker_id":"01e9d03c-87af-4295-b0a6-cb1bfc2ab38a-140334246949504","trial_id":18,"param_name":"pos_dim","param_value_internal":44.0,"distribution":"{\"name\": \"IntDistribution\", \"attributes\": {\"log\": false, \"step\": 1, \"low\": 32, \"high\": 80}}"}
{"op_code":5,"worker_id":"01e9d03c-87af-4295-b0a6-cb1bfc2ab38a-140334246949504","trial_id":18,"param_name":"optimizer","param_value_internal":0,"distribution":"{\"name\": \"CategoricalDistribution\", \"attributes\": {\"choices\": [\"adam\"]}}"}
{"op_code":5,"worker_id":"01e9d03c-87af-4295-b0a6-cb1bfc2ab38a-140334246949504","trial_id":18,"param_name":"learning_rate","param_value_internal":0.00019432004029833257,"distribution":"{\"name\": \"FloatDistribution\", \"attributes\": {\"step\": null, \"low\": 8e-05, \"high\": 0.0002, \"log\": false}}"}
{"op_code":5,"worker_id":"01e9d03c-87af-4295-b0a6-cb1bfc2ab38a-140334246949504","trial_id":18,"param_name":"epochs","param_value_internal":12.0,"distribution":"{\"name\": \"IntDistribution\", \"attributes\": {\"log\": false, \"step\": 1, \"low\": 8, \"high\": 16}}"}
{"op_code":7,"worker_id":"01e9d03c-87af-4295-b0a6-cb1bfc2ab38a-140334246949504","trial_id":18,"step":0,"intermediate_value":0.03993980586528778}
{"op_code":7,"worker_id":"01e9d03c-87af-4295-b0a6-cb1bfc2ab38a-140334246949504","trial_id":18,"step":1,"intermediate_value":0.04130841791629791}
{"op_code":7,"worker_id":"01e9d03c-87af-4295-b0a6-cb1bfc2ab38a-140334246949504","trial_id":18,"step":2,"intermediate_value":0.03344167396426201}
{"op_code":7,"worker_id":"01e9d03c-87af-4295-b0a6-cb1bfc2ab38a-140334246949504","trial_id":18,"step":3,"intermediate_value":0.03283769637346268}
{"op_code":7,"worker_id":"01e9d03c-87af-4295-b0a6-cb1bfc2ab38a-140334246949504","trial_id":18,"step":4,"intermediate_value":0.03059324249625206}
{"op_code":7,"worker_id":"01e9d03c-87af-4295-b0a6-cb1bfc2ab38a-140334246949504","trial_id":18,"step":5,"intermediate_value":0.029502077028155327}
{"op_code":7,"worker_id":"01e9d03c-87af-4295-b0a6-cb1bfc2ab38a-140334246949504","trial_id":18,"step":6,"intermediate_value":0.03105565346777439}
{"op_code":7,"worker_id":"01e9d03c-87af-4295-b0a6-cb1bfc2ab38a-140334246949504","trial_id":18,"step":7,"intermediate_value":0.030862251296639442}
{"op_code":7,"worker_id":"01e9d03c-87af-4295-b0a6-cb1bfc2ab38a-140334246949504","trial_id":18,"step":8,"intermediate_value":0.03149903938174248}
{"op_code":6,"worker_id":"01e9d03c-87af-4295-b0a6-cb1bfc2ab38a-140334246949504","trial_id":18,"state":1,"values":[0.17747968723699756],"datetime_complete":"2026-02-02T12:46:13.346883"}
{"op_code":4,"worker_id":"01e9d03c-87af-4295-b0a6-cb1bfc2ab38a-140334246949504","study_id":0,"datetime_start":"2026-02-02T12:46:13.354251"}
{"op_code":5,"worker_id":"01e9d03c-87af-4295-b0a6-cb1bfc2ab38a-140334246949504","trial_id":19,"param_name":"num_heads","param_value_internal":0,"distribution":"{\"name\": \"CategoricalDistribution\", \"attributes\": {\"choices\": [2, 4]}}"}
{"op_code":5,"worker_id":"01e9d03c-87af-4295-b0a6-cb1bfc2ab38a-140334246949504","trial_id":19,"param_name":"key_dim","param_value_internal":40.0,"distribution":"{\"name\": \"IntDistribution\", \"attributes\": {\"log\": false, \"step\": 1, \"low\": 24, \"high\": 40}}"}
{"op_code":5,"worker_id":"01e9d03c-87af-4295-b0a6-cb1bfc2ab38a-140334246949504","trial_id":19,"param_name":"ff_dim","param_value_internal":59.0,"distribution":"{\"name\": \"IntDistribution\", \"attributes\": {\"log\": false, \"step\": 1, \"low\": 48, \"high\": 96}}"}
{"op_code":5,"worker_id":"01e9d03c-87af-4295-b0a6-cb1bfc2ab38a-140334246949504","trial_id":19,"param_name":"dropout1","param_value_internal":0.10157875603526127,"distribution":"{\"name\": \"FloatDistribution\", \"attributes\": {\"step\": null, \"low\": 0.05, \"high\": 0.15, \"log\": false}}"}
{"op_code":5,"worker_id":"01e9d03c-87af-4295-b0a6-cb1bfc2ab38a-140334246949504","trial_id":19,"param_name":"dense_units","param_value_internal":106.0,"distribution":"{\"name\": \"IntDistribution\", \"attributes\": {\"log\": false, \"step\": 1, \"low\": 64, \"high\": 128}}"}
{"op_code":5,"worker_id":"01e9d03c-87af-4295-b0a6-cb1bfc2ab38a-140334246949504","trial_id":19,"param_name":"ff_activation","param_value_internal":1,"distribution":"{\"name\": \"CategoricalDistribution\", \"attributes\": {\"choices\": [\"relu\", \"gelu\"]}}"}
{"op_code":5,"worker_id":"01e9d03c-87af-4295-b0a6-cb1bfc2ab38a-140334246949504","trial_id":19,"param_name":"pos_dim","param_value_internal":37.0,"distribution":"{\"name\": \"IntDistribution\", \"attributes\": {\"log\": false, \"step\": 1, \"low\": 32, \"high\": 80}}"}
{"op_code":5,"worker_id":"01e9d03c-87af-4295-b0a6-cb1bfc2ab38a-140334246949504","trial_id":19,"param_name":"optimizer","param_value_internal":0,"distribution":"{\"name\": \"CategoricalDistribution\", \"attributes\": {\"choices\": [\"adam\"]}}"}
{"op_code":5,"worker_id":"01e9d03c-87af-4295-b0a6-cb1bfc2ab38a-140334246949504","trial_id":19,"param_name":"learning_rate","param_value_internal":0.00015088180910263554,"distribution":"{\"name\": \"FloatDistribution\", \"attributes\": {\"step\": null, \"low\": 8e-05, \"high\": 0.0002, \"log\": false}}"}
{"op_code":5,"worker_id":"01e9d03c-87af-4295-b0a6-cb1bfc2ab38a-140334246949504","trial_id":19,"param_name":"epochs","param_value_internal":13.0,"distribution":"{\"name\": \"IntDistribution\", \"attributes\": {\"log\": false, \"step\": 1, \"low\": 8, \"high\": 16}}"}
{"op_code":7,"worker_id":"01e9d03c-87af-4295-b0a6-cb1bfc2ab38a-140334246949504","trial_id":19,"step":0,"intermediate_value":0.04427986592054367}
{"op_code":7,"worker_id":"01e9d03c-87af-4295-b0a6-cb1bfc2ab38a-140334246949504","trial_id":19,"step":1,"intermediate_value":0.03236602619290352}
{"op_code":7,"worker_id":"01e9d03c-87af-4295-b0a6-cb1bfc2ab38a-140334246949504","trial_id":19,"step":2,"intermediate_value":0.03461330756545067}
{"op_code":7,"worker_id":"01e9d03c-87af-4295-b0a6-cb1bfc2ab38a-140334246949504","trial_id":19,"step":3,"intermediate_value":0.03491348400712013}
{"op_code":9,"worker_id":"01e9d03c-87af-4295-b0a6-cb1bfc2ab38a-140334246949504","trial_id":19,"system_attr":{"completed_rung_0":0.03491348400712013}}
{"op_code":6,"worker_id":"01e9d03c-87af-4295-b0a6-cb1bfc2ab38a-140334246949504","trial_id":19,"state":2,"values":[0.03491348400712013],"datetime_complete":"2026-02-02T12:50:37.050419"}
{"op_code":4,"worker_id":"01e9d03c-87af-4295-b0a6-cb1bfc2ab38a-140334246949504","study_id":0,"datetime_start":"2026-02-02T12:50:37.055401"}
{"op_code":5,"worker_id":"01e9d03c-87af-4295-b0a6-cb1bfc2ab38a-140334246949504","trial_id":20,"param_name":"num_heads","param_value_internal":0,"distribution":"{\"name\": \"CategoricalDistribution\", \"attributes\": {\"choices\": [2, 4]}}"}
{"op_code":5,"worker_id":"01e9d03c-87af-4295-b0a6-cb1bfc2ab38a-140334246949504","trial_id":20,"param_name":"key_dim","param_value_internal":35.0,"distribution":"{\"name\": \"IntDistribution\", \"attributes\": {\"log\": false, \"step\": 1, \"low\": 24, \"high\": 40}}"}
{"op_code":5,"worker_id":"01e9d03c-87af-4295-b0a6-cb1bfc2ab38a-140334246949504","trial_id":20,"param_name":"ff_dim","param_value_internal":72.0,"distribution":"{\"name\": \"IntDistribution\", \"attributes\": {\"log\": false, \"step\": 1, \"low\": 48, \"high\": 96}}"}
{"op_code":5,"worker_id":"01e9d03c-87af-4295-b0a6-cb1bfc2ab38a-140334246949504","trial_id":20,"param_name":"dropout1","param_value_internal":0.050141386726138805,"distribution":"{\"name\": \"FloatDistribution\", \"attributes\": {\"step\": null, \"low\": 0.05, \"high\": 0.15, \"log\": false}}"}
{"op_code":5,"worker_id":"01e9d03c-87af-4295-b0a6-cb1bfc2ab38a-140334246949504","trial_id":20,"param_name":"dense_units","param_value_internal":120.0,"distribution":"{\"name\": \"IntDistribution\", \"attributes\": {\"log\": false, \"step\": 1, \"low\": 64, \"high\": 128}}"}
{"op_code":5,"worker_id":"01e9d03c-87af-4295-b0a6-cb1bfc2ab38a-140334246949504","trial_id":20,"param_name":"ff_activation","param_value_internal":1,"distribution":"{\"name\": \"CategoricalDistribution\", \"attributes\": {\"choices\": [\"relu\", \"gelu\"]}}"}
{"op_code":5,"worker_id":"01e9d03c-87af-4295-b0a6-cb1bfc2ab38a-140334246949504","trial_id":20,"param_name":"pos_dim","param_value_internal":51.0,"distribution":"{\"name\": \"IntDistribution\", \"attributes\": {\"log\": false, \"step\": 1, \"low\": 32, \"high\": 80}}"}
{"op_code":5,"worker_id":"01e9d03c-87af-4295-b0a6-cb1bfc2ab38a-140334246949504","trial_id":20,"param_name":"optimizer","param_value_internal":0,"distribution":"{\"name\": \"CategoricalDistribution\", \"attributes\": {\"choices\": [\"adam\"]}}"}
{"op_code":5,"worker_id":"01e9d03c-87af-4295-b0a6-cb1bfc2ab38a-140334246949504","trial_id":20,"param_name":"learning_rate","param_value_internal":9.690027511074675e-05,"distribution":"{\"name\": \"FloatDistribution\", \"attributes\": {\"step\": null, \"low\": 8e-05, \"high\": 0.0002, \"log\": false}}"}
{"op_code":5,"worker_id":"01e9d03c-87af-4295-b0a6-cb1bfc2ab38a-140334246949504","trial_id":20,"param_name":"epochs","param_value_internal":13.0,"distribution":"{\"name\": \"IntDistribution\", \"attributes\": {\"log\": false, \"step\": 1, \"low\": 8, \"high\": 16}}"}
