{"op_code":0,"worker_id":"99506b9d-8aab-4552-a112-0f75070ab11a-15320","study_name":"expected_goals","directions":[1]}
{"op_code":4,"worker_id":"99506b9d-8aab-4552-a112-0f75070ab11a-15320","study_id":0,"datetime_start":"2026-01-30T11:58:13.099149"}
{"op_code":5,"worker_id":"99506b9d-8aab-4552-a112-0f75070ab11a-15320","trial_id":0,"param_name":"num_heads","param_value_internal":3.0,"distribution":"{\"name\": \"IntDistribution\", \"attributes\": {\"log\": false, \"step\": 1, \"low\": 2, \"high\": 4}}"}
{"op_code":5,"worker_id":"99506b9d-8aab-4552-a112-0f75070ab11a-15320","trial_id":0,"param_name":"ff_dim","param_value_internal":111.0,"distribution":"{\"name\": \"IntDistribution\", \"attributes\": {\"log\": false, \"step\": 1, \"low\": 64, \"high\": 128}}"}
{"op_code":5,"worker_id":"99506b9d-8aab-4552-a112-0f75070ab11a-15320","trial_id":0,"param_name":"dropout1","param_value_internal":0.10398782920564978,"distribution":"{\"name\": \"FloatDistribution\", \"attributes\": {\"step\": null, \"low\": 0.0, \"high\": 0.2, \"log\": false}}"}
{"op_code":5,"worker_id":"99506b9d-8aab-4552-a112-0f75070ab11a-15320","trial_id":0,"param_name":"dropout2","param_value_internal":0.010862898740714822,"distribution":"{\"name\": \"FloatDistribution\", \"attributes\": {\"step\": null, \"low\": 0.0, \"high\": 0.2, \"log\": false}}"}
{"op_code":5,"worker_id":"99506b9d-8aab-4552-a112-0f75070ab11a-15320","trial_id":0,"param_name":"window_time","param_value_internal":30.0,"distribution":"{\"name\": \"IntDistribution\", \"attributes\": {\"log\": false, \"step\": 1, \"low\": 10, \"high\": 30}}"}
{"op_code":5,"worker_id":"99506b9d-8aab-4552-a112-0f75070ab11a-15320","trial_id":0,"param_name":"horizon_time","param_value_internal":5.0,"distribution":"{\"name\": \"IntDistribution\", \"attributes\": {\"log\": false, \"step\": 1, \"low\": 2, \"high\": 5}}"}
{"op_code":5,"worker_id":"99506b9d-8aab-4552-a112-0f75070ab11a-15320","trial_id":0,"param_name":"dense_units","param_value_internal":39.0,"distribution":"{\"name\": \"IntDistribution\", \"attributes\": {\"log\": false, \"step\": 1, \"low\": 16, \"high\": 48}}"}
{"op_code":5,"worker_id":"99506b9d-8aab-4552-a112-0f75070ab11a-15320","trial_id":0,"param_name":"activation","param_value_internal":0,"distribution":"{\"name\": \"CategoricalDistribution\", \"attributes\": {\"choices\": [\"relu\", \"tanh\"]}}"}
{"op_code":5,"worker_id":"99506b9d-8aab-4552-a112-0f75070ab11a-15320","trial_id":0,"param_name":"optimizer","param_value_internal":0,"distribution":"{\"name\": \"CategoricalDistribution\", \"attributes\": {\"choices\": [\"adam\"]}}"}
{"op_code":5,"worker_id":"99506b9d-8aab-4552-a112-0f75070ab11a-15320","trial_id":0,"param_name":"learning_rate","param_value_internal":0.00021354370783123128,"distribution":"{\"name\": \"FloatDistribution\", \"attributes\": {\"step\": null, \"low\": 0.0001, \"high\": 0.0005, \"log\": false}}"}
{"op_code":5,"worker_id":"99506b9d-8aab-4552-a112-0f75070ab11a-15320","trial_id":0,"param_name":"batch_size","param_value_internal":1,"distribution":"{\"name\": \"CategoricalDistribution\", \"attributes\": {\"choices\": [32, 64]}}"}
{"op_code":5,"worker_id":"99506b9d-8aab-4552-a112-0f75070ab11a-15320","trial_id":0,"param_name":"epochs","param_value_internal":12.0,"distribution":"{\"name\": \"IntDistribution\", \"attributes\": {\"log\": false, \"step\": 1, \"low\": 10, \"high\": 30}}"}
{"op_code":0,"worker_id":"92a66c02-5c5f-46fb-b0c1-2bc62b74e83c-12940","study_name":"expected_goals","directions":[1]}
{"op_code":4,"worker_id":"92a66c02-5c5f-46fb-b0c1-2bc62b74e83c-12940","study_id":0,"datetime_start":"2026-01-30T11:58:18.331151"}
{"op_code":5,"worker_id":"92a66c02-5c5f-46fb-b0c1-2bc62b74e83c-12940","trial_id":1,"param_name":"num_heads","param_value_internal":4.0,"distribution":"{\"name\": \"IntDistribution\", \"attributes\": {\"log\": false, \"step\": 1, \"low\": 2, \"high\": 4}}"}
{"op_code":5,"worker_id":"92a66c02-5c5f-46fb-b0c1-2bc62b74e83c-12940","trial_id":1,"param_name":"ff_dim","param_value_internal":124.0,"distribution":"{\"name\": \"IntDistribution\", \"attributes\": {\"log\": false, \"step\": 1, \"low\": 64, \"high\": 128}}"}
{"op_code":5,"worker_id":"92a66c02-5c5f-46fb-b0c1-2bc62b74e83c-12940","trial_id":1,"param_name":"dropout1","param_value_internal":0.032884338488102176,"distribution":"{\"name\": \"FloatDistribution\", \"attributes\": {\"step\": null, \"low\": 0.0, \"high\": 0.2, \"log\": false}}"}
{"op_code":5,"worker_id":"92a66c02-5c5f-46fb-b0c1-2bc62b74e83c-12940","trial_id":1,"param_name":"dropout2","param_value_internal":0.19613107077104786,"distribution":"{\"name\": \"FloatDistribution\", \"attributes\": {\"step\": null, \"low\": 0.0, \"high\": 0.2, \"log\": false}}"}
{"op_code":5,"worker_id":"92a66c02-5c5f-46fb-b0c1-2bc62b74e83c-12940","trial_id":1,"param_name":"window_time","param_value_internal":12.0,"distribution":"{\"name\": \"IntDistribution\", \"attributes\": {\"log\": false, \"step\": 1, \"low\": 10, \"high\": 30}}"}
{"op_code":5,"worker_id":"92a66c02-5c5f-46fb-b0c1-2bc62b74e83c-12940","trial_id":1,"param_name":"horizon_time","param_value_internal":3.0,"distribution":"{\"name\": \"IntDistribution\", \"attributes\": {\"log\": false, \"step\": 1, \"low\": 2, \"high\": 5}}"}
{"op_code":5,"worker_id":"92a66c02-5c5f-46fb-b0c1-2bc62b74e83c-12940","trial_id":1,"param_name":"dense_units","param_value_internal":42.0,"distribution":"{\"name\": \"IntDistribution\", \"attributes\": {\"log\": false, \"step\": 1, \"low\": 16, \"high\": 48}}"}
{"op_code":5,"worker_id":"92a66c02-5c5f-46fb-b0c1-2bc62b74e83c-12940","trial_id":1,"param_name":"activation","param_value_internal":0,"distribution":"{\"name\": \"CategoricalDistribution\", \"attributes\": {\"choices\": [\"relu\", \"tanh\"]}}"}
{"op_code":5,"worker_id":"92a66c02-5c5f-46fb-b0c1-2bc62b74e83c-12940","trial_id":1,"param_name":"optimizer","param_value_internal":0,"distribution":"{\"name\": \"CategoricalDistribution\", \"attributes\": {\"choices\": [\"adam\"]}}"}
{"op_code":5,"worker_id":"92a66c02-5c5f-46fb-b0c1-2bc62b74e83c-12940","trial_id":1,"param_name":"learning_rate","param_value_internal":0.00044745178338171184,"distribution":"{\"name\": \"FloatDistribution\", \"attributes\": {\"step\": null, \"low\": 0.0001, \"high\": 0.0005, \"log\": false}}"}
{"op_code":5,"worker_id":"92a66c02-5c5f-46fb-b0c1-2bc62b74e83c-12940","trial_id":1,"param_name":"batch_size","param_value_internal":0,"distribution":"{\"name\": \"CategoricalDistribution\", \"attributes\": {\"choices\": [32, 64]}}"}
{"op_code":5,"worker_id":"92a66c02-5c5f-46fb-b0c1-2bc62b74e83c-12940","trial_id":1,"param_name":"epochs","param_value_internal":12.0,"distribution":"{\"name\": \"IntDistribution\", \"attributes\": {\"log\": false, \"step\": 1, \"low\": 10, \"high\": 30}}"}
{"op_code":0,"worker_id":"102c445a-b6fe-4915-880c-43865f52db56-18760","study_name":"expected_goals","directions":[1]}
{"op_code":4,"worker_id":"102c445a-b6fe-4915-880c-43865f52db56-18760","study_id":0,"datetime_start":"2026-01-30T11:58:24.151150"}
{"op_code":5,"worker_id":"102c445a-b6fe-4915-880c-43865f52db56-18760","trial_id":2,"param_name":"num_heads","param_value_internal":4.0,"distribution":"{\"name\": \"IntDistribution\", \"attributes\": {\"log\": false, \"step\": 1, \"low\": 2, \"high\": 4}}"}
{"op_code":5,"worker_id":"102c445a-b6fe-4915-880c-43865f52db56-18760","trial_id":2,"param_name":"ff_dim","param_value_internal":108.0,"distribution":"{\"name\": \"IntDistribution\", \"attributes\": {\"log\": false, \"step\": 1, \"low\": 64, \"high\": 128}}"}
{"op_code":5,"worker_id":"102c445a-b6fe-4915-880c-43865f52db56-18760","trial_id":2,"param_name":"dropout1","param_value_internal":0.11021904375953538,"distribution":"{\"name\": \"FloatDistribution\", \"attributes\": {\"step\": null, \"low\": 0.0, \"high\": 0.2, \"log\": false}}"}
{"op_code":5,"worker_id":"102c445a-b6fe-4915-880c-43865f52db56-18760","trial_id":2,"param_name":"dropout2","param_value_internal":0.12828630855573905,"distribution":"{\"name\": \"FloatDistribution\", \"attributes\": {\"step\": null, \"low\": 0.0, \"high\": 0.2, \"log\": false}}"}
{"op_code":5,"worker_id":"102c445a-b6fe-4915-880c-43865f52db56-18760","trial_id":2,"param_name":"window_time","param_value_internal":17.0,"distribution":"{\"name\": \"IntDistribution\", \"attributes\": {\"log\": false, \"step\": 1, \"low\": 10, \"high\": 30}}"}
{"op_code":5,"worker_id":"102c445a-b6fe-4915-880c-43865f52db56-18760","trial_id":2,"param_name":"horizon_time","param_value_internal":3.0,"distribution":"{\"name\": \"IntDistribution\", \"attributes\": {\"log\": false, \"step\": 1, \"low\": 2, \"high\": 5}}"}
{"op_code":5,"worker_id":"102c445a-b6fe-4915-880c-43865f52db56-18760","trial_id":2,"param_name":"dense_units","param_value_internal":46.0,"distribution":"{\"name\": \"IntDistribution\", \"attributes\": {\"log\": false, \"step\": 1, \"low\": 16, \"high\": 48}}"}
{"op_code":5,"worker_id":"102c445a-b6fe-4915-880c-43865f52db56-18760","trial_id":2,"param_name":"activation","param_value_internal":0,"distribution":"{\"name\": \"CategoricalDistribution\", \"attributes\": {\"choices\": [\"relu\", \"tanh\"]}}"}
{"op_code":5,"worker_id":"102c445a-b6fe-4915-880c-43865f52db56-18760","trial_id":2,"param_name":"optimizer","param_value_internal":0,"distribution":"{\"name\": \"CategoricalDistribution\", \"attributes\": {\"choices\": [\"adam\"]}}"}
{"op_code":5,"worker_id":"102c445a-b6fe-4915-880c-43865f52db56-18760","trial_id":2,"param_name":"learning_rate","param_value_internal":0.0004041205876521663,"distribution":"{\"name\": \"FloatDistribution\", \"attributes\": {\"step\": null, \"low\": 0.0001, \"high\": 0.0005, \"log\": false}}"}
{"op_code":5,"worker_id":"102c445a-b6fe-4915-880c-43865f52db56-18760","trial_id":2,"param_name":"batch_size","param_value_internal":1,"distribution":"{\"name\": \"CategoricalDistribution\", \"attributes\": {\"choices\": [32, 64]}}"}
{"op_code":5,"worker_id":"102c445a-b6fe-4915-880c-43865f52db56-18760","trial_id":2,"param_name":"epochs","param_value_internal":20.0,"distribution":"{\"name\": \"IntDistribution\", \"attributes\": {\"log\": false, \"step\": 1, \"low\": 10, \"high\": 30}}"}
{"op_code":0,"worker_id":"2e46ff1d-1d57-4517-91ac-306d2c799fd8-18936","study_name":"expected_goals","directions":[1]}
{"op_code":4,"worker_id":"2e46ff1d-1d57-4517-91ac-306d2c799fd8-18936","study_id":0,"datetime_start":"2026-01-30T11:58:33.938149"}
{"op_code":5,"worker_id":"2e46ff1d-1d57-4517-91ac-306d2c799fd8-18936","trial_id":3,"param_name":"num_heads","param_value_internal":4.0,"distribution":"{\"name\": \"IntDistribution\", \"attributes\": {\"log\": false, \"step\": 1, \"low\": 2, \"high\": 4}}"}
{"op_code":5,"worker_id":"2e46ff1d-1d57-4517-91ac-306d2c799fd8-18936","trial_id":3,"param_name":"ff_dim","param_value_internal":79.0,"distribution":"{\"name\": \"IntDistribution\", \"attributes\": {\"log\": false, \"step\": 1, \"low\": 64, \"high\": 128}}"}
{"op_code":5,"worker_id":"2e46ff1d-1d57-4517-91ac-306d2c799fd8-18936","trial_id":3,"param_name":"dropout1","param_value_internal":0.0924460024855307,"distribution":"{\"name\": \"FloatDistribution\", \"attributes\": {\"step\": null, \"low\": 0.0, \"high\": 0.2, \"log\": false}}"}
{"op_code":5,"worker_id":"2e46ff1d-1d57-4517-91ac-306d2c799fd8-18936","trial_id":3,"param_name":"dropout2","param_value_internal":0.160648687481618,"distribution":"{\"name\": \"FloatDistribution\", \"attributes\": {\"step\": null, \"low\": 0.0, \"high\": 0.2, \"log\": false}}"}
{"op_code":5,"worker_id":"2e46ff1d-1d57-4517-91ac-306d2c799fd8-18936","trial_id":3,"param_name":"window_time","param_value_internal":26.0,"distribution":"{\"name\": \"IntDistribution\", \"attributes\": {\"log\": false, \"step\": 1, \"low\": 10, \"high\": 30}}"}
{"op_code":5,"worker_id":"2e46ff1d-1d57-4517-91ac-306d2c799fd8-18936","trial_id":3,"param_name":"horizon_time","param_value_internal":3.0,"distribution":"{\"name\": \"IntDistribution\", \"attributes\": {\"log\": false, \"step\": 1, \"low\": 2, \"high\": 5}}"}
{"op_code":5,"worker_id":"2e46ff1d-1d57-4517-91ac-306d2c799fd8-18936","trial_id":3,"param_name":"dense_units","param_value_internal":34.0,"distribution":"{\"name\": \"IntDistribution\", \"attributes\": {\"log\": false, \"step\": 1, \"low\": 16, \"high\": 48}}"}
{"op_code":5,"worker_id":"2e46ff1d-1d57-4517-91ac-306d2c799fd8-18936","trial_id":3,"param_name":"activation","param_value_internal":1,"distribution":"{\"name\": \"CategoricalDistribution\", \"attributes\": {\"choices\": [\"relu\", \"tanh\"]}}"}
{"op_code":5,"worker_id":"2e46ff1d-1d57-4517-91ac-306d2c799fd8-18936","trial_id":3,"param_name":"optimizer","param_value_internal":0,"distribution":"{\"name\": \"CategoricalDistribution\", \"attributes\": {\"choices\": [\"adam\"]}}"}
{"op_code":5,"worker_id":"2e46ff1d-1d57-4517-91ac-306d2c799fd8-18936","trial_id":3,"param_name":"learning_rate","param_value_internal":0.0004654397799238059,"distribution":"{\"name\": \"FloatDistribution\", \"attributes\": {\"step\": null, \"low\": 0.0001, \"high\": 0.0005, \"log\": false}}"}
{"op_code":5,"worker_id":"2e46ff1d-1d57-4517-91ac-306d2c799fd8-18936","trial_id":3,"param_name":"batch_size","param_value_internal":1,"distribution":"{\"name\": \"CategoricalDistribution\", \"attributes\": {\"choices\": [32, 64]}}"}
{"op_code":5,"worker_id":"2e46ff1d-1d57-4517-91ac-306d2c799fd8-18936","trial_id":3,"param_name":"epochs","param_value_internal":11.0,"distribution":"{\"name\": \"IntDistribution\", \"attributes\": {\"log\": false, \"step\": 1, \"low\": 10, \"high\": 30}}"}
{"op_code":0,"worker_id":"f77c160f-1077-4017-b1d5-d199a4d71515-18116","study_name":"expected_goals","directions":[1]}
{"op_code":4,"worker_id":"f77c160f-1077-4017-b1d5-d199a4d71515-18116","study_id":0,"datetime_start":"2026-01-30T11:59:06.007148"}
{"op_code":0,"worker_id":"2dcee59a-8d6c-43c5-9eb1-722f3c011f68-10560","study_name":"expected_goals","directions":[1]}
{"op_code":4,"worker_id":"2dcee59a-8d6c-43c5-9eb1-722f3c011f68-10560","study_id":0,"datetime_start":"2026-01-30T11:59:24.847148"}
{"op_code":5,"worker_id":"f77c160f-1077-4017-b1d5-d199a4d71515-18116","trial_id":4,"param_name":"num_heads","param_value_internal":4.0,"distribution":"{\"name\": \"IntDistribution\", \"attributes\": {\"log\": false, \"step\": 1, \"low\": 2, \"high\": 4}}"}
{"op_code":5,"worker_id":"f77c160f-1077-4017-b1d5-d199a4d71515-18116","trial_id":4,"param_name":"ff_dim","param_value_internal":127.0,"distribution":"{\"name\": \"IntDistribution\", \"attributes\": {\"log\": false, \"step\": 1, \"low\": 64, \"high\": 128}}"}
{"op_code":5,"worker_id":"f77c160f-1077-4017-b1d5-d199a4d71515-18116","trial_id":4,"param_name":"dropout1","param_value_internal":0.10548698886793227,"distribution":"{\"name\": \"FloatDistribution\", \"attributes\": {\"step\": null, \"low\": 0.0, \"high\": 0.2, \"log\": false}}"}
{"op_code":5,"worker_id":"f77c160f-1077-4017-b1d5-d199a4d71515-18116","trial_id":4,"param_name":"dropout2","param_value_internal":0.0942712780490272,"distribution":"{\"name\": \"FloatDistribution\", \"attributes\": {\"step\": null, \"low\": 0.0, \"high\": 0.2, \"log\": false}}"}
{"op_code":5,"worker_id":"f77c160f-1077-4017-b1d5-d199a4d71515-18116","trial_id":4,"param_name":"window_time","param_value_internal":25.0,"distribution":"{\"name\": \"IntDistribution\", \"attributes\": {\"log\": false, \"step\": 1, \"low\": 10, \"high\": 30}}"}
{"op_code":5,"worker_id":"f77c160f-1077-4017-b1d5-d199a4d71515-18116","trial_id":4,"param_name":"horizon_time","param_value_internal":2.0,"distribution":"{\"name\": \"IntDistribution\", \"attributes\": {\"log\": false, \"step\": 1, \"low\": 2, \"high\": 5}}"}
{"op_code":5,"worker_id":"f77c160f-1077-4017-b1d5-d199a4d71515-18116","trial_id":4,"param_name":"dense_units","param_value_internal":41.0,"distribution":"{\"name\": \"IntDistribution\", \"attributes\": {\"log\": false, \"step\": 1, \"low\": 16, \"high\": 48}}"}
{"op_code":5,"worker_id":"f77c160f-1077-4017-b1d5-d199a4d71515-18116","trial_id":4,"param_name":"activation","param_value_internal":0,"distribution":"{\"name\": \"CategoricalDistribution\", \"attributes\": {\"choices\": [\"relu\", \"tanh\"]}}"}
{"op_code":5,"worker_id":"f77c160f-1077-4017-b1d5-d199a4d71515-18116","trial_id":4,"param_name":"optimizer","param_value_internal":0,"distribution":"{\"name\": \"CategoricalDistribution\", \"attributes\": {\"choices\": [\"adam\"]}}"}
{"op_code":5,"worker_id":"f77c160f-1077-4017-b1d5-d199a4d71515-18116","trial_id":4,"param_name":"learning_rate","param_value_internal":0.0002508979705867886,"distribution":"{\"name\": \"FloatDistribution\", \"attributes\": {\"step\": null, \"low\": 0.0001, \"high\": 0.0005, \"log\": false}}"}
{"op_code":5,"worker_id":"f77c160f-1077-4017-b1d5-d199a4d71515-18116","trial_id":4,"param_name":"batch_size","param_value_internal":1,"distribution":"{\"name\": \"CategoricalDistribution\", \"attributes\": {\"choices\": [32, 64]}}"}
{"op_code":5,"worker_id":"f77c160f-1077-4017-b1d5-d199a4d71515-18116","trial_id":4,"param_name":"epochs","param_value_internal":21.0,"distribution":"{\"name\": \"IntDistribution\", \"attributes\": {\"log\": false, \"step\": 1, \"low\": 10, \"high\": 30}}"}
{"op_code":0,"worker_id":"c3ac6273-8336-4c74-9ea6-d1eb7638c670-17448","study_name":"expected_goals","directions":[1]}
{"op_code":4,"worker_id":"c3ac6273-8336-4c74-9ea6-d1eb7638c670-17448","study_id":0,"datetime_start":"2026-01-30T11:59:53.632150"}
{"op_code":5,"worker_id":"2dcee59a-8d6c-43c5-9eb1-722f3c011f68-10560","trial_id":5,"param_name":"num_heads","param_value_internal":3.0,"distribution":"{\"name\": \"IntDistribution\", \"attributes\": {\"log\": false, \"step\": 1, \"low\": 2, \"high\": 4}}"}
{"op_code":5,"worker_id":"2dcee59a-8d6c-43c5-9eb1-722f3c011f68-10560","trial_id":5,"param_name":"ff_dim","param_value_internal":102.0,"distribution":"{\"name\": \"IntDistribution\", \"attributes\": {\"log\": false, \"step\": 1, \"low\": 64, \"high\": 128}}"}
{"op_code":5,"worker_id":"2dcee59a-8d6c-43c5-9eb1-722f3c011f68-10560","trial_id":5,"param_name":"dropout1","param_value_internal":0.06725264236234643,"distribution":"{\"name\": \"FloatDistribution\", \"attributes\": {\"step\": null, \"low\": 0.0, \"high\": 0.2, \"log\": false}}"}
{"op_code":5,"worker_id":"2dcee59a-8d6c-43c5-9eb1-722f3c011f68-10560","trial_id":5,"param_name":"dropout2","param_value_internal":0.022375660913954556,"distribution":"{\"name\": \"FloatDistribution\", \"attributes\": {\"step\": null, \"low\": 0.0, \"high\": 0.2, \"log\": false}}"}
{"op_code":5,"worker_id":"2dcee59a-8d6c-43c5-9eb1-722f3c011f68-10560","trial_id":5,"param_name":"window_time","param_value_internal":14.0,"distribution":"{\"name\": \"IntDistribution\", \"attributes\": {\"log\": false, \"step\": 1, \"low\": 10, \"high\": 30}}"}
{"op_code":5,"worker_id":"2dcee59a-8d6c-43c5-9eb1-722f3c011f68-10560","trial_id":5,"param_name":"horizon_time","param_value_internal":2.0,"distribution":"{\"name\": \"IntDistribution\", \"attributes\": {\"log\": false, \"step\": 1, \"low\": 2, \"high\": 5}}"}
{"op_code":5,"worker_id":"2dcee59a-8d6c-43c5-9eb1-722f3c011f68-10560","trial_id":5,"param_name":"dense_units","param_value_internal":23.0,"distribution":"{\"name\": \"IntDistribution\", \"attributes\": {\"log\": false, \"step\": 1, \"low\": 16, \"high\": 48}}"}
{"op_code":5,"worker_id":"2dcee59a-8d6c-43c5-9eb1-722f3c011f68-10560","trial_id":5,"param_name":"activation","param_value_internal":1,"distribution":"{\"name\": \"CategoricalDistribution\", \"attributes\": {\"choices\": [\"relu\", \"tanh\"]}}"}
{"op_code":5,"worker_id":"2dcee59a-8d6c-43c5-9eb1-722f3c011f68-10560","trial_id":5,"param_name":"optimizer","param_value_internal":0,"distribution":"{\"name\": \"CategoricalDistribution\", \"attributes\": {\"choices\": [\"adam\"]}}"}
{"op_code":5,"worker_id":"2dcee59a-8d6c-43c5-9eb1-722f3c011f68-10560","trial_id":5,"param_name":"learning_rate","param_value_internal":0.00017093278722222816,"distribution":"{\"name\": \"FloatDistribution\", \"attributes\": {\"step\": null, \"low\": 0.0001, \"high\": 0.0005, \"log\": false}}"}
{"op_code":5,"worker_id":"2dcee59a-8d6c-43c5-9eb1-722f3c011f68-10560","trial_id":5,"param_name":"batch_size","param_value_internal":0,"distribution":"{\"name\": \"CategoricalDistribution\", \"attributes\": {\"choices\": [32, 64]}}"}
{"op_code":6,"worker_id":"102c445a-b6fe-4915-880c-43865f52db56-18760","trial_id":2,"state":3,"values":null,"datetime_complete":"2026-01-30T12:00:32.137653"}
{"op_code":5,"worker_id":"2dcee59a-8d6c-43c5-9eb1-722f3c011f68-10560","trial_id":5,"param_name":"epochs","param_value_internal":28.0,"distribution":"{\"name\": \"IntDistribution\", \"attributes\": {\"log\": false, \"step\": 1, \"low\": 10, \"high\": 30}}"}
{"op_code":6,"worker_id":"2dcee59a-8d6c-43c5-9eb1-722f3c011f68-10560","trial_id":5,"state":3,"values":null,"datetime_complete":"2026-01-30T12:00:33.303652"}
{"op_code":5,"worker_id":"c3ac6273-8336-4c74-9ea6-d1eb7638c670-17448","trial_id":6,"param_name":"num_heads","param_value_internal":4.0,"distribution":"{\"name\": \"IntDistribution\", \"attributes\": {\"log\": false, \"step\": 1, \"low\": 2, \"high\": 4}}"}
{"op_code":5,"worker_id":"c3ac6273-8336-4c74-9ea6-d1eb7638c670-17448","trial_id":6,"param_name":"ff_dim","param_value_internal":66.0,"distribution":"{\"name\": \"IntDistribution\", \"attributes\": {\"log\": false, \"step\": 1, \"low\": 64, \"high\": 128}}"}
{"op_code":5,"worker_id":"c3ac6273-8336-4c74-9ea6-d1eb7638c670-17448","trial_id":6,"param_name":"dropout1","param_value_internal":0.19148053703384915,"distribution":"{\"name\": \"FloatDistribution\", \"attributes\": {\"step\": null, \"low\": 0.0, \"high\": 0.2, \"log\": false}}"}
{"op_code":5,"worker_id":"c3ac6273-8336-4c74-9ea6-d1eb7638c670-17448","trial_id":6,"param_name":"dropout2","param_value_internal":0.022748621114317347,"distribution":"{\"name\": \"FloatDistribution\", \"attributes\": {\"step\": null, \"low\": 0.0, \"high\": 0.2, \"log\": false}}"}
{"op_code":5,"worker_id":"c3ac6273-8336-4c74-9ea6-d1eb7638c670-17448","trial_id":6,"param_name":"window_time","param_value_internal":15.0,"distribution":"{\"name\": \"IntDistribution\", \"attributes\": {\"log\": false, \"step\": 1, \"low\": 10, \"high\": 30}}"}
{"op_code":5,"worker_id":"c3ac6273-8336-4c74-9ea6-d1eb7638c670-17448","trial_id":6,"param_name":"horizon_time","param_value_internal":4.0,"distribution":"{\"name\": \"IntDistribution\", \"attributes\": {\"log\": false, \"step\": 1, \"low\": 2, \"high\": 5}}"}
{"op_code":5,"worker_id":"c3ac6273-8336-4c74-9ea6-d1eb7638c670-17448","trial_id":6,"param_name":"dense_units","param_value_internal":37.0,"distribution":"{\"name\": \"IntDistribution\", \"attributes\": {\"log\": false, \"step\": 1, \"low\": 16, \"high\": 48}}"}
{"op_code":5,"worker_id":"c3ac6273-8336-4c74-9ea6-d1eb7638c670-17448","trial_id":6,"param_name":"activation","param_value_internal":0,"distribution":"{\"name\": \"CategoricalDistribution\", \"attributes\": {\"choices\": [\"relu\", \"tanh\"]}}"}
{"op_code":5,"worker_id":"c3ac6273-8336-4c74-9ea6-d1eb7638c670-17448","trial_id":6,"param_name":"optimizer","param_value_internal":0,"distribution":"{\"name\": \"CategoricalDistribution\", \"attributes\": {\"choices\": [\"adam\"]}}"}
{"op_code":5,"worker_id":"c3ac6273-8336-4c74-9ea6-d1eb7638c670-17448","trial_id":6,"param_name":"learning_rate","param_value_internal":0.0002060448181595868,"distribution":"{\"name\": \"FloatDistribution\", \"attributes\": {\"step\": null, \"low\": 0.0001, \"high\": 0.0005, \"log\": false}}"}
{"op_code":5,"worker_id":"c3ac6273-8336-4c74-9ea6-d1eb7638c670-17448","trial_id":6,"param_name":"batch_size","param_value_internal":1,"distribution":"{\"name\": \"CategoricalDistribution\", \"attributes\": {\"choices\": [32, 64]}}"}
{"op_code":5,"worker_id":"c3ac6273-8336-4c74-9ea6-d1eb7638c670-17448","trial_id":6,"param_name":"epochs","param_value_internal":13.0,"distribution":"{\"name\": \"IntDistribution\", \"attributes\": {\"log\": false, \"step\": 1, \"low\": 10, \"high\": 30}}"}
{"op_code":6,"worker_id":"c3ac6273-8336-4c74-9ea6-d1eb7638c670-17448","trial_id":6,"state":3,"values":null,"datetime_complete":"2026-01-30T12:00:43.731652"}
{"op_code":6,"worker_id":"2e46ff1d-1d57-4517-91ac-306d2c799fd8-18936","trial_id":3,"state":3,"values":null,"datetime_complete":"2026-01-30T12:01:03.142653"}
