{"op_code":0,"worker_id":"dd442200-077c-4dc8-828e-edc188d94534-19868","study_name":"expected_goals","directions":[1]}
{"op_code":4,"worker_id":"dd442200-077c-4dc8-828e-edc188d94534-19868","study_id":0,"datetime_start":"2026-01-30T11:25:14.329079"}
{"op_code":5,"worker_id":"dd442200-077c-4dc8-828e-edc188d94534-19868","trial_id":0,"param_name":"model_type","param_value_internal":1,"distribution":"{\"name\": \"CategoricalDistribution\", \"attributes\": {\"choices\": [\"LSTM\", \"GRU\"]}}"}
{"op_code":5,"worker_id":"dd442200-077c-4dc8-828e-edc188d94534-19868","trial_id":0,"param_name":"num_heads","param_value_internal":2.0,"distribution":"{\"name\": \"IntDistribution\", \"attributes\": {\"log\": false, \"step\": 1, \"low\": 2, \"high\": 8}}"}
{"op_code":5,"worker_id":"dd442200-077c-4dc8-828e-edc188d94534-19868","trial_id":0,"param_name":"ff_dim","param_value_internal":147.0,"distribution":"{\"name\": \"IntDistribution\", \"attributes\": {\"log\": false, \"step\": 1, \"low\": 64, \"high\": 256}}"}
{"op_code":5,"worker_id":"dd442200-077c-4dc8-828e-edc188d94534-19868","trial_id":0,"param_name":"window_time","param_value_internal":28.0,"distribution":"{\"name\": \"IntDistribution\", \"attributes\": {\"log\": false, \"step\": 1, \"low\": 15, \"high\": 60}}"}
{"op_code":5,"worker_id":"dd442200-077c-4dc8-828e-edc188d94534-19868","trial_id":0,"param_name":"horizon_time","param_value_internal":5.0,"distribution":"{\"name\": \"IntDistribution\", \"attributes\": {\"log\": false, \"step\": 1, \"low\": 3, \"high\": 8}}"}
{"op_code":5,"worker_id":"dd442200-077c-4dc8-828e-edc188d94534-19868","trial_id":0,"param_name":"units1","param_value_internal":96.0,"distribution":"{\"name\": \"IntDistribution\", \"attributes\": {\"log\": false, \"step\": 1, \"low\": 50, \"high\": 100}}"}
{"op_code":5,"worker_id":"dd442200-077c-4dc8-828e-edc188d94534-19868","trial_id":0,"param_name":"dropout1","param_value_internal":0.4482841011935711,"distribution":"{\"name\": \"FloatDistribution\", \"attributes\": {\"step\": null, \"low\": 0.2, \"high\": 0.5, \"log\": false}}"}
{"op_code":5,"worker_id":"dd442200-077c-4dc8-828e-edc188d94534-19868","trial_id":0,"param_name":"rec_dropout1","param_value_internal":0.14234372230467607,"distribution":"{\"name\": \"FloatDistribution\", \"attributes\": {\"step\": null, \"low\": 0.0, \"high\": 0.5, \"log\": false}}"}
{"op_code":5,"worker_id":"dd442200-077c-4dc8-828e-edc188d94534-19868","trial_id":0,"param_name":"units2","param_value_internal":38.0,"distribution":"{\"name\": \"IntDistribution\", \"attributes\": {\"log\": false, \"step\": 1, \"low\": 20, \"high\": 50}}"}
{"op_code":5,"worker_id":"dd442200-077c-4dc8-828e-edc188d94534-19868","trial_id":0,"param_name":"dropout2","param_value_internal":0.390022498549243,"distribution":"{\"name\": \"FloatDistribution\", \"attributes\": {\"step\": null, \"low\": 0.2, \"high\": 0.5, \"log\": false}}"}
{"op_code":5,"worker_id":"dd442200-077c-4dc8-828e-edc188d94534-19868","trial_id":0,"param_name":"rec_dropout2","param_value_internal":0.468725984917322,"distribution":"{\"name\": \"FloatDistribution\", \"attributes\": {\"step\": null, \"low\": 0.0, \"high\": 0.5, \"log\": false}}"}
{"op_code":5,"worker_id":"dd442200-077c-4dc8-828e-edc188d94534-19868","trial_id":0,"param_name":"dense_units","param_value_internal":22.0,"distribution":"{\"name\": \"IntDistribution\", \"attributes\": {\"log\": false, \"step\": 1, \"low\": 16, \"high\": 48}}"}
{"op_code":5,"worker_id":"dd442200-077c-4dc8-828e-edc188d94534-19868","trial_id":0,"param_name":"activation","param_value_internal":0,"distribution":"{\"name\": \"CategoricalDistribution\", \"attributes\": {\"choices\": [\"relu\", \"tanh\", \"elu\"]}}"}
{"op_code":5,"worker_id":"dd442200-077c-4dc8-828e-edc188d94534-19868","trial_id":0,"param_name":"optimizer","param_value_internal":1,"distribution":"{\"name\": \"CategoricalDistribution\", \"attributes\": {\"choices\": [\"adam\", \"rmsprop\"]}}"}
{"op_code":5,"worker_id":"dd442200-077c-4dc8-828e-edc188d94534-19868","trial_id":0,"param_name":"learning_rate","param_value_internal":0.0007140204378874432,"distribution":"{\"name\": \"FloatDistribution\", \"attributes\": {\"step\": null, \"low\": 0.0001, \"high\": 0.001, \"log\": false}}"}
{"op_code":5,"worker_id":"dd442200-077c-4dc8-828e-edc188d94534-19868","trial_id":0,"param_name":"batch_size","param_value_internal":2,"distribution":"{\"name\": \"CategoricalDistribution\", \"attributes\": {\"choices\": [32, 64, 128]}}"}
{"op_code":5,"worker_id":"dd442200-077c-4dc8-828e-edc188d94534-19868","trial_id":0,"param_name":"epochs","param_value_internal":31.0,"distribution":"{\"name\": \"IntDistribution\", \"attributes\": {\"log\": false, \"step\": 1, \"low\": 20, \"high\": 60}}"}
{"op_code":0,"worker_id":"f6b48f67-1fb2-4f76-80e4-f6c45cdb29f2-19600","study_name":"expected_goals","directions":[1]}
{"op_code":4,"worker_id":"f6b48f67-1fb2-4f76-80e4-f6c45cdb29f2-19600","study_id":0,"datetime_start":"2026-01-30T11:25:20.554653"}
{"op_code":5,"worker_id":"f6b48f67-1fb2-4f76-80e4-f6c45cdb29f2-19600","trial_id":1,"param_name":"model_type","param_value_internal":1,"distribution":"{\"name\": \"CategoricalDistribution\", \"attributes\": {\"choices\": [\"LSTM\", \"GRU\"]}}"}
{"op_code":5,"worker_id":"f6b48f67-1fb2-4f76-80e4-f6c45cdb29f2-19600","trial_id":1,"param_name":"num_heads","param_value_internal":7.0,"distribution":"{\"name\": \"IntDistribution\", \"attributes\": {\"log\": false, \"step\": 1, \"low\": 2, \"high\": 8}}"}
{"op_code":5,"worker_id":"f6b48f67-1fb2-4f76-80e4-f6c45cdb29f2-19600","trial_id":1,"param_name":"ff_dim","param_value_internal":195.0,"distribution":"{\"name\": \"IntDistribution\", \"attributes\": {\"log\": false, \"step\": 1, \"low\": 64, \"high\": 256}}"}
{"op_code":5,"worker_id":"f6b48f67-1fb2-4f76-80e4-f6c45cdb29f2-19600","trial_id":1,"param_name":"window_time","param_value_internal":22.0,"distribution":"{\"name\": \"IntDistribution\", \"attributes\": {\"log\": false, \"step\": 1, \"low\": 15, \"high\": 60}}"}
{"op_code":5,"worker_id":"f6b48f67-1fb2-4f76-80e4-f6c45cdb29f2-19600","trial_id":1,"param_name":"horizon_time","param_value_internal":7.0,"distribution":"{\"name\": \"IntDistribution\", \"attributes\": {\"log\": false, \"step\": 1, \"low\": 3, \"high\": 8}}"}
{"op_code":5,"worker_id":"f6b48f67-1fb2-4f76-80e4-f6c45cdb29f2-19600","trial_id":1,"param_name":"units1","param_value_internal":70.0,"distribution":"{\"name\": \"IntDistribution\", \"attributes\": {\"log\": false, \"step\": 1, \"low\": 50, \"high\": 100}}"}
{"op_code":5,"worker_id":"f6b48f67-1fb2-4f76-80e4-f6c45cdb29f2-19600","trial_id":1,"param_name":"dropout1","param_value_internal":0.4105028351311787,"distribution":"{\"name\": \"FloatDistribution\", \"attributes\": {\"step\": null, \"low\": 0.2, \"high\": 0.5, \"log\": false}}"}
{"op_code":5,"worker_id":"f6b48f67-1fb2-4f76-80e4-f6c45cdb29f2-19600","trial_id":1,"param_name":"rec_dropout1","param_value_internal":0.1968741132634702,"distribution":"{\"name\": \"FloatDistribution\", \"attributes\": {\"step\": null, \"low\": 0.0, \"high\": 0.5, \"log\": false}}"}
{"op_code":5,"worker_id":"f6b48f67-1fb2-4f76-80e4-f6c45cdb29f2-19600","trial_id":1,"param_name":"units2","param_value_internal":25.0,"distribution":"{\"name\": \"IntDistribution\", \"attributes\": {\"log\": false, \"step\": 1, \"low\": 20, \"high\": 50}}"}
{"op_code":5,"worker_id":"f6b48f67-1fb2-4f76-80e4-f6c45cdb29f2-19600","trial_id":1,"param_name":"dropout2","param_value_internal":0.22964529883408769,"distribution":"{\"name\": \"FloatDistribution\", \"attributes\": {\"step\": null, \"low\": 0.2, \"high\": 0.5, \"log\": false}}"}
{"op_code":5,"worker_id":"f6b48f67-1fb2-4f76-80e4-f6c45cdb29f2-19600","trial_id":1,"param_name":"rec_dropout2","param_value_internal":0.23935322047971114,"distribution":"{\"name\": \"FloatDistribution\", \"attributes\": {\"step\": null, \"low\": 0.0, \"high\": 0.5, \"log\": false}}"}
{"op_code":5,"worker_id":"f6b48f67-1fb2-4f76-80e4-f6c45cdb29f2-19600","trial_id":1,"param_name":"dense_units","param_value_internal":36.0,"distribution":"{\"name\": \"IntDistribution\", \"attributes\": {\"log\": false, \"step\": 1, \"low\": 16, \"high\": 48}}"}
{"op_code":5,"worker_id":"f6b48f67-1fb2-4f76-80e4-f6c45cdb29f2-19600","trial_id":1,"param_name":"activation","param_value_internal":0,"distribution":"{\"name\": \"CategoricalDistribution\", \"attributes\": {\"choices\": [\"relu\", \"tanh\", \"elu\"]}}"}
{"op_code":5,"worker_id":"f6b48f67-1fb2-4f76-80e4-f6c45cdb29f2-19600","trial_id":1,"param_name":"optimizer","param_value_internal":0,"distribution":"{\"name\": \"CategoricalDistribution\", \"attributes\": {\"choices\": [\"adam\", \"rmsprop\"]}}"}
{"op_code":5,"worker_id":"f6b48f67-1fb2-4f76-80e4-f6c45cdb29f2-19600","trial_id":1,"param_name":"learning_rate","param_value_internal":0.0009413343081617295,"distribution":"{\"name\": \"FloatDistribution\", \"attributes\": {\"step\": null, \"low\": 0.0001, \"high\": 0.001, \"log\": false}}"}
{"op_code":5,"worker_id":"f6b48f67-1fb2-4f76-80e4-f6c45cdb29f2-19600","trial_id":1,"param_name":"batch_size","param_value_internal":0,"distribution":"{\"name\": \"CategoricalDistribution\", \"attributes\": {\"choices\": [32, 64, 128]}}"}
{"op_code":5,"worker_id":"f6b48f67-1fb2-4f76-80e4-f6c45cdb29f2-19600","trial_id":1,"param_name":"epochs","param_value_internal":27.0,"distribution":"{\"name\": \"IntDistribution\", \"attributes\": {\"log\": false, \"step\": 1, \"low\": 20, \"high\": 60}}"}
{"op_code":0,"worker_id":"95f75442-e333-41f4-a3cb-8b0204895d0e-11316","study_name":"expected_goals","directions":[1]}
{"op_code":4,"worker_id":"95f75442-e333-41f4-a3cb-8b0204895d0e-11316","study_id":0,"datetime_start":"2026-01-30T11:25:29.016052"}
{"op_code":5,"worker_id":"95f75442-e333-41f4-a3cb-8b0204895d0e-11316","trial_id":2,"param_name":"model_type","param_value_internal":0,"distribution":"{\"name\": \"CategoricalDistribution\", \"attributes\": {\"choices\": [\"LSTM\", \"GRU\"]}}"}
{"op_code":5,"worker_id":"95f75442-e333-41f4-a3cb-8b0204895d0e-11316","trial_id":2,"param_name":"num_heads","param_value_internal":5.0,"distribution":"{\"name\": \"IntDistribution\", \"attributes\": {\"log\": false, \"step\": 1, \"low\": 2, \"high\": 8}}"}
{"op_code":5,"worker_id":"95f75442-e333-41f4-a3cb-8b0204895d0e-11316","trial_id":2,"param_name":"ff_dim","param_value_internal":124.0,"distribution":"{\"name\": \"IntDistribution\", \"attributes\": {\"log\": false, \"step\": 1, \"low\": 64, \"high\": 256}}"}
{"op_code":5,"worker_id":"95f75442-e333-41f4-a3cb-8b0204895d0e-11316","trial_id":2,"param_name":"window_time","param_value_internal":47.0,"distribution":"{\"name\": \"IntDistribution\", \"attributes\": {\"log\": false, \"step\": 1, \"low\": 15, \"high\": 60}}"}
{"op_code":5,"worker_id":"95f75442-e333-41f4-a3cb-8b0204895d0e-11316","trial_id":2,"param_name":"horizon_time","param_value_internal":7.0,"distribution":"{\"name\": \"IntDistribution\", \"attributes\": {\"log\": false, \"step\": 1, \"low\": 3, \"high\": 8}}"}
{"op_code":5,"worker_id":"95f75442-e333-41f4-a3cb-8b0204895d0e-11316","trial_id":2,"param_name":"units1","param_value_internal":63.0,"distribution":"{\"name\": \"IntDistribution\", \"attributes\": {\"log\": false, \"step\": 1, \"low\": 50, \"high\": 100}}"}
{"op_code":5,"worker_id":"95f75442-e333-41f4-a3cb-8b0204895d0e-11316","trial_id":2,"param_name":"dropout1","param_value_internal":0.21944047215610674,"distribution":"{\"name\": \"FloatDistribution\", \"attributes\": {\"step\": null, \"low\": 0.2, \"high\": 0.5, \"log\": false}}"}
{"op_code":5,"worker_id":"95f75442-e333-41f4-a3cb-8b0204895d0e-11316","trial_id":2,"param_name":"rec_dropout1","param_value_internal":0.34182576379214014,"distribution":"{\"name\": \"FloatDistribution\", \"attributes\": {\"step\": null, \"low\": 0.0, \"high\": 0.5, \"log\": false}}"}
{"op_code":5,"worker_id":"95f75442-e333-41f4-a3cb-8b0204895d0e-11316","trial_id":2,"param_name":"units2","param_value_internal":47.0,"distribution":"{\"name\": \"IntDistribution\", \"attributes\": {\"log\": false, \"step\": 1, \"low\": 20, \"high\": 50}}"}
{"op_code":5,"worker_id":"95f75442-e333-41f4-a3cb-8b0204895d0e-11316","trial_id":2,"param_name":"dropout2","param_value_internal":0.39561800218414267,"distribution":"{\"name\": \"FloatDistribution\", \"attributes\": {\"step\": null, \"low\": 0.2, \"high\": 0.5, \"log\": false}}"}
{"op_code":5,"worker_id":"95f75442-e333-41f4-a3cb-8b0204895d0e-11316","trial_id":2,"param_name":"rec_dropout2","param_value_internal":0.31423115659087997,"distribution":"{\"name\": \"FloatDistribution\", \"attributes\": {\"step\": null, \"low\": 0.0, \"high\": 0.5, \"log\": false}}"}
{"op_code":5,"worker_id":"95f75442-e333-41f4-a3cb-8b0204895d0e-11316","trial_id":2,"param_name":"dense_units","param_value_internal":46.0,"distribution":"{\"name\": \"IntDistribution\", \"attributes\": {\"log\": false, \"step\": 1, \"low\": 16, \"high\": 48}}"}
{"op_code":5,"worker_id":"95f75442-e333-41f4-a3cb-8b0204895d0e-11316","trial_id":2,"param_name":"activation","param_value_internal":1,"distribution":"{\"name\": \"CategoricalDistribution\", \"attributes\": {\"choices\": [\"relu\", \"tanh\", \"elu\"]}}"}
{"op_code":5,"worker_id":"95f75442-e333-41f4-a3cb-8b0204895d0e-11316","trial_id":2,"param_name":"optimizer","param_value_internal":1,"distribution":"{\"name\": \"CategoricalDistribution\", \"attributes\": {\"choices\": [\"adam\", \"rmsprop\"]}}"}
{"op_code":5,"worker_id":"95f75442-e333-41f4-a3cb-8b0204895d0e-11316","trial_id":2,"param_name":"learning_rate","param_value_internal":0.00014442260185412668,"distribution":"{\"name\": \"FloatDistribution\", \"attributes\": {\"step\": null, \"low\": 0.0001, \"high\": 0.001, \"log\": false}}"}
{"op_code":5,"worker_id":"95f75442-e333-41f4-a3cb-8b0204895d0e-11316","trial_id":2,"param_name":"batch_size","param_value_internal":2,"distribution":"{\"name\": \"CategoricalDistribution\", \"attributes\": {\"choices\": [32, 64, 128]}}"}
{"op_code":5,"worker_id":"95f75442-e333-41f4-a3cb-8b0204895d0e-11316","trial_id":2,"param_name":"epochs","param_value_internal":53.0,"distribution":"{\"name\": \"IntDistribution\", \"attributes\": {\"log\": false, \"step\": 1, \"low\": 20, \"high\": 60}}"}
{"op_code":0,"worker_id":"f894b56d-2445-4733-a492-2fc705810bbe-4712","study_name":"expected_goals","directions":[1]}
{"op_code":4,"worker_id":"f894b56d-2445-4733-a492-2fc705810bbe-4712","study_id":0,"datetime_start":"2026-01-30T11:25:41.182667"}
{"op_code":5,"worker_id":"f894b56d-2445-4733-a492-2fc705810bbe-4712","trial_id":3,"param_name":"model_type","param_value_internal":0,"distribution":"{\"name\": \"CategoricalDistribution\", \"attributes\": {\"choices\": [\"LSTM\", \"GRU\"]}}"}
{"op_code":5,"worker_id":"f894b56d-2445-4733-a492-2fc705810bbe-4712","trial_id":3,"param_name":"num_heads","param_value_internal":2.0,"distribution":"{\"name\": \"IntDistribution\", \"attributes\": {\"log\": false, \"step\": 1, \"low\": 2, \"high\": 8}}"}
{"op_code":5,"worker_id":"f894b56d-2445-4733-a492-2fc705810bbe-4712","trial_id":3,"param_name":"ff_dim","param_value_internal":113.0,"distribution":"{\"name\": \"IntDistribution\", \"attributes\": {\"log\": false, \"step\": 1, \"low\": 64, \"high\": 256}}"}
{"op_code":5,"worker_id":"f894b56d-2445-4733-a492-2fc705810bbe-4712","trial_id":3,"param_name":"window_time","param_value_internal":51.0,"distribution":"{\"name\": \"IntDistribution\", \"attributes\": {\"log\": false, \"step\": 1, \"low\": 15, \"high\": 60}}"}
{"op_code":5,"worker_id":"f894b56d-2445-4733-a492-2fc705810bbe-4712","trial_id":3,"param_name":"horizon_time","param_value_internal":4.0,"distribution":"{\"name\": \"IntDistribution\", \"attributes\": {\"log\": false, \"step\": 1, \"low\": 3, \"high\": 8}}"}
{"op_code":5,"worker_id":"f894b56d-2445-4733-a492-2fc705810bbe-4712","trial_id":3,"param_name":"units1","param_value_internal":81.0,"distribution":"{\"name\": \"IntDistribution\", \"attributes\": {\"log\": false, \"step\": 1, \"low\": 50, \"high\": 100}}"}
{"op_code":5,"worker_id":"f894b56d-2445-4733-a492-2fc705810bbe-4712","trial_id":3,"param_name":"dropout1","param_value_internal":0.4349543743178713,"distribution":"{\"name\": \"FloatDistribution\", \"attributes\": {\"step\": null, \"low\": 0.2, \"high\": 0.5, \"log\": false}}"}
{"op_code":5,"worker_id":"f894b56d-2445-4733-a492-2fc705810bbe-4712","trial_id":3,"param_name":"rec_dropout1","param_value_internal":0.0841903416256411,"distribution":"{\"name\": \"FloatDistribution\", \"attributes\": {\"step\": null, \"low\": 0.0, \"high\": 0.5, \"log\": false}}"}
{"op_code":5,"worker_id":"f894b56d-2445-4733-a492-2fc705810bbe-4712","trial_id":3,"param_name":"units2","param_value_internal":21.0,"distribution":"{\"name\": \"IntDistribution\", \"attributes\": {\"log\": false, \"step\": 1, \"low\": 20, \"high\": 50}}"}
{"op_code":5,"worker_id":"f894b56d-2445-4733-a492-2fc705810bbe-4712","trial_id":3,"param_name":"dropout2","param_value_internal":0.26831000340084676,"distribution":"{\"name\": \"FloatDistribution\", \"attributes\": {\"step\": null, \"low\": 0.2, \"high\": 0.5, \"log\": false}}"}
{"op_code":5,"worker_id":"f894b56d-2445-4733-a492-2fc705810bbe-4712","trial_id":3,"param_name":"rec_dropout2","param_value_internal":0.47792652244330397,"distribution":"{\"name\": \"FloatDistribution\", \"attributes\": {\"step\": null, \"low\": 0.0, \"high\": 0.5, \"log\": false}}"}
{"op_code":5,"worker_id":"f894b56d-2445-4733-a492-2fc705810bbe-4712","trial_id":3,"param_name":"dense_units","param_value_internal":44.0,"distribution":"{\"name\": \"IntDistribution\", \"attributes\": {\"log\": false, \"step\": 1, \"low\": 16, \"high\": 48}}"}
{"op_code":5,"worker_id":"f894b56d-2445-4733-a492-2fc705810bbe-4712","trial_id":3,"param_name":"activation","param_value_internal":0,"distribution":"{\"name\": \"CategoricalDistribution\", \"attributes\": {\"choices\": [\"relu\", \"tanh\", \"elu\"]}}"}
{"op_code":5,"worker_id":"f894b56d-2445-4733-a492-2fc705810bbe-4712","trial_id":3,"param_name":"optimizer","param_value_internal":0,"distribution":"{\"name\": \"CategoricalDistribution\", \"attributes\": {\"choices\": [\"adam\", \"rmsprop\"]}}"}
{"op_code":5,"worker_id":"f894b56d-2445-4733-a492-2fc705810bbe-4712","trial_id":3,"param_name":"learning_rate","param_value_internal":0.0009217666631582223,"distribution":"{\"name\": \"FloatDistribution\", \"attributes\": {\"step\": null, \"low\": 0.0001, \"high\": 0.001, \"log\": false}}"}
{"op_code":5,"worker_id":"f894b56d-2445-4733-a492-2fc705810bbe-4712","trial_id":3,"param_name":"batch_size","param_value_internal":0,"distribution":"{\"name\": \"CategoricalDistribution\", \"attributes\": {\"choices\": [32, 64, 128]}}"}
{"op_code":5,"worker_id":"f894b56d-2445-4733-a492-2fc705810bbe-4712","trial_id":3,"param_name":"epochs","param_value_internal":23.0,"distribution":"{\"name\": \"IntDistribution\", \"attributes\": {\"log\": false, \"step\": 1, \"low\": 20, \"high\": 60}}"}
{"op_code":0,"worker_id":"0db62421-2256-4dcf-9f82-545c71c79f15-20908","study_name":"expected_goals","directions":[1]}
{"op_code":4,"worker_id":"0db62421-2256-4dcf-9f82-545c71c79f15-20908","study_id":0,"datetime_start":"2026-01-30T11:25:56.942992"}
{"op_code":5,"worker_id":"0db62421-2256-4dcf-9f82-545c71c79f15-20908","trial_id":4,"param_name":"model_type","param_value_internal":1,"distribution":"{\"name\": \"CategoricalDistribution\", \"attributes\": {\"choices\": [\"LSTM\", \"GRU\"]}}"}
{"op_code":5,"worker_id":"0db62421-2256-4dcf-9f82-545c71c79f15-20908","trial_id":4,"param_name":"num_heads","param_value_internal":6.0,"distribution":"{\"name\": \"IntDistribution\", \"attributes\": {\"log\": false, \"step\": 1, \"low\": 2, \"high\": 8}}"}
{"op_code":5,"worker_id":"0db62421-2256-4dcf-9f82-545c71c79f15-20908","trial_id":4,"param_name":"ff_dim","param_value_internal":154.0,"distribution":"{\"name\": \"IntDistribution\", \"attributes\": {\"log\": false, \"step\": 1, \"low\": 64, \"high\": 256}}"}
{"op_code":5,"worker_id":"0db62421-2256-4dcf-9f82-545c71c79f15-20908","trial_id":4,"param_name":"window_time","param_value_internal":19.0,"distribution":"{\"name\": \"IntDistribution\", \"attributes\": {\"log\": false, \"step\": 1, \"low\": 15, \"high\": 60}}"}
{"op_code":5,"worker_id":"0db62421-2256-4dcf-9f82-545c71c79f15-20908","trial_id":4,"param_name":"horizon_time","param_value_internal":5.0,"distribution":"{\"name\": \"IntDistribution\", \"attributes\": {\"log\": false, \"step\": 1, \"low\": 3, \"high\": 8}}"}
{"op_code":5,"worker_id":"0db62421-2256-4dcf-9f82-545c71c79f15-20908","trial_id":4,"param_name":"units1","param_value_internal":64.0,"distribution":"{\"name\": \"IntDistribution\", \"attributes\": {\"log\": false, \"step\": 1, \"low\": 50, \"high\": 100}}"}
{"op_code":5,"worker_id":"0db62421-2256-4dcf-9f82-545c71c79f15-20908","trial_id":4,"param_name":"dropout1","param_value_internal":0.24369275386160916,"distribution":"{\"name\": \"FloatDistribution\", \"attributes\": {\"step\": null, \"low\": 0.2, \"high\": 0.5, \"log\": false}}"}
{"op_code":5,"worker_id":"0db62421-2256-4dcf-9f82-545c71c79f15-20908","trial_id":4,"param_name":"rec_dropout1","param_value_internal":0.13118077246128096,"distribution":"{\"name\": \"FloatDistribution\", \"attributes\": {\"step\": null, \"low\": 0.0, \"high\": 0.5, \"log\": false}}"}
{"op_code":5,"worker_id":"0db62421-2256-4dcf-9f82-545c71c79f15-20908","trial_id":4,"param_name":"units2","param_value_internal":27.0,"distribution":"{\"name\": \"IntDistribution\", \"attributes\": {\"log\": false, \"step\": 1, \"low\": 20, \"high\": 50}}"}
{"op_code":5,"worker_id":"0db62421-2256-4dcf-9f82-545c71c79f15-20908","trial_id":4,"param_name":"dropout2","param_value_internal":0.20762727292913455,"distribution":"{\"name\": \"FloatDistribution\", \"attributes\": {\"step\": null, \"low\": 0.2, \"high\": 0.5, \"log\": false}}"}
{"op_code":5,"worker_id":"0db62421-2256-4dcf-9f82-545c71c79f15-20908","trial_id":4,"param_name":"rec_dropout2","param_value_internal":0.29929187964377313,"distribution":"{\"name\": \"FloatDistribution\", \"attributes\": {\"step\": null, \"low\": 0.0, \"high\": 0.5, \"log\": false}}"}
{"op_code":5,"worker_id":"0db62421-2256-4dcf-9f82-545c71c79f15-20908","trial_id":4,"param_name":"dense_units","param_value_internal":28.0,"distribution":"{\"name\": \"IntDistribution\", \"attributes\": {\"log\": false, \"step\": 1, \"low\": 16, \"high\": 48}}"}
{"op_code":5,"worker_id":"0db62421-2256-4dcf-9f82-545c71c79f15-20908","trial_id":4,"param_name":"activation","param_value_internal":1,"distribution":"{\"name\": \"CategoricalDistribution\", \"attributes\": {\"choices\": [\"relu\", \"tanh\", \"elu\"]}}"}
{"op_code":5,"worker_id":"0db62421-2256-4dcf-9f82-545c71c79f15-20908","trial_id":4,"param_name":"optimizer","param_value_internal":1,"distribution":"{\"name\": \"CategoricalDistribution\", \"attributes\": {\"choices\": [\"adam\", \"rmsprop\"]}}"}
{"op_code":5,"worker_id":"0db62421-2256-4dcf-9f82-545c71c79f15-20908","trial_id":4,"param_name":"learning_rate","param_value_internal":0.0006527019993180675,"distribution":"{\"name\": \"FloatDistribution\", \"attributes\": {\"step\": null, \"low\": 0.0001, \"high\": 0.001, \"log\": false}}"}
{"op_code":5,"worker_id":"0db62421-2256-4dcf-9f82-545c71c79f15-20908","trial_id":4,"param_name":"batch_size","param_value_internal":0,"distribution":"{\"name\": \"CategoricalDistribution\", \"attributes\": {\"choices\": [32, 64, 128]}}"}
{"op_code":5,"worker_id":"0db62421-2256-4dcf-9f82-545c71c79f15-20908","trial_id":4,"param_name":"epochs","param_value_internal":50.0,"distribution":"{\"name\": \"IntDistribution\", \"attributes\": {\"log\": false, \"step\": 1, \"low\": 20, \"high\": 60}}"}
{"op_code":0,"worker_id":"6eeb15d3-a925-4fc0-bd66-08e192641eec-22132","study_name":"expected_goals","directions":[1]}
{"op_code":4,"worker_id":"6eeb15d3-a925-4fc0-bd66-08e192641eec-22132","study_id":0,"datetime_start":"2026-01-30T11:26:43.129211"}
{"op_code":5,"worker_id":"6eeb15d3-a925-4fc0-bd66-08e192641eec-22132","trial_id":5,"param_name":"model_type","param_value_internal":0,"distribution":"{\"name\": \"CategoricalDistribution\", \"attributes\": {\"choices\": [\"LSTM\", \"GRU\"]}}"}
{"op_code":5,"worker_id":"6eeb15d3-a925-4fc0-bd66-08e192641eec-22132","trial_id":5,"param_name":"num_heads","param_value_internal":8.0,"distribution":"{\"name\": \"IntDistribution\", \"attributes\": {\"log\": false, \"step\": 1, \"low\": 2, \"high\": 8}}"}
{"op_code":5,"worker_id":"6eeb15d3-a925-4fc0-bd66-08e192641eec-22132","trial_id":5,"param_name":"ff_dim","param_value_internal":193.0,"distribution":"{\"name\": \"IntDistribution\", \"attributes\": {\"log\": false, \"step\": 1, \"low\": 64, \"high\": 256}}"}
{"op_code":5,"worker_id":"6eeb15d3-a925-4fc0-bd66-08e192641eec-22132","trial_id":5,"param_name":"window_time","param_value_internal":54.0,"distribution":"{\"name\": \"IntDistribution\", \"attributes\": {\"log\": false, \"step\": 1, \"low\": 15, \"high\": 60}}"}
{"op_code":5,"worker_id":"6eeb15d3-a925-4fc0-bd66-08e192641eec-22132","trial_id":5,"param_name":"horizon_time","param_value_internal":7.0,"distribution":"{\"name\": \"IntDistribution\", \"attributes\": {\"log\": false, \"step\": 1, \"low\": 3, \"high\": 8}}"}
{"op_code":5,"worker_id":"6eeb15d3-a925-4fc0-bd66-08e192641eec-22132","trial_id":5,"param_name":"units1","param_value_internal":100.0,"distribution":"{\"name\": \"IntDistribution\", \"attributes\": {\"log\": false, \"step\": 1, \"low\": 50, \"high\": 100}}"}
{"op_code":5,"worker_id":"6eeb15d3-a925-4fc0-bd66-08e192641eec-22132","trial_id":5,"param_name":"dropout1","param_value_internal":0.47991481991264634,"distribution":"{\"name\": \"FloatDistribution\", \"attributes\": {\"step\": null, \"low\": 0.2, \"high\": 0.5, \"log\": false}}"}
{"op_code":5,"worker_id":"6eeb15d3-a925-4fc0-bd66-08e192641eec-22132","trial_id":5,"param_name":"rec_dropout1","param_value_internal":0.21214771800056292,"distribution":"{\"name\": \"FloatDistribution\", \"attributes\": {\"step\": null, \"low\": 0.0, \"high\": 0.5, \"log\": false}}"}
{"op_code":5,"worker_id":"6eeb15d3-a925-4fc0-bd66-08e192641eec-22132","trial_id":5,"param_name":"units2","param_value_internal":44.0,"distribution":"{\"name\": \"IntDistribution\", \"attributes\": {\"log\": false, \"step\": 1, \"low\": 20, \"high\": 50}}"}
{"op_code":5,"worker_id":"6eeb15d3-a925-4fc0-bd66-08e192641eec-22132","trial_id":5,"param_name":"dropout2","param_value_internal":0.3182519938903476,"distribution":"{\"name\": \"FloatDistribution\", \"attributes\": {\"step\": null, \"low\": 0.2, \"high\": 0.5, \"log\": false}}"}
{"op_code":5,"worker_id":"6eeb15d3-a925-4fc0-bd66-08e192641eec-22132","trial_id":5,"param_name":"rec_dropout2","param_value_internal":0.02401863603662241,"distribution":"{\"name\": \"FloatDistribution\", \"attributes\": {\"step\": null, \"low\": 0.0, \"high\": 0.5, \"log\": false}}"}
{"op_code":5,"worker_id":"6eeb15d3-a925-4fc0-bd66-08e192641eec-22132","trial_id":5,"param_name":"dense_units","param_value_internal":19.0,"distribution":"{\"name\": \"IntDistribution\", \"attributes\": {\"log\": false, \"step\": 1, \"low\": 16, \"high\": 48}}"}
{"op_code":5,"worker_id":"6eeb15d3-a925-4fc0-bd66-08e192641eec-22132","trial_id":5,"param_name":"activation","param_value_internal":2,"distribution":"{\"name\": \"CategoricalDistribution\", \"attributes\": {\"choices\": [\"relu\", \"tanh\", \"elu\"]}}"}
{"op_code":5,"worker_id":"6eeb15d3-a925-4fc0-bd66-08e192641eec-22132","trial_id":5,"param_name":"optimizer","param_value_internal":0,"distribution":"{\"name\": \"CategoricalDistribution\", \"attributes\": {\"choices\": [\"adam\", \"rmsprop\"]}}"}
{"op_code":5,"worker_id":"6eeb15d3-a925-4fc0-bd66-08e192641eec-22132","trial_id":5,"param_name":"learning_rate","param_value_internal":0.000777172329200078,"distribution":"{\"name\": \"FloatDistribution\", \"attributes\": {\"step\": null, \"low\": 0.0001, \"high\": 0.001, \"log\": false}}"}
{"op_code":5,"worker_id":"6eeb15d3-a925-4fc0-bd66-08e192641eec-22132","trial_id":5,"param_name":"batch_size","param_value_internal":0,"distribution":"{\"name\": \"CategoricalDistribution\", \"attributes\": {\"choices\": [32, 64, 128]}}"}
{"op_code":5,"worker_id":"6eeb15d3-a925-4fc0-bd66-08e192641eec-22132","trial_id":5,"param_name":"epochs","param_value_internal":21.0,"distribution":"{\"name\": \"IntDistribution\", \"attributes\": {\"log\": false, \"step\": 1, \"low\": 20, \"high\": 60}}"}
{"op_code":6,"worker_id":"f894b56d-2445-4733-a492-2fc705810bbe-4712","trial_id":3,"state":3,"values":null,"datetime_complete":"2026-01-30T11:27:39.385537"}
{"op_code":6,"worker_id":"95f75442-e333-41f4-a3cb-8b0204895d0e-11316","trial_id":2,"state":3,"values":null,"datetime_complete":"2026-01-30T11:27:40.359898"}
